job started: Thu Mar 26 08:10:10 PM EDT 2026
job id: 2597871
hostname: kn122
pwd before cd: /home/pirie03/projects/aip-medilab/pirie03/NeedleMicroSeg/scripts/slurm
pwd after cd: /home/pirie03/projects/aip-medilab/pirie03/NeedleMicroSeg
activating venv: Thu Mar 26 08:10:10 PM EDT 2026
venv activated: Thu Mar 26 08:10:10 PM EDT 2026
Run dir: runs_3d/full_frame_resize_test_2597871
Device: cuda
GPU: NVIDIA L40S
Train config: /home/pirie03/projects/aip-medilab/pirie03/NeedleMicroSeg/configs/train_3d/temporal_window_resized.yaml
Split ID: kfold_cv_fold-0
Extractor: temporal_window
Train samples: 1345 | Val samples: 354
[Epoch 1] step 1/250 | train_total_loss=1.9951
[Epoch 1] step 50/250 | train_total_loss=1.1289
[Epoch 1] step 100/250 | train_total_loss=0.5775
[Epoch 1] step 150/250 | train_total_loss=0.4538
[Epoch 1] step 200/250 | train_total_loss=0.4427
[Epoch 1] step 250/250 | train_total_loss=0.4153
[Epoch 1] time_sec=169.0 train_loss=0.6071 val_loss=0.4841 val_dice=0.7312
[Epoch 2] step 1/250 | train_total_loss=0.3159
[Epoch 2] step 50/250 | train_total_loss=0.4385
[Epoch 2] step 100/250 | train_total_loss=0.3778
[Epoch 2] step 150/250 | train_total_loss=0.3732
[Epoch 2] step 200/250 | train_total_loss=0.3852
[Epoch 2] step 250/250 | train_total_loss=0.3901
[Epoch 2] time_sec=165.6 train_loss=0.3925 val_loss=0.4208 val_dice=0.7647
[Epoch 3] step 1/250 | train_total_loss=0.4849
[Epoch 3] step 50/250 | train_total_loss=0.3463
[Epoch 3] step 100/250 | train_total_loss=0.3502
[Epoch 3] step 150/250 | train_total_loss=0.3729
[Epoch 3] step 200/250 | train_total_loss=0.3606
[Epoch 3] step 250/250 | train_total_loss=0.3342
[Epoch 3] time_sec=163.9 train_loss=0.3534 val_loss=0.4216 val_dice=0.7620
[Epoch 4] step 1/250 | train_total_loss=0.3105
[Epoch 4] step 50/250 | train_total_loss=0.3381
[Epoch 4] step 100/250 | train_total_loss=0.3230
[Epoch 4] step 150/250 | train_total_loss=0.3181
[Epoch 4] step 200/250 | train_total_loss=0.3456
[Epoch 4] step 250/250 | train_total_loss=0.3399
[Epoch 4] time_sec=166.4 train_loss=0.3328 val_loss=0.3981 val_dice=0.7737
[Epoch 5] step 1/250 | train_total_loss=0.2469
[Epoch 5] step 50/250 | train_total_loss=0.3004
[Epoch 5] step 100/250 | train_total_loss=0.2878
[Epoch 5] step 150/250 | train_total_loss=0.2950
[Epoch 5] step 200/250 | train_total_loss=0.3305
[Epoch 5] step 250/250 | train_total_loss=0.2779
[Epoch 5] time_sec=164.7 train_loss=0.2981 val_loss=0.3814 val_dice=0.7850
[Epoch 6] step 1/250 | train_total_loss=0.1664
[Epoch 6] step 50/250 | train_total_loss=0.2409
[Epoch 6] step 100/250 | train_total_loss=0.2625
[Epoch 6] step 150/250 | train_total_loss=0.2524
[Epoch 6] step 200/250 | train_total_loss=0.2866
[Epoch 6] step 250/250 | train_total_loss=0.2312
[Epoch 6] time_sec=164.5 train_loss=0.2544 val_loss=0.4336 val_dice=0.7549
[Epoch 7] step 1/250 | train_total_loss=0.2172
[Epoch 7] step 50/250 | train_total_loss=0.2209
[Epoch 7] step 100/250 | train_total_loss=0.2130
[Epoch 7] step 150/250 | train_total_loss=0.2169
[Epoch 7] step 200/250 | train_total_loss=0.2079
[Epoch 7] step 250/250 | train_total_loss=0.2076
[Epoch 7] time_sec=163.4 train_loss=0.2132 val_loss=0.3948 val_dice=0.7781
[Epoch 8] step 1/250 | train_total_loss=0.1066
[Epoch 8] step 50/250 | train_total_loss=0.2207
[Epoch 8] step 100/250 | train_total_loss=0.1946
[Epoch 8] step 150/250 | train_total_loss=0.1733
[Epoch 8] step 200/250 | train_total_loss=0.1894
[Epoch 8] step 250/250 | train_total_loss=0.1763
[Epoch 8] time_sec=164.3 train_loss=0.1904 val_loss=0.3953 val_dice=0.7804
[Epoch 9] step 1/250 | train_total_loss=0.1363
[Epoch 9] step 50/250 | train_total_loss=0.1695
[Epoch 9] step 100/250 | train_total_loss=0.1583
[Epoch 9] step 150/250 | train_total_loss=0.1780
[Epoch 9] step 200/250 | train_total_loss=0.1721
[Epoch 9] step 250/250 | train_total_loss=0.1641
[Epoch 9] time_sec=163.5 train_loss=0.1683 val_loss=0.3966 val_dice=0.7792
[Epoch 10] step 1/250 | train_total_loss=0.1051
[Epoch 10] step 50/250 | train_total_loss=0.1468
[Epoch 10] step 100/250 | train_total_loss=0.1413
[Epoch 10] step 150/250 | train_total_loss=0.1473
[Epoch 10] step 200/250 | train_total_loss=0.1489
[Epoch 10] step 250/250 | train_total_loss=0.1769
[Epoch 10] time_sec=162.2 train_loss=0.1521 val_loss=0.4121 val_dice=0.7724
[Epoch 11] step 1/250 | train_total_loss=0.1556
[Epoch 11] step 50/250 | train_total_loss=0.1376
[Epoch 11] step 100/250 | train_total_loss=0.1270
[Epoch 11] step 150/250 | train_total_loss=0.1392
[Epoch 11] step 200/250 | train_total_loss=0.1310
[Epoch 11] step 250/250 | train_total_loss=0.1411
[Epoch 11] time_sec=164.0 train_loss=0.1352 val_loss=0.4143 val_dice=0.7708
[Epoch 12] step 1/250 | train_total_loss=0.1517
[Epoch 12] step 50/250 | train_total_loss=0.1248
[Epoch 12] step 100/250 | train_total_loss=0.1224
[Epoch 12] step 150/250 | train_total_loss=0.1100
[Epoch 12] step 200/250 | train_total_loss=0.1215
[Epoch 12] step 250/250 | train_total_loss=0.1253
[Epoch 12] time_sec=164.8 train_loss=0.1209 val_loss=0.3906 val_dice=0.7879
[Epoch 13] step 1/250 | train_total_loss=0.0867
[Epoch 13] step 50/250 | train_total_loss=0.1172
[Epoch 13] step 100/250 | train_total_loss=0.1121
[Epoch 13] step 150/250 | train_total_loss=0.1015
[Epoch 13] step 200/250 | train_total_loss=0.1129
[Epoch 13] step 250/250 | train_total_loss=0.1192
[Epoch 13] time_sec=166.7 train_loss=0.1125 val_loss=0.4064 val_dice=0.7791
[Epoch 14] step 1/250 | train_total_loss=0.1415
[Epoch 14] step 50/250 | train_total_loss=0.1228
[Epoch 14] step 100/250 | train_total_loss=0.1066
[Epoch 14] step 150/250 | train_total_loss=0.0985
[Epoch 14] step 200/250 | train_total_loss=0.1031
[Epoch 14] step 250/250 | train_total_loss=0.0959
[Epoch 14] time_sec=166.1 train_loss=0.1055 val_loss=0.4030 val_dice=0.7832
[Epoch 15] step 1/250 | train_total_loss=0.0819
[Epoch 15] step 50/250 | train_total_loss=0.1068
[Epoch 15] step 100/250 | train_total_loss=0.0988
[Epoch 15] step 150/250 | train_total_loss=0.0984
[Epoch 15] step 200/250 | train_total_loss=0.0958
[Epoch 15] step 250/250 | train_total_loss=0.1133
[Epoch 15] time_sec=167.7 train_loss=0.1025 val_loss=0.4013 val_dice=0.7801
[Epoch 16] step 1/250 | train_total_loss=0.0974
[Epoch 16] step 50/250 | train_total_loss=0.0952
[Epoch 16] step 100/250 | train_total_loss=0.0958
[Epoch 16] step 150/250 | train_total_loss=0.1044
[Epoch 16] step 200/250 | train_total_loss=0.0906
[Epoch 16] step 250/250 | train_total_loss=0.0907
[Epoch 16] time_sec=165.3 train_loss=0.0954 val_loss=0.3924 val_dice=0.7885
[Epoch 17] step 1/250 | train_total_loss=0.1100
[Epoch 17] step 50/250 | train_total_loss=0.1050
[Epoch 17] step 100/250 | train_total_loss=0.0867
[Epoch 17] step 150/250 | train_total_loss=0.0906
[Epoch 17] step 200/250 | train_total_loss=0.1015
[Epoch 17] step 250/250 | train_total_loss=0.0936
[Epoch 17] time_sec=169.7 train_loss=0.0955 val_loss=0.4130 val_dice=0.7806
[Epoch 18] step 1/250 | train_total_loss=0.1666
[Epoch 18] step 50/250 | train_total_loss=0.0975
[Epoch 18] step 100/250 | train_total_loss=0.0949
[Epoch 18] step 150/250 | train_total_loss=0.0875
[Epoch 18] step 200/250 | train_total_loss=0.0884
[Epoch 18] step 250/250 | train_total_loss=0.0810
[Epoch 18] time_sec=169.7 train_loss=0.0901 val_loss=0.4030 val_dice=0.7846
[Epoch 19] step 1/250 | train_total_loss=0.0851
[Epoch 19] step 50/250 | train_total_loss=0.0794
[Epoch 19] step 100/250 | train_total_loss=0.0854
[Epoch 19] step 150/250 | train_total_loss=0.0843
[Epoch 19] step 200/250 | train_total_loss=0.0777
[Epoch 19] step 250/250 | train_total_loss=0.0812
[Epoch 19] time_sec=170.2 train_loss=0.0816 val_loss=0.4009 val_dice=0.7872
[Epoch 20] step 1/250 | train_total_loss=0.0636
[Epoch 20] step 50/250 | train_total_loss=0.0831
[Epoch 20] step 100/250 | train_total_loss=0.0765
[Epoch 20] step 150/250 | train_total_loss=0.0761
[Epoch 20] step 200/250 | train_total_loss=0.0750
[Epoch 20] step 250/250 | train_total_loss=0.0796
[Epoch 20] time_sec=171.3 train_loss=0.0780 val_loss=0.4068 val_dice=0.7844
[Epoch 21] step 1/250 | train_total_loss=0.1049
[Epoch 21] step 50/250 | train_total_loss=0.0748
[Epoch 21] step 100/250 | train_total_loss=0.0763
[Epoch 21] step 150/250 | train_total_loss=0.0746
[Epoch 21] step 200/250 | train_total_loss=0.0795
[Epoch 21] step 250/250 | train_total_loss=0.0731
[Epoch 21] time_sec=169.8 train_loss=0.0758 val_loss=0.4183 val_dice=0.7757
[Epoch 22] step 1/250 | train_total_loss=0.0923
[Epoch 22] step 50/250 | train_total_loss=0.0728
[Epoch 22] step 100/250 | train_total_loss=0.0732
[Epoch 22] step 150/250 | train_total_loss=0.0757
[Epoch 22] step 200/250 | train_total_loss=0.0712
[Epoch 22] step 250/250 | train_total_loss=0.0752
[Epoch 22] time_sec=170.2 train_loss=0.0737 val_loss=0.4100 val_dice=0.7833
[Epoch 23] step 1/250 | train_total_loss=0.1087
[Epoch 23] step 50/250 | train_total_loss=0.0767
[Epoch 23] step 100/250 | train_total_loss=0.0784
[Epoch 23] step 150/250 | train_total_loss=0.0680
[Epoch 23] step 200/250 | train_total_loss=0.0667
[Epoch 23] step 250/250 | train_total_loss=0.0707
[Epoch 23] time_sec=170.6 train_loss=0.0722 val_loss=0.4101 val_dice=0.7832
[Epoch 24] step 1/250 | train_total_loss=0.0865
[Epoch 24] step 50/250 | train_total_loss=0.0745
[Epoch 24] step 100/250 | train_total_loss=0.0809
[Epoch 24] step 150/250 | train_total_loss=0.0758
[Epoch 24] step 200/250 | train_total_loss=0.0685
[Epoch 24] step 250/250 | train_total_loss=0.0648
[Epoch 24] time_sec=166.4 train_loss=0.0729 val_loss=0.4113 val_dice=0.7831
[Epoch 25] step 1/250 | train_total_loss=0.0643
[Epoch 25] step 50/250 | train_total_loss=0.0717
[Epoch 25] step 100/250 | train_total_loss=0.0698
[Epoch 25] step 150/250 | train_total_loss=0.0739
[Epoch 25] step 200/250 | train_total_loss=0.0587
[Epoch 25] step 250/250 | train_total_loss=0.0640
[Epoch 25] time_sec=169.1 train_loss=0.0676 val_loss=0.4199 val_dice=0.7785
[Epoch 26] step 1/250 | train_total_loss=0.0494
[Epoch 26] step 50/250 | train_total_loss=0.0646
[Epoch 26] step 100/250 | train_total_loss=0.0676
[Epoch 26] step 150/250 | train_total_loss=0.0640
[Epoch 26] step 200/250 | train_total_loss=0.0610
[Epoch 26] step 250/250 | train_total_loss=0.0655
[Epoch 26] time_sec=170.8 train_loss=0.0645 val_loss=0.4111 val_dice=0.7837
[Epoch 27] step 1/250 | train_total_loss=0.0677
[Epoch 27] step 50/250 | train_total_loss=0.0641
[Epoch 27] step 100/250 | train_total_loss=0.0681
[Epoch 27] step 150/250 | train_total_loss=0.0614
[Epoch 27] step 200/250 | train_total_loss=0.0625
[Epoch 27] step 250/250 | train_total_loss=0.0583
[Epoch 27] time_sec=169.9 train_loss=0.0629 val_loss=0.4106 val_dice=0.7858
[Epoch 28] step 1/250 | train_total_loss=0.0829
[Epoch 28] step 50/250 | train_total_loss=0.0626
[Epoch 28] step 100/250 | train_total_loss=0.0657
[Epoch 28] step 150/250 | train_total_loss=0.0618
[Epoch 28] step 200/250 | train_total_loss=0.0633
[Epoch 28] step 250/250 | train_total_loss=0.0584
[Epoch 28] time_sec=170.0 train_loss=0.0624 val_loss=0.4193 val_dice=0.7811
[Epoch 29] step 1/250 | train_total_loss=0.0494
[Epoch 29] step 50/250 | train_total_loss=0.0582
[Epoch 29] step 100/250 | train_total_loss=0.0677
[Epoch 29] step 150/250 | train_total_loss=0.0632
[Epoch 29] step 200/250 | train_total_loss=0.0613
[Epoch 29] step 250/250 | train_total_loss=0.0548
[Epoch 29] time_sec=171.0 train_loss=0.0610 val_loss=0.4158 val_dice=0.7837
[Epoch 30] step 1/250 | train_total_loss=0.0550
[Epoch 30] step 50/250 | train_total_loss=0.0603
[Epoch 30] step 100/250 | train_total_loss=0.0606
[Epoch 30] step 150/250 | train_total_loss=0.0647
[Epoch 30] step 200/250 | train_total_loss=0.0603
[Epoch 30] step 250/250 | train_total_loss=0.0600
[Epoch 30] time_sec=169.2 train_loss=0.0611 val_loss=0.4160 val_dice=0.7847
[Epoch 31] step 1/250 | train_total_loss=0.0451
[Epoch 31] step 50/250 | train_total_loss=0.0569
[Epoch 31] step 100/250 | train_total_loss=0.0593
[Epoch 31] step 150/250 | train_total_loss=0.0557
[Epoch 31] step 200/250 | train_total_loss=0.0526
[Epoch 31] step 250/250 | train_total_loss=0.0621
[Epoch 31] time_sec=171.0 train_loss=0.0573 val_loss=0.4178 val_dice=0.7820
[Epoch 32] step 1/250 | train_total_loss=0.0487
[Epoch 32] step 50/250 | train_total_loss=0.0532
[Epoch 32] step 100/250 | train_total_loss=0.0535
[Epoch 32] step 150/250 | train_total_loss=0.0561
[Epoch 32] step 200/250 | train_total_loss=0.0526
[Epoch 32] step 250/250 | train_total_loss=0.0540
[Epoch 32] time_sec=169.2 train_loss=0.0539 val_loss=0.4281 val_dice=0.7781
[Epoch 33] step 1/250 | train_total_loss=0.0672
[Epoch 33] step 50/250 | train_total_loss=0.0578
[Epoch 33] step 100/250 | train_total_loss=0.0576
[Epoch 33] step 150/250 | train_total_loss=0.0520
[Epoch 33] step 200/250 | train_total_loss=0.0598
[Epoch 33] step 250/250 | train_total_loss=0.0477
[Epoch 33] time_sec=168.7 train_loss=0.0550 val_loss=0.4261 val_dice=0.7814
[Epoch 34] step 1/250 | train_total_loss=0.0857
[Epoch 34] step 50/250 | train_total_loss=0.0590
[Epoch 34] step 100/250 | train_total_loss=0.0550
[Epoch 34] step 150/250 | train_total_loss=0.0540
[Epoch 34] step 200/250 | train_total_loss=0.0494
[Epoch 34] step 250/250 | train_total_loss=0.0514
[Epoch 34] time_sec=170.0 train_loss=0.0539 val_loss=0.4335 val_dice=0.7761
[Epoch 35] step 1/250 | train_total_loss=0.0760
[Epoch 35] step 50/250 | train_total_loss=0.0507
[Epoch 35] step 100/250 | train_total_loss=0.0517
[Epoch 35] step 150/250 | train_total_loss=0.0520
[Epoch 35] step 200/250 | train_total_loss=0.0498
[Epoch 35] step 250/250 | train_total_loss=0.0523
[Epoch 35] time_sec=169.6 train_loss=0.0514 val_loss=0.4329 val_dice=0.7754
[Epoch 36] step 1/250 | train_total_loss=0.0262
[Epoch 36] step 50/250 | train_total_loss=0.0510
[Epoch 36] step 100/250 | train_total_loss=0.0546
[Epoch 36] step 150/250 | train_total_loss=0.0532
[Epoch 36] step 200/250 | train_total_loss=0.0490
[Epoch 36] step 250/250 | train_total_loss=0.0497
[Epoch 36] time_sec=170.7 train_loss=0.0514 val_loss=0.4185 val_dice=0.7825
[Epoch 37] step 1/250 | train_total_loss=0.0542
[Epoch 37] step 50/250 | train_total_loss=0.0483
[Epoch 37] step 100/250 | train_total_loss=0.0498
[Epoch 37] step 150/250 | train_total_loss=0.0490
[Epoch 37] step 200/250 | train_total_loss=0.0485
[Epoch 37] step 250/250 | train_total_loss=0.0525
[Epoch 37] time_sec=170.5 train_loss=0.0496 val_loss=0.4351 val_dice=0.7750
[Epoch 38] step 1/250 | train_total_loss=0.0456
[Epoch 38] step 50/250 | train_total_loss=0.0518
[Epoch 38] step 100/250 | train_total_loss=0.0503
[Epoch 38] step 150/250 | train_total_loss=0.0492
[Epoch 38] step 200/250 | train_total_loss=0.0489
[Epoch 38] step 250/250 | train_total_loss=0.0509
[Epoch 38] time_sec=171.1 train_loss=0.0502 val_loss=0.4558 val_dice=0.7631
[Epoch 39] step 1/250 | train_total_loss=0.0291
[Epoch 39] step 50/250 | train_total_loss=0.0524
[Epoch 39] step 100/250 | train_total_loss=0.0483
[Epoch 39] step 150/250 | train_total_loss=0.0464
[Epoch 39] step 200/250 | train_total_loss=0.0470
[Epoch 39] step 250/250 | train_total_loss=0.0461
[Epoch 39] time_sec=168.4 train_loss=0.0479 val_loss=0.4504 val_dice=0.7697
[Epoch 40] step 1/250 | train_total_loss=0.0397
[Epoch 40] step 50/250 | train_total_loss=0.0458
[Epoch 40] step 100/250 | train_total_loss=0.0457
[Epoch 40] step 150/250 | train_total_loss=0.0469
[Epoch 40] step 200/250 | train_total_loss=0.0428
[Epoch 40] step 250/250 | train_total_loss=0.0435
[Epoch 40] time_sec=168.4 train_loss=0.0449 val_loss=0.4442 val_dice=0.7717
[Epoch 41] step 1/250 | train_total_loss=0.0308
[Epoch 41] step 50/250 | train_total_loss=0.0449
[Epoch 41] step 100/250 | train_total_loss=0.0453
[Epoch 41] step 150/250 | train_total_loss=0.0416
[Epoch 41] step 200/250 | train_total_loss=0.0403
[Epoch 41] step 250/250 | train_total_loss=0.0413
[Epoch 41] time_sec=170.4 train_loss=0.0426 val_loss=0.4567 val_dice=0.7692
[Epoch 42] step 1/250 | train_total_loss=0.0457
[Epoch 42] step 50/250 | train_total_loss=0.0491
[Epoch 42] step 100/250 | train_total_loss=0.0464
[Epoch 42] step 150/250 | train_total_loss=0.0413
[Epoch 42] step 200/250 | train_total_loss=0.0361
[Epoch 42] step 250/250 | train_total_loss=0.0392
[Epoch 42] time_sec=169.5 train_loss=0.0424 val_loss=0.4491 val_dice=0.7728
[Epoch 43] step 1/250 | train_total_loss=0.0338
[Epoch 43] step 50/250 | train_total_loss=0.0450
[Epoch 43] step 100/250 | train_total_loss=0.0415
[Epoch 43] step 150/250 | train_total_loss=0.0427
[Epoch 43] step 200/250 | train_total_loss=0.0430
[Epoch 43] step 250/250 | train_total_loss=0.0422
[Epoch 43] time_sec=170.4 train_loss=0.0428 val_loss=0.4280 val_dice=0.7818
[Epoch 44] step 1/250 | train_total_loss=0.0263
[Epoch 44] step 50/250 | train_total_loss=0.0414
[Epoch 44] step 100/250 | train_total_loss=0.0388
[Epoch 44] step 150/250 | train_total_loss=0.0424
[Epoch 44] step 200/250 | train_total_loss=0.0385
[Epoch 44] step 250/250 | train_total_loss=0.0396
[Epoch 44] time_sec=169.1 train_loss=0.0401 val_loss=0.4420 val_dice=0.7760
[Epoch 45] step 1/250 | train_total_loss=0.0285
[Epoch 45] step 50/250 | train_total_loss=0.0414
[Epoch 45] step 100/250 | train_total_loss=0.0452
[Epoch 45] step 150/250 | train_total_loss=0.0383
[Epoch 45] step 200/250 | train_total_loss=0.0406
[Epoch 45] step 250/250 | train_total_loss=0.0378
[Epoch 45] time_sec=169.0 train_loss=0.0406 val_loss=0.4256 val_dice=0.7846
[Epoch 46] step 1/250 | train_total_loss=0.0347
[Epoch 46] step 50/250 | train_total_loss=0.0370
[Epoch 46] step 100/250 | train_total_loss=0.0375
[Epoch 46] step 150/250 | train_total_loss=0.0409
[Epoch 46] step 200/250 | train_total_loss=0.0347
[Epoch 46] step 250/250 | train_total_loss=0.0384
[Epoch 46] time_sec=170.2 train_loss=0.0377 val_loss=0.4484 val_dice=0.7730
[Epoch 47] step 1/250 | train_total_loss=0.0531
[Epoch 47] step 50/250 | train_total_loss=0.0388
[Epoch 47] step 100/250 | train_total_loss=0.0359
[Epoch 47] step 150/250 | train_total_loss=0.0336
[Epoch 47] step 200/250 | train_total_loss=0.0371
[Epoch 47] step 250/250 | train_total_loss=0.0362
[Epoch 47] time_sec=168.9 train_loss=0.0364 val_loss=0.4516 val_dice=0.7722
[Epoch 48] step 1/250 | train_total_loss=0.0238
[Epoch 48] step 50/250 | train_total_loss=0.0352
[Epoch 48] step 100/250 | train_total_loss=0.0330
[Epoch 48] step 150/250 | train_total_loss=0.0338
[Epoch 48] step 200/250 | train_total_loss=0.0369
[Epoch 48] step 250/250 | train_total_loss=0.0324
[Epoch 48] time_sec=170.8 train_loss=0.0342 val_loss=0.4518 val_dice=0.7740
[Epoch 49] step 1/250 | train_total_loss=0.0416
[Epoch 49] step 50/250 | train_total_loss=0.0362
[Epoch 49] step 100/250 | train_total_loss=0.0366
[Epoch 49] step 150/250 | train_total_loss=0.0341
[Epoch 49] step 200/250 | train_total_loss=0.0336
[Epoch 49] step 250/250 | train_total_loss=0.0407
[Epoch 49] time_sec=169.5 train_loss=0.0363 val_loss=0.4622 val_dice=0.7627
[Epoch 50] step 1/250 | train_total_loss=0.0286
[Epoch 50] step 50/250 | train_total_loss=0.0343
[Epoch 50] step 100/250 | train_total_loss=0.0350
[Epoch 50] step 150/250 | train_total_loss=0.0402
[Epoch 50] step 200/250 | train_total_loss=0.0350
[Epoch 50] step 250/250 | train_total_loss=0.0334
[Epoch 50] time_sec=169.8 train_loss=0.0355 val_loss=0.4535 val_dice=0.7735
[Epoch 51] step 1/250 | train_total_loss=0.0483
[Epoch 51] step 50/250 | train_total_loss=0.0321
[Epoch 51] step 100/250 | train_total_loss=0.0311
[Epoch 51] step 150/250 | train_total_loss=0.0317
[Epoch 51] step 200/250 | train_total_loss=0.0312
[Epoch 51] step 250/250 | train_total_loss=0.0310
[Epoch 51] time_sec=169.0 train_loss=0.0315 val_loss=0.4583 val_dice=0.7724
[Epoch 52] step 1/250 | train_total_loss=0.0364
[Epoch 52] step 50/250 | train_total_loss=0.0305
[Epoch 52] step 100/250 | train_total_loss=0.0290
[Epoch 52] step 150/250 | train_total_loss=0.0316
[Epoch 52] step 200/250 | train_total_loss=0.0302
[Epoch 52] step 250/250 | train_total_loss=0.0288
[Epoch 52] time_sec=169.0 train_loss=0.0300 val_loss=0.4571 val_dice=0.7728
[Epoch 53] step 1/250 | train_total_loss=0.0481
[Epoch 53] step 50/250 | train_total_loss=0.0345
[Epoch 53] step 100/250 | train_total_loss=0.0307
[Epoch 53] step 150/250 | train_total_loss=0.0295
[Epoch 53] step 200/250 | train_total_loss=0.0292
[Epoch 53] step 250/250 | train_total_loss=0.0290
[Epoch 53] time_sec=171.0 train_loss=0.0306 val_loss=0.4521 val_dice=0.7748
[Epoch 54] step 1/250 | train_total_loss=0.0351
[Epoch 54] step 50/250 | train_total_loss=0.0276
[Epoch 54] step 100/250 | train_total_loss=0.0294
[Epoch 54] step 150/250 | train_total_loss=0.0326
[Epoch 54] step 200/250 | train_total_loss=0.0273
[Epoch 54] step 250/250 | train_total_loss=0.0273
[Epoch 54] time_sec=167.7 train_loss=0.0289 val_loss=0.4522 val_dice=0.7759
[Epoch 55] step 1/250 | train_total_loss=0.0295
[Epoch 55] step 50/250 | train_total_loss=0.0280
[Epoch 55] step 100/250 | train_total_loss=0.0282
[Epoch 55] step 150/250 | train_total_loss=0.0268
[Epoch 55] step 200/250 | train_total_loss=0.0277
[Epoch 55] step 250/250 | train_total_loss=0.0270
[Epoch 55] time_sec=169.2 train_loss=0.0275 val_loss=0.4608 val_dice=0.7723
[Epoch 56] step 1/250 | train_total_loss=0.0288
[Epoch 56] step 50/250 | train_total_loss=0.0268
[Epoch 56] step 100/250 | train_total_loss=0.0266
[Epoch 56] step 150/250 | train_total_loss=0.0257
[Epoch 56] step 200/250 | train_total_loss=0.0257
[Epoch 56] step 250/250 | train_total_loss=0.0248
[Epoch 56] time_sec=169.0 train_loss=0.0259 val_loss=0.4576 val_dice=0.7762
[Epoch 57] step 1/250 | train_total_loss=0.0190
[Epoch 57] step 50/250 | train_total_loss=0.0256
[Epoch 57] step 100/250 | train_total_loss=0.0242
[Epoch 57] step 150/250 | train_total_loss=0.0249
[Epoch 57] step 200/250 | train_total_loss=0.0227
[Epoch 57] step 250/250 | train_total_loss=0.0243
[Epoch 57] time_sec=168.9 train_loss=0.0243 val_loss=0.4608 val_dice=0.7766
[Epoch 58] step 1/250 | train_total_loss=0.0306
[Epoch 58] step 50/250 | train_total_loss=0.0268
[Epoch 58] step 100/250 | train_total_loss=0.0250
[Epoch 58] step 150/250 | train_total_loss=0.0223
[Epoch 58] step 200/250 | train_total_loss=0.0228
[Epoch 58] step 250/250 | train_total_loss=0.0212
[Epoch 58] time_sec=168.5 train_loss=0.0236 val_loss=0.4645 val_dice=0.7735
[Epoch 59] step 1/250 | train_total_loss=0.0201
[Epoch 59] step 50/250 | train_total_loss=0.0232
[Epoch 59] step 100/250 | train_total_loss=0.0226
[Epoch 59] step 150/250 | train_total_loss=0.0219
[Epoch 59] step 200/250 | train_total_loss=0.0215
[Epoch 59] step 250/250 | train_total_loss=0.0231
[Epoch 59] time_sec=168.4 train_loss=0.0224 val_loss=0.4799 val_dice=0.7661
[Epoch 60] step 1/250 | train_total_loss=0.0298
[Epoch 60] step 50/250 | train_total_loss=0.0215
[Epoch 60] step 100/250 | train_total_loss=0.0223
[Epoch 60] step 150/250 | train_total_loss=0.0218
[Epoch 60] step 200/250 | train_total_loss=0.0226
[Epoch 60] step 250/250 | train_total_loss=0.0219
[Epoch 60] time_sec=169.0 train_loss=0.0221 val_loss=0.4780 val_dice=0.7697
[Epoch 61] step 1/250 | train_total_loss=0.0363
[Epoch 61] step 50/250 | train_total_loss=0.0220
[Epoch 61] step 100/250 | train_total_loss=0.0220
[Epoch 61] step 150/250 | train_total_loss=0.0195
[Epoch 61] step 200/250 | train_total_loss=0.0217
[Epoch 61] step 250/250 | train_total_loss=0.0201
[Epoch 61] time_sec=168.9 train_loss=0.0211 val_loss=0.4737 val_dice=0.7706
[Epoch 62] step 1/250 | train_total_loss=0.0212
[Epoch 62] step 50/250 | train_total_loss=0.0210
[Epoch 62] step 100/250 | train_total_loss=0.0199
[Epoch 62] step 150/250 | train_total_loss=0.0194
[Epoch 62] step 200/250 | train_total_loss=0.0208
[Epoch 62] step 250/250 | train_total_loss=0.0198
[Epoch 62] time_sec=169.3 train_loss=0.0202 val_loss=0.4855 val_dice=0.7660
[Epoch 63] step 1/250 | train_total_loss=0.0134
[Epoch 63] step 50/250 | train_total_loss=0.0204
[Epoch 63] step 100/250 | train_total_loss=0.0192
[Epoch 63] step 150/250 | train_total_loss=0.0191
[Epoch 63] step 200/250 | train_total_loss=0.0194
[Epoch 63] step 250/250 | train_total_loss=0.0217
[Epoch 63] time_sec=169.1 train_loss=0.0199 val_loss=0.4715 val_dice=0.7702
[Epoch 64] step 1/250 | train_total_loss=0.0198
[Epoch 64] step 50/250 | train_total_loss=0.0200
[Epoch 64] step 100/250 | train_total_loss=0.0192
[Epoch 64] step 150/250 | train_total_loss=0.0188
[Epoch 64] step 200/250 | train_total_loss=0.0184
[Epoch 64] step 250/250 | train_total_loss=0.0178
[Epoch 64] time_sec=169.4 train_loss=0.0188 val_loss=0.4921 val_dice=0.7646
[Epoch 65] step 1/250 | train_total_loss=0.0076
[Epoch 65] step 50/250 | train_total_loss=0.0178
[Epoch 65] step 100/250 | train_total_loss=0.0168
[Epoch 65] step 150/250 | train_total_loss=0.0160
[Epoch 65] step 200/250 | train_total_loss=0.0175
[Epoch 65] step 250/250 | train_total_loss=0.0164
[Epoch 65] time_sec=169.6 train_loss=0.0169 val_loss=0.4843 val_dice=0.7694
[Epoch 66] step 1/250 | train_total_loss=0.0110
[Epoch 66] step 50/250 | train_total_loss=0.0160
[Epoch 66] step 100/250 | train_total_loss=0.0160
[Epoch 66] step 150/250 | train_total_loss=0.0143
[Epoch 66] step 200/250 | train_total_loss=0.0148
[Epoch 66] step 250/250 | train_total_loss=0.0147
[Epoch 66] time_sec=167.6 train_loss=0.0151 val_loss=0.4836 val_dice=0.7721
[Epoch 67] step 1/250 | train_total_loss=0.0218
[Epoch 67] step 50/250 | train_total_loss=0.0148
[Epoch 67] step 100/250 | train_total_loss=0.0156
[Epoch 67] step 150/250 | train_total_loss=0.0167
[Epoch 67] step 200/250 | train_total_loss=0.0139
[Epoch 67] step 250/250 | train_total_loss=0.0148
[Epoch 67] time_sec=169.7 train_loss=0.0152 val_loss=0.4813 val_dice=0.7723
[Epoch 68] step 1/250 | train_total_loss=0.0236
[Epoch 68] step 50/250 | train_total_loss=0.0160
[Epoch 68] step 100/250 | train_total_loss=0.0149
[Epoch 68] step 150/250 | train_total_loss=0.0147
[Epoch 68] step 200/250 | train_total_loss=0.0158
[Epoch 68] step 250/250 | train_total_loss=0.0154
[Epoch 68] time_sec=169.8 train_loss=0.0154 val_loss=0.4837 val_dice=0.7721
[Epoch 69] step 1/250 | train_total_loss=0.0077
[Epoch 69] step 50/250 | train_total_loss=0.0139
[Epoch 69] step 100/250 | train_total_loss=0.0139
[Epoch 69] step 150/250 | train_total_loss=0.0140
[Epoch 69] step 200/250 | train_total_loss=0.0126
[Epoch 69] step 250/250 | train_total_loss=0.0140
[Epoch 69] time_sec=170.4 train_loss=0.0137 val_loss=0.4798 val_dice=0.7743
[Epoch 70] step 1/250 | train_total_loss=0.0143
[Epoch 70] step 50/250 | train_total_loss=0.0147
[Epoch 70] step 100/250 | train_total_loss=0.0136
[Epoch 70] step 150/250 | train_total_loss=0.0133
[Epoch 70] step 200/250 | train_total_loss=0.0127
[Epoch 70] step 250/250 | train_total_loss=0.0134
[Epoch 70] time_sec=167.9 train_loss=0.0135 val_loss=0.4872 val_dice=0.7711
[Epoch 71] step 1/250 | train_total_loss=0.0083
[Epoch 71] step 50/250 | train_total_loss=0.0117
[Epoch 71] step 100/250 | train_total_loss=0.0141
[Epoch 71] step 150/250 | train_total_loss=0.0115
[Epoch 71] step 200/250 | train_total_loss=0.0129
[Epoch 71] step 250/250 | train_total_loss=0.0121
[Epoch 71] time_sec=167.4 train_loss=0.0124 val_loss=0.4891 val_dice=0.7726
[Epoch 72] step 1/250 | train_total_loss=0.0083
[Epoch 72] step 50/250 | train_total_loss=0.0124
[Epoch 72] step 100/250 | train_total_loss=0.0148
[Epoch 72] step 150/250 | train_total_loss=0.0125
[Epoch 72] step 200/250 | train_total_loss=0.0112
[Epoch 72] step 250/250 | train_total_loss=0.0109
[Epoch 72] time_sec=169.1 train_loss=0.0124 val_loss=0.4953 val_dice=0.7708
[Epoch 73] step 1/250 | train_total_loss=0.0081
[Epoch 73] step 50/250 | train_total_loss=0.0115
[Epoch 73] step 100/250 | train_total_loss=0.0121
[Epoch 73] step 150/250 | train_total_loss=0.0106
[Epoch 73] step 200/250 | train_total_loss=0.0113
[Epoch 73] step 250/250 | train_total_loss=0.0121
[Epoch 73] time_sec=169.6 train_loss=0.0115 val_loss=0.4926 val_dice=0.7713
[Epoch 74] step 1/250 | train_total_loss=0.0096
[Epoch 74] step 50/250 | train_total_loss=0.0107
[Epoch 74] step 100/250 | train_total_loss=0.0108
[Epoch 74] step 150/250 | train_total_loss=0.0106
[Epoch 74] step 200/250 | train_total_loss=0.0093
[Epoch 74] step 250/250 | train_total_loss=0.0101
[Epoch 74] time_sec=167.5 train_loss=0.0103 val_loss=0.5051 val_dice=0.7682
[Epoch 75] step 1/250 | train_total_loss=0.0074
[Epoch 75] step 50/250 | train_total_loss=0.0098
[Epoch 75] step 100/250 | train_total_loss=0.0100
[Epoch 75] step 150/250 | train_total_loss=0.0090
[Epoch 75] step 200/250 | train_total_loss=0.0098
[Epoch 75] step 250/250 | train_total_loss=0.0088
[Epoch 75] time_sec=162.7 train_loss=0.0095 val_loss=0.4987 val_dice=0.7722
[Epoch 76] step 1/250 | train_total_loss=0.0105
[Epoch 76] step 50/250 | train_total_loss=0.0091
[Epoch 76] step 100/250 | train_total_loss=0.0094
[Epoch 76] step 150/250 | train_total_loss=0.0086
[Epoch 76] step 200/250 | train_total_loss=0.0084
[Epoch 76] step 250/250 | train_total_loss=0.0084
[Epoch 76] time_sec=156.8 train_loss=0.0088 val_loss=0.5142 val_dice=0.7669
[Epoch 77] step 1/250 | train_total_loss=0.0068
[Epoch 77] step 50/250 | train_total_loss=0.0096
[Epoch 77] step 100/250 | train_total_loss=0.0083
[Epoch 77] step 150/250 | train_total_loss=0.0091
[Epoch 77] step 200/250 | train_total_loss=0.0088
[Epoch 77] step 250/250 | train_total_loss=0.0087
[Epoch 77] time_sec=160.5 train_loss=0.0089 val_loss=0.5155 val_dice=0.7649
[Epoch 78] step 1/250 | train_total_loss=0.0092
[Epoch 78] step 50/250 | train_total_loss=0.0095
[Epoch 78] step 100/250 | train_total_loss=0.0089
[Epoch 78] step 150/250 | train_total_loss=0.0085
[Epoch 78] step 200/250 | train_total_loss=0.0078
[Epoch 78] step 250/250 | train_total_loss=0.0081
[Epoch 78] time_sec=159.5 train_loss=0.0086 val_loss=0.5077 val_dice=0.7712
[Epoch 79] step 1/250 | train_total_loss=0.0062
[Epoch 79] step 50/250 | train_total_loss=0.0076
[Epoch 79] step 100/250 | train_total_loss=0.0074
[Epoch 79] step 150/250 | train_total_loss=0.0084
[Epoch 79] step 200/250 | train_total_loss=0.0083
[Epoch 79] step 250/250 | train_total_loss=0.0087
[Epoch 79] time_sec=159.8 train_loss=0.0081 val_loss=0.5123 val_dice=0.7679
[Epoch 80] step 1/250 | train_total_loss=0.0078
[Epoch 80] step 50/250 | train_total_loss=0.0073
[Epoch 80] step 100/250 | train_total_loss=0.0071
[Epoch 80] step 150/250 | train_total_loss=0.0074
[Epoch 80] step 200/250 | train_total_loss=0.0074
[Epoch 80] step 250/250 | train_total_loss=0.0067
[Epoch 80] time_sec=161.1 train_loss=0.0072 val_loss=0.5165 val_dice=0.7674
[Epoch 81] step 1/250 | train_total_loss=0.0068
[Epoch 81] step 50/250 | train_total_loss=0.0064
[Epoch 81] step 100/250 | train_total_loss=0.0064
[Epoch 81] step 150/250 | train_total_loss=0.0069
[Epoch 81] step 200/250 | train_total_loss=0.0068
[Epoch 81] step 250/250 | train_total_loss=0.0079
[Epoch 81] time_sec=159.5 train_loss=0.0069 val_loss=0.5179 val_dice=0.7655
[Epoch 82] step 1/250 | train_total_loss=0.0077
[Epoch 82] step 50/250 | train_total_loss=0.0065
[Epoch 82] step 100/250 | train_total_loss=0.0069
[Epoch 82] step 150/250 | train_total_loss=0.0067
[Epoch 82] step 200/250 | train_total_loss=0.0057
[Epoch 82] step 250/250 | train_total_loss=0.0057
[Epoch 82] time_sec=160.0 train_loss=0.0063 val_loss=0.5193 val_dice=0.7698
[Epoch 83] step 1/250 | train_total_loss=0.0067
[Epoch 83] step 50/250 | train_total_loss=0.0052
[Epoch 83] step 100/250 | train_total_loss=0.0058
[Epoch 83] step 150/250 | train_total_loss=0.0052
[Epoch 83] step 200/250 | train_total_loss=0.0051
[Epoch 83] step 250/250 | train_total_loss=0.0055
[Epoch 83] time_sec=160.1 train_loss=0.0054 val_loss=0.5210 val_dice=0.7691
[Epoch 84] step 1/250 | train_total_loss=0.0030
[Epoch 84] step 50/250 | train_total_loss=0.0052
[Epoch 84] step 100/250 | train_total_loss=0.0048
[Epoch 84] step 150/250 | train_total_loss=0.0050
[Epoch 84] step 200/250 | train_total_loss=0.0045
[Epoch 84] step 250/250 | train_total_loss=0.0045
[Epoch 84] time_sec=159.3 train_loss=0.0048 val_loss=0.5252 val_dice=0.7689
[Epoch 85] step 1/250 | train_total_loss=0.0030
[Epoch 85] step 50/250 | train_total_loss=0.0041
[Epoch 85] step 100/250 | train_total_loss=0.0042
[Epoch 85] step 150/250 | train_total_loss=0.0044
[Epoch 85] step 200/250 | train_total_loss=0.0044
[Epoch 85] step 250/250 | train_total_loss=0.0050
[Epoch 85] time_sec=159.8 train_loss=0.0044 val_loss=0.5317 val_dice=0.7656
[Epoch 86] step 1/250 | train_total_loss=0.0047
[Epoch 86] step 50/250 | train_total_loss=0.0042
[Epoch 86] step 100/250 | train_total_loss=0.0050
[Epoch 86] step 150/250 | train_total_loss=0.0042
[Epoch 86] step 200/250 | train_total_loss=0.0043
[Epoch 86] step 250/250 | train_total_loss=0.0043
[Epoch 86] time_sec=160.2 train_loss=0.0044 val_loss=0.5314 val_dice=0.7670
[Epoch 87] step 1/250 | train_total_loss=0.0056
[Epoch 87] step 50/250 | train_total_loss=0.0040
[Epoch 87] step 100/250 | train_total_loss=0.0041
[Epoch 87] step 150/250 | train_total_loss=0.0040
[Epoch 87] step 200/250 | train_total_loss=0.0041
[Epoch 87] step 250/250 | train_total_loss=0.0041
[Epoch 87] time_sec=160.0 train_loss=0.0041 val_loss=0.5266 val_dice=0.7697
[Epoch 88] step 1/250 | train_total_loss=0.0036
[Epoch 88] step 50/250 | train_total_loss=0.0043
[Epoch 88] step 100/250 | train_total_loss=0.0043
[Epoch 88] step 150/250 | train_total_loss=0.0038
[Epoch 88] step 200/250 | train_total_loss=0.0037
[Epoch 88] step 250/250 | train_total_loss=0.0040
[Epoch 88] time_sec=159.8 train_loss=0.0040 val_loss=0.5223 val_dice=0.7714
[Epoch 89] step 1/250 | train_total_loss=0.0038
[Epoch 89] step 50/250 | train_total_loss=0.0038
[Epoch 89] step 100/250 | train_total_loss=0.0035
[Epoch 89] step 150/250 | train_total_loss=0.0040
[Epoch 89] step 200/250 | train_total_loss=0.0035
[Epoch 89] step 250/250 | train_total_loss=0.0037
[Epoch 89] time_sec=159.8 train_loss=0.0037 val_loss=0.5272 val_dice=0.7713
[Epoch 90] step 1/250 | train_total_loss=0.0024
[Epoch 90] step 50/250 | train_total_loss=0.0035
[Epoch 90] step 100/250 | train_total_loss=0.0033
[Epoch 90] step 150/250 | train_total_loss=0.0035
[Epoch 90] step 200/250 | train_total_loss=0.0032
[Epoch 90] step 250/250 | train_total_loss=0.0029
[Epoch 90] time_sec=160.4 train_loss=0.0033 val_loss=0.5344 val_dice=0.7698
[Epoch 91] step 1/250 | train_total_loss=0.0028
[Epoch 91] step 50/250 | train_total_loss=0.0028
[Epoch 91] step 100/250 | train_total_loss=0.0033
[Epoch 91] step 150/250 | train_total_loss=0.0028
[Epoch 91] step 200/250 | train_total_loss=0.0034
[Epoch 91] step 250/250 | train_total_loss=0.0030
[Epoch 91] time_sec=160.2 train_loss=0.0031 val_loss=0.5337 val_dice=0.7687
[Epoch 92] step 1/250 | train_total_loss=0.0025
[Epoch 92] step 50/250 | train_total_loss=0.0028
[Epoch 92] step 100/250 | train_total_loss=0.0025
[Epoch 92] step 150/250 | train_total_loss=0.0025
[Epoch 92] step 200/250 | train_total_loss=0.0025
[Epoch 92] step 250/250 | train_total_loss=0.0025
[Epoch 92] time_sec=159.8 train_loss=0.0026 val_loss=0.5347 val_dice=0.7699
[Epoch 93] step 1/250 | train_total_loss=0.0022
[Epoch 93] step 50/250 | train_total_loss=0.0026
[Epoch 93] step 100/250 | train_total_loss=0.0020
[Epoch 93] step 150/250 | train_total_loss=0.0023
[Epoch 93] step 200/250 | train_total_loss=0.0022
[Epoch 93] step 250/250 | train_total_loss=0.0023
[Epoch 93] time_sec=160.6 train_loss=0.0023 val_loss=0.5362 val_dice=0.7712
[Epoch 94] step 1/250 | train_total_loss=0.0013
[Epoch 94] step 50/250 | train_total_loss=0.0020
[Epoch 94] step 100/250 | train_total_loss=0.0019
[Epoch 94] step 150/250 | train_total_loss=0.0019
[Epoch 94] step 200/250 | train_total_loss=0.0023
[Epoch 94] step 250/250 | train_total_loss=0.0020
[Epoch 94] time_sec=159.7 train_loss=0.0020 val_loss=0.5412 val_dice=0.7702
[Epoch 95] step 1/250 | train_total_loss=0.0029
[Epoch 95] step 50/250 | train_total_loss=0.0015
[Epoch 95] step 100/250 | train_total_loss=0.0017
[Epoch 95] step 150/250 | train_total_loss=0.0020
[Epoch 95] step 200/250 | train_total_loss=0.0018
[Epoch 95] step 250/250 | train_total_loss=0.0018
[Epoch 95] time_sec=159.9 train_loss=0.0018 val_loss=0.5434 val_dice=0.7684
[Epoch 96] step 1/250 | train_total_loss=0.0017
[Epoch 96] step 50/250 | train_total_loss=0.0017
[Epoch 96] step 100/250 | train_total_loss=0.0016
[Epoch 96] step 150/250 | train_total_loss=0.0019
[Epoch 96] step 200/250 | train_total_loss=0.0023
[Epoch 96] step 250/250 | train_total_loss=0.0016
[Epoch 96] time_sec=160.3 train_loss=0.0018 val_loss=0.5424 val_dice=0.7702
[Epoch 97] step 1/250 | train_total_loss=0.0031
[Epoch 97] step 50/250 | train_total_loss=0.0020
[Epoch 97] step 100/250 | train_total_loss=0.0018
[Epoch 97] step 150/250 | train_total_loss=0.0018
[Epoch 97] step 200/250 | train_total_loss=0.0017
[Epoch 97] step 250/250 | train_total_loss=0.0015
[Epoch 97] time_sec=160.0 train_loss=0.0018 val_loss=0.5503 val_dice=0.7681
[Epoch 98] step 1/250 | train_total_loss=0.0019
[Epoch 98] step 50/250 | train_total_loss=0.0018
[Epoch 98] step 100/250 | train_total_loss=0.0018
[Epoch 98] step 150/250 | train_total_loss=0.0020
[Epoch 98] step 200/250 | train_total_loss=0.0021
[Epoch 98] step 250/250 | train_total_loss=0.0016
[Epoch 98] time_sec=159.7 train_loss=0.0019 val_loss=0.5445 val_dice=0.7696
[Epoch 99] step 1/250 | train_total_loss=0.0003
[Epoch 99] step 50/250 | train_total_loss=0.0016
[Epoch 99] step 100/250 | train_total_loss=0.0014
[Epoch 99] step 150/250 | train_total_loss=0.0016
[Epoch 99] step 200/250 | train_total_loss=0.0017
[Epoch 99] step 250/250 | train_total_loss=0.0017
[Epoch 99] time_sec=160.0 train_loss=0.0016 val_loss=0.5517 val_dice=0.7668
[Epoch 100] step 1/250 | train_total_loss=0.0008
[Epoch 100] step 50/250 | train_total_loss=0.0013
[Epoch 100] step 100/250 | train_total_loss=0.0016
[Epoch 100] step 150/250 | train_total_loss=0.0013
[Epoch 100] step 200/250 | train_total_loss=0.0014
[Epoch 100] step 250/250 | train_total_loss=0.0013
[Epoch 100] time_sec=160.0 train_loss=0.0014 val_loss=0.5469 val_dice=0.7692
[Epoch 101] step 1/250 | train_total_loss=0.0036
[Epoch 101] step 50/250 | train_total_loss=0.0015
[Epoch 101] step 100/250 | train_total_loss=0.0012
[Epoch 101] step 150/250 | train_total_loss=0.0011
[Epoch 101] step 200/250 | train_total_loss=0.0011
[Epoch 101] step 250/250 | train_total_loss=0.0011
[Epoch 101] time_sec=160.2 train_loss=0.0012 val_loss=0.5498 val_dice=0.7704
[Epoch 102] step 1/250 | train_total_loss=0.0010
[Epoch 102] step 50/250 | train_total_loss=0.0011
[Epoch 102] step 100/250 | train_total_loss=0.0010
[Epoch 102] step 150/250 | train_total_loss=0.0009
[Epoch 102] step 200/250 | train_total_loss=0.0009
[Epoch 102] step 250/250 | train_total_loss=0.0009
[Epoch 102] time_sec=160.6 train_loss=0.0010 val_loss=0.5544 val_dice=0.7680
[Epoch 103] step 1/250 | train_total_loss=0.0005
[Epoch 103] step 50/250 | train_total_loss=0.0011
[Epoch 103] step 100/250 | train_total_loss=0.0015
[Epoch 103] step 150/250 | train_total_loss=0.0009
[Epoch 103] step 200/250 | train_total_loss=0.0009
[Epoch 103] step 250/250 | train_total_loss=0.0010
[Epoch 103] time_sec=160.2 train_loss=0.0011 val_loss=0.5547 val_dice=0.7683
[Epoch 104] step 1/250 | train_total_loss=0.0010
[Epoch 104] step 50/250 | train_total_loss=0.0007
[Epoch 104] step 100/250 | train_total_loss=0.0015
[Epoch 104] step 150/250 | train_total_loss=0.0015
[Epoch 104] step 200/250 | train_total_loss=0.0010
[Epoch 104] step 250/250 | train_total_loss=0.0009
[Epoch 104] time_sec=160.2 train_loss=0.0011 val_loss=0.5603 val_dice=0.7641
[Epoch 105] step 1/250 | train_total_loss=0.0007
[Epoch 105] step 50/250 | train_total_loss=0.0028
[Epoch 105] step 100/250 | train_total_loss=0.0040
[Epoch 105] step 150/250 | train_total_loss=0.0049
[Epoch 105] step 200/250 | train_total_loss=0.0023
[Epoch 105] step 250/250 | train_total_loss=0.0014
[Epoch 105] time_sec=160.5 train_loss=0.0031 val_loss=0.5712 val_dice=0.7593
[Epoch 106] step 1/250 | train_total_loss=0.0018
[Epoch 106] step 50/250 | train_total_loss=0.0019
[Epoch 106] step 100/250 | train_total_loss=0.0012
[Epoch 106] step 150/250 | train_total_loss=0.0017
[Epoch 106] step 200/250 | train_total_loss=0.0018
[Epoch 106] step 250/250 | train_total_loss=0.0011
[Epoch 106] time_sec=160.7 train_loss=0.0016 val_loss=0.5698 val_dice=0.7604
[Epoch 107] step 1/250 | train_total_loss=0.0038
[Epoch 107] step 50/250 | train_total_loss=0.0012
[Epoch 107] step 100/250 | train_total_loss=0.0006
[Epoch 107] step 150/250 | train_total_loss=0.0007
[Epoch 107] step 200/250 | train_total_loss=0.0006
[Epoch 107] step 250/250 | train_total_loss=0.0006
[Epoch 107] time_sec=160.7 train_loss=0.0007 val_loss=0.5692 val_dice=0.7621
[Epoch 108] step 1/250 | train_total_loss=0.0011
[Epoch 108] step 50/250 | train_total_loss=0.0006
[Epoch 108] step 100/250 | train_total_loss=0.0005
[Epoch 108] step 150/250 | train_total_loss=0.0004
[Epoch 108] step 200/250 | train_total_loss=0.0004
[Epoch 108] step 250/250 | train_total_loss=0.0005
[Epoch 108] time_sec=160.8 train_loss=0.0005 val_loss=0.5741 val_dice=0.7604
[Epoch 109] step 1/250 | train_total_loss=0.0008
[Epoch 109] step 50/250 | train_total_loss=0.0003
[Epoch 109] step 100/250 | train_total_loss=0.0004
[Epoch 109] step 150/250 | train_total_loss=0.0003
[Epoch 109] step 200/250 | train_total_loss=0.0003
[Epoch 109] step 250/250 | train_total_loss=0.0003
[Epoch 109] time_sec=160.6 train_loss=0.0003 val_loss=0.5739 val_dice=0.7622
[Epoch 110] step 1/250 | train_total_loss=0.0000
[Epoch 110] step 50/250 | train_total_loss=0.0002
[Epoch 110] step 100/250 | train_total_loss=0.0002
[Epoch 110] step 150/250 | train_total_loss=0.0003
[Epoch 110] step 200/250 | train_total_loss=0.0002
[Epoch 110] step 250/250 | train_total_loss=0.0002
[Epoch 110] time_sec=160.1 train_loss=0.0002 val_loss=0.5752 val_dice=0.7626
[Epoch 111] step 1/250 | train_total_loss=0.0005
[Epoch 111] step 50/250 | train_total_loss=0.0002
[Epoch 111] step 100/250 | train_total_loss=0.0003
[Epoch 111] step 150/250 | train_total_loss=0.0003
[Epoch 111] step 200/250 | train_total_loss=0.0002
[Epoch 111] step 250/250 | train_total_loss=0.0002
[Epoch 111] time_sec=160.9 train_loss=0.0002 val_loss=0.5771 val_dice=0.7619
[Epoch 112] step 1/250 | train_total_loss=0.0000
[Epoch 112] step 50/250 | train_total_loss=0.0002
[Epoch 112] step 100/250 | train_total_loss=0.0002
[Epoch 112] step 150/250 | train_total_loss=0.0003
[Epoch 112] step 200/250 | train_total_loss=0.0002
[Epoch 112] step 250/250 | train_total_loss=0.0003
[Epoch 112] time_sec=160.5 train_loss=0.0002 val_loss=0.5781 val_dice=0.7613
[Epoch 113] step 1/250 | train_total_loss=0.0002
[Epoch 113] step 50/250 | train_total_loss=0.0002
[Epoch 113] step 100/250 | train_total_loss=0.0002
[Epoch 113] step 150/250 | train_total_loss=0.0002
[Epoch 113] step 200/250 | train_total_loss=0.0002
[Epoch 113] step 250/250 | train_total_loss=0.0003
[Epoch 113] time_sec=160.5 train_loss=0.0002 val_loss=0.5748 val_dice=0.7629
[Epoch 114] step 1/250 | train_total_loss=0.0002
[Epoch 114] step 50/250 | train_total_loss=0.0002
[Epoch 114] step 100/250 | train_total_loss=0.0002
[Epoch 114] step 150/250 | train_total_loss=0.0002
[Epoch 114] step 200/250 | train_total_loss=0.0001
[Epoch 114] step 250/250 | train_total_loss=0.0002
[Epoch 114] time_sec=160.8 train_loss=0.0002 val_loss=0.5756 val_dice=0.7636
[Epoch 115] step 1/250 | train_total_loss=0.0000
[Epoch 115] step 50/250 | train_total_loss=0.0002
[Epoch 115] step 100/250 | train_total_loss=0.0002
[Epoch 115] step 150/250 | train_total_loss=0.0002
[Epoch 115] step 200/250 | train_total_loss=0.0002
[Epoch 115] step 250/250 | train_total_loss=0.0001
[Epoch 115] time_sec=160.2 train_loss=0.0002 val_loss=0.5776 val_dice=0.7626
[Epoch 116] step 1/250 | train_total_loss=0.0000
[Epoch 116] step 50/250 | train_total_loss=0.0001
[Epoch 116] step 100/250 | train_total_loss=0.0002
[Epoch 116] step 150/250 | train_total_loss=0.0001
[Epoch 116] step 200/250 | train_total_loss=0.0001
[Epoch 116] step 250/250 | train_total_loss=0.0002
[Epoch 116] time_sec=161.1 train_loss=0.0002 val_loss=0.5817 val_dice=0.7611
[Epoch 117] step 1/250 | train_total_loss=0.0000
[Epoch 117] step 50/250 | train_total_loss=0.0002
[Epoch 117] step 100/250 | train_total_loss=0.0002
[Epoch 117] step 150/250 | train_total_loss=0.0001
[Epoch 117] step 200/250 | train_total_loss=0.0002
[Epoch 117] step 250/250 | train_total_loss=0.0001
[Epoch 117] time_sec=160.4 train_loss=0.0002 val_loss=0.5782 val_dice=0.7634
[Epoch 118] step 1/250 | train_total_loss=0.0000
[Epoch 118] step 50/250 | train_total_loss=0.0002
[Epoch 118] step 100/250 | train_total_loss=0.0001
[Epoch 118] step 150/250 | train_total_loss=0.0003
[Epoch 118] step 200/250 | train_total_loss=0.0001
[Epoch 118] step 250/250 | train_total_loss=0.0001
[Epoch 118] time_sec=160.6 train_loss=0.0002 val_loss=0.5761 val_dice=0.7640
[Epoch 119] step 1/250 | train_total_loss=0.0002
[Epoch 119] step 50/250 | train_total_loss=0.0001
[Epoch 119] step 100/250 | train_total_loss=0.0002
[Epoch 119] step 150/250 | train_total_loss=0.0001
[Epoch 119] step 200/250 | train_total_loss=0.0002
[Epoch 119] step 250/250 | train_total_loss=0.0002
[Epoch 119] time_sec=160.0 train_loss=0.0002 val_loss=0.5780 val_dice=0.7633
[Epoch 120] step 1/250 | train_total_loss=0.0003
[Epoch 120] step 50/250 | train_total_loss=0.0003
[Epoch 120] step 100/250 | train_total_loss=0.0002
[Epoch 120] step 150/250 | train_total_loss=0.0002
[Epoch 120] step 200/250 | train_total_loss=0.0002
[Epoch 120] step 250/250 | train_total_loss=0.0002
[Epoch 120] time_sec=160.2 train_loss=0.0002 val_loss=0.5744 val_dice=0.7635
[Epoch 121] step 1/250 | train_total_loss=0.0001
[Epoch 121] step 50/250 | train_total_loss=0.0001
[Epoch 121] step 100/250 | train_total_loss=0.0002
[Epoch 121] step 150/250 | train_total_loss=0.0002
[Epoch 121] step 200/250 | train_total_loss=0.0003
[Epoch 121] step 250/250 | train_total_loss=0.0003
[Epoch 121] time_sec=160.1 train_loss=0.0002 val_loss=0.5717 val_dice=0.7665
[Epoch 122] step 1/250 | train_total_loss=0.0000
[Epoch 122] step 50/250 | train_total_loss=0.0002
[Epoch 122] step 100/250 | train_total_loss=0.0002
[Epoch 122] step 150/250 | train_total_loss=0.0001
[Epoch 122] step 200/250 | train_total_loss=0.0002
[Epoch 122] step 250/250 | train_total_loss=0.0001
[Epoch 122] time_sec=160.0 train_loss=0.0002 val_loss=0.5785 val_dice=0.7639
[Epoch 123] step 1/250 | train_total_loss=0.0000
[Epoch 123] step 50/250 | train_total_loss=0.0002
[Epoch 123] step 100/250 | train_total_loss=0.0001
[Epoch 123] step 150/250 | train_total_loss=0.0003
[Epoch 123] step 200/250 | train_total_loss=0.0001
[Epoch 123] step 250/250 | train_total_loss=0.0002
[Epoch 123] time_sec=160.4 train_loss=0.0002 val_loss=0.5773 val_dice=0.7638
[Epoch 124] step 1/250 | train_total_loss=0.0000
[Epoch 124] step 50/250 | train_total_loss=0.0002
[Epoch 124] step 100/250 | train_total_loss=0.0001
[Epoch 124] step 150/250 | train_total_loss=0.0001
[Epoch 124] step 200/250 | train_total_loss=0.0002
[Epoch 124] step 250/250 | train_total_loss=0.0002
[Epoch 124] time_sec=160.5 train_loss=0.0002 val_loss=0.5768 val_dice=0.7645
[Epoch 125] step 1/250 | train_total_loss=0.0007
[Epoch 125] step 50/250 | train_total_loss=0.0001
[Epoch 125] step 100/250 | train_total_loss=0.0001
[Epoch 125] step 150/250 | train_total_loss=0.0001
[Epoch 125] step 200/250 | train_total_loss=0.0001
[Epoch 125] step 250/250 | train_total_loss=0.0001
[Epoch 125] time_sec=160.6 train_loss=0.0001 val_loss=0.5785 val_dice=0.7646
[Epoch 126] step 1/250 | train_total_loss=0.0001
[Epoch 126] step 50/250 | train_total_loss=0.0001
[Epoch 126] step 100/250 | train_total_loss=0.0001
[Epoch 126] step 150/250 | train_total_loss=0.0001
[Epoch 126] step 200/250 | train_total_loss=0.0002
[Epoch 126] step 250/250 | train_total_loss=0.0001
[Epoch 126] time_sec=160.1 train_loss=0.0001 val_loss=0.5812 val_dice=0.7642
[Epoch 127] step 1/250 | train_total_loss=0.0000
[Epoch 127] step 50/250 | train_total_loss=0.0002
[Epoch 127] step 100/250 | train_total_loss=0.0001
[Epoch 127] step 150/250 | train_total_loss=0.0000
[Epoch 127] step 200/250 | train_total_loss=0.0001
[Epoch 127] step 250/250 | train_total_loss=0.0001
[Epoch 127] time_sec=161.2 train_loss=0.0001 val_loss=0.5781 val_dice=0.7662
[Epoch 128] step 1/250 | train_total_loss=0.0000
[Epoch 128] step 50/250 | train_total_loss=0.0001
[Epoch 128] step 100/250 | train_total_loss=0.0001
[Epoch 128] step 150/250 | train_total_loss=0.0001
[Epoch 128] step 200/250 | train_total_loss=0.0001
[Epoch 128] step 250/250 | train_total_loss=0.0001
[Epoch 128] time_sec=160.9 train_loss=0.0001 val_loss=0.5785 val_dice=0.7661
[Epoch 129] step 1/250 | train_total_loss=0.0000
[Epoch 129] step 50/250 | train_total_loss=0.0000
[Epoch 129] step 100/250 | train_total_loss=0.0000
[Epoch 129] step 150/250 | train_total_loss=0.0001
[Epoch 129] step 200/250 | train_total_loss=0.0001
[Epoch 129] step 250/250 | train_total_loss=0.0000
[Epoch 129] time_sec=160.6 train_loss=0.0001 val_loss=0.5808 val_dice=0.7658
[Epoch 130] step 1/250 | train_total_loss=0.0000
[Epoch 130] step 50/250 | train_total_loss=0.0000
[Epoch 130] step 100/250 | train_total_loss=0.0000
[Epoch 130] step 150/250 | train_total_loss=0.0000
[Epoch 130] step 200/250 | train_total_loss=0.0001
[Epoch 130] step 250/250 | train_total_loss=0.0001
[Epoch 130] time_sec=160.4 train_loss=0.0001 val_loss=0.5832 val_dice=0.7641
[Epoch 131] step 1/250 | train_total_loss=0.0007
[Epoch 131] step 50/250 | train_total_loss=0.0000
[Epoch 131] step 100/250 | train_total_loss=0.0001
[Epoch 131] step 150/250 | train_total_loss=0.0001
[Epoch 131] step 200/250 | train_total_loss=0.0000
[Epoch 131] step 250/250 | train_total_loss=0.0000
[Epoch 131] time_sec=160.4 train_loss=0.0000 val_loss=0.5813 val_dice=0.7653
[Epoch 132] step 1/250 | train_total_loss=0.0002
[Epoch 132] step 50/250 | train_total_loss=0.0000
[Epoch 132] step 100/250 | train_total_loss=0.0002
[Epoch 132] step 150/250 | train_total_loss=0.0000
[Epoch 132] step 200/250 | train_total_loss=0.0000
[Epoch 132] step 250/250 | train_total_loss=0.0000
[Epoch 132] time_sec=160.3 train_loss=0.0001 val_loss=0.5825 val_dice=0.7642
[Epoch 133] step 1/250 | train_total_loss=0.0000
[Epoch 133] step 50/250 | train_total_loss=0.0000
[Epoch 133] step 100/250 | train_total_loss=0.0000
[Epoch 133] step 150/250 | train_total_loss=0.0000
[Epoch 133] step 200/250 | train_total_loss=0.0000
[Epoch 133] step 250/250 | train_total_loss=0.0000
[Epoch 133] time_sec=160.3 train_loss=0.0000 val_loss=0.5830 val_dice=0.7649
[Epoch 134] step 1/250 | train_total_loss=0.0000
[Epoch 134] step 50/250 | train_total_loss=0.0000
[Epoch 134] step 100/250 | train_total_loss=0.0000
[Epoch 134] step 150/250 | train_total_loss=0.0000
[Epoch 134] step 200/250 | train_total_loss=0.0000
[Epoch 134] step 250/250 | train_total_loss=0.0000
[Epoch 134] time_sec=160.5 train_loss=0.0000 val_loss=0.5829 val_dice=0.7654
[Epoch 135] step 1/250 | train_total_loss=0.0000
[Epoch 135] step 50/250 | train_total_loss=0.0000
[Epoch 135] step 100/250 | train_total_loss=0.0000
[Epoch 135] step 150/250 | train_total_loss=0.0001
[Epoch 135] step 200/250 | train_total_loss=0.0000
[Epoch 135] step 250/250 | train_total_loss=0.0000
[Epoch 135] time_sec=160.4 train_loss=0.0000 val_loss=0.5854 val_dice=0.7647
[Epoch 136] step 1/250 | train_total_loss=0.0000
[Epoch 136] step 50/250 | train_total_loss=0.0000
[Epoch 136] step 100/250 | train_total_loss=0.0000
[Epoch 136] step 150/250 | train_total_loss=0.0000
[Epoch 136] step 200/250 | train_total_loss=0.0000
[Epoch 136] step 250/250 | train_total_loss=0.0000
[Epoch 136] time_sec=160.0 train_loss=0.0000 val_loss=0.5852 val_dice=0.7649
[Epoch 137] step 1/250 | train_total_loss=0.0000
[Epoch 137] step 50/250 | train_total_loss=0.0000
[Epoch 137] step 100/250 | train_total_loss=0.0000
[Epoch 137] step 150/250 | train_total_loss=0.0000
[Epoch 137] step 200/250 | train_total_loss=0.0000
[Epoch 137] step 250/250 | train_total_loss=0.0000
[Epoch 137] time_sec=160.0 train_loss=0.0000 val_loss=0.5853 val_dice=0.7652
[Epoch 138] step 1/250 | train_total_loss=0.0000
[Epoch 138] step 50/250 | train_total_loss=0.0000
[Epoch 138] step 100/250 | train_total_loss=0.0000
[Epoch 138] step 150/250 | train_total_loss=0.0000
[Epoch 138] step 200/250 | train_total_loss=0.0000
[Epoch 138] step 250/250 | train_total_loss=0.0000
[Epoch 138] time_sec=159.9 train_loss=0.0000 val_loss=0.5865 val_dice=0.7650
[Epoch 139] step 1/250 | train_total_loss=0.0000
[Epoch 139] step 50/250 | train_total_loss=0.0000
[Epoch 139] step 100/250 | train_total_loss=0.0000
[Epoch 139] step 150/250 | train_total_loss=0.0000
[Epoch 139] step 200/250 | train_total_loss=0.0000
[Epoch 139] step 250/250 | train_total_loss=0.0000
[Epoch 139] time_sec=160.4 train_loss=0.0000 val_loss=0.5875 val_dice=0.7650
[Epoch 140] step 1/250 | train_total_loss=0.0000
[Epoch 140] step 50/250 | train_total_loss=0.0000
[Epoch 140] step 100/250 | train_total_loss=0.0000
[Epoch 140] step 150/250 | train_total_loss=0.0000
[Epoch 140] step 200/250 | train_total_loss=0.0000
[Epoch 140] step 250/250 | train_total_loss=0.0000
[Epoch 140] time_sec=160.4 train_loss=0.0000 val_loss=0.5873 val_dice=0.7652
[Epoch 141] step 1/250 | train_total_loss=0.0000
[Epoch 141] step 50/250 | train_total_loss=0.0000
[Epoch 141] step 100/250 | train_total_loss=0.0000
[Epoch 141] step 150/250 | train_total_loss=0.0000
[Epoch 141] step 200/250 | train_total_loss=0.0000
[Epoch 141] step 250/250 | train_total_loss=0.0000
[Epoch 141] time_sec=160.4 train_loss=0.0000 val_loss=0.5878 val_dice=0.7650
[Epoch 142] step 1/250 | train_total_loss=0.0000
[Epoch 142] step 50/250 | train_total_loss=0.0000
[Epoch 142] step 100/250 | train_total_loss=0.0000
[Epoch 142] step 150/250 | train_total_loss=0.0000
[Epoch 142] step 200/250 | train_total_loss=0.0000
[Epoch 142] step 250/250 | train_total_loss=0.0000
[Epoch 142] time_sec=159.6 train_loss=0.0000 val_loss=0.5875 val_dice=0.7652
[Epoch 143] step 1/250 | train_total_loss=0.0000
[Epoch 143] step 50/250 | train_total_loss=0.0000
[Epoch 143] step 100/250 | train_total_loss=0.0000
[Epoch 143] step 150/250 | train_total_loss=0.0000
[Epoch 143] step 200/250 | train_total_loss=0.0000
[Epoch 143] step 250/250 | train_total_loss=0.0000
[Epoch 143] time_sec=160.5 train_loss=0.0000 val_loss=0.5889 val_dice=0.7647
[Epoch 144] step 1/250 | train_total_loss=0.0000
[Epoch 144] step 50/250 | train_total_loss=0.0000
[Epoch 144] step 100/250 | train_total_loss=0.0000
[Epoch 144] step 150/250 | train_total_loss=0.0000
[Epoch 144] step 200/250 | train_total_loss=0.0000
[Epoch 144] step 250/250 | train_total_loss=0.0000
[Epoch 144] time_sec=160.6 train_loss=0.0000 val_loss=0.5887 val_dice=0.7653
[Epoch 145] step 1/250 | train_total_loss=0.0000
[Epoch 145] step 50/250 | train_total_loss=0.0000
[Epoch 145] step 100/250 | train_total_loss=0.0000
[Epoch 145] step 150/250 | train_total_loss=0.0000
[Epoch 145] step 200/250 | train_total_loss=0.0000
[Epoch 145] step 250/250 | train_total_loss=0.0000
[Epoch 145] time_sec=160.6 train_loss=0.0000 val_loss=0.5898 val_dice=0.7646
[Epoch 146] step 1/250 | train_total_loss=0.0000
[Epoch 146] step 50/250 | train_total_loss=0.0000
[Epoch 146] step 100/250 | train_total_loss=0.0000
[Epoch 146] step 150/250 | train_total_loss=0.0000
[Epoch 146] step 200/250 | train_total_loss=0.0000
[Epoch 146] step 250/250 | train_total_loss=0.0000
[Epoch 146] time_sec=160.7 train_loss=0.0000 val_loss=0.5896 val_dice=0.7648
[Epoch 147] step 1/250 | train_total_loss=0.0000
[Epoch 147] step 50/250 | train_total_loss=0.0000
[Epoch 147] step 100/250 | train_total_loss=0.0000
[Epoch 147] step 150/250 | train_total_loss=0.0000
[Epoch 147] step 200/250 | train_total_loss=0.0000
[Epoch 147] step 250/250 | train_total_loss=0.0000
[Epoch 147] time_sec=160.2 train_loss=0.0000 val_loss=0.5903 val_dice=0.7645
[Epoch 148] step 1/250 | train_total_loss=0.0000
[Epoch 148] step 50/250 | train_total_loss=0.0000
[Epoch 148] step 100/250 | train_total_loss=0.0000
[Epoch 148] step 150/250 | train_total_loss=0.0000
[Epoch 148] step 200/250 | train_total_loss=0.0000
[Epoch 148] step 250/250 | train_total_loss=0.0000
[Epoch 148] time_sec=160.2 train_loss=0.0000 val_loss=0.5904 val_dice=0.7648
[Epoch 149] step 1/250 | train_total_loss=0.0000
[Epoch 149] step 50/250 | train_total_loss=0.0000
[Epoch 149] step 100/250 | train_total_loss=0.0000
[Epoch 149] step 150/250 | train_total_loss=0.0000
[Epoch 149] step 200/250 | train_total_loss=0.0000
[Epoch 149] step 250/250 | train_total_loss=0.0000
[Epoch 149] time_sec=160.2 train_loss=0.0000 val_loss=0.5904 val_dice=0.7649
[Epoch 150] step 1/250 | train_total_loss=0.0000
[Epoch 150] step 50/250 | train_total_loss=0.0000
[Epoch 150] step 100/250 | train_total_loss=0.0000
[Epoch 150] step 150/250 | train_total_loss=0.0000
[Epoch 150] step 200/250 | train_total_loss=0.0000
[Epoch 150] step 250/250 | train_total_loss=0.0000
[Epoch 150] time_sec=160.1 train_loss=0.0000 val_loss=0.5907 val_dice=0.7649
Loaded best checkpoint for validation panels.
Saved center validation panel -> runs_3d/full_frame_resize_test_2597871/val_panels/final_01_idx197_center.png
Saved context validation panel -> runs_3d/full_frame_resize_test_2597871/val_panels/final_01_idx197_context.png
Saved center validation panel -> runs_3d/full_frame_resize_test_2597871/val_panels/final_02_idx215_center.png
Saved context validation panel -> runs_3d/full_frame_resize_test_2597871/val_panels/final_02_idx215_context.png
Saved center validation panel -> runs_3d/full_frame_resize_test_2597871/val_panels/final_03_idx20_center.png
Saved context validation panel -> runs_3d/full_frame_resize_test_2597871/val_panels/final_03_idx20_context.png
Training completed.
job finished: Fri Mar 27 03:03:44 AM EDT 2026
