job started: Mon Mar 30 11:33:25 AM EDT 2026
job id: 2806298
hostname: kn079
pwd before cd: /home/pirie03/projects/aip-medilab/pirie03/NeedleMicroSeg/scripts/slurm
pwd after cd: /home/pirie03/projects/aip-medilab/pirie03/NeedleMicroSeg
activating venv: Mon Mar 30 11:33:25 AM EDT 2026
venv activated: Mon Mar 30 11:33:25 AM EDT 2026
Run dir: runs_3d/full_frame_resize_test_2806298
Device: cuda
GPU: NVIDIA L40S
Train config: /home/pirie03/projects/aip-medilab/pirie03/NeedleMicroSeg/configs/train_3d/temporal_window_resized.yaml
Split ID: kfold_cv_fold-0
Extractor: temporal_window
Train samples: 1345 | Val samples: 354
[Epoch 1] step 1/250 | train_total_loss=1.9948
[Epoch 1] step 100/250 | train_total_loss=0.8332
[Epoch 1] step 200/250 | train_total_loss=0.4439
[Epoch 1] time_sec=158.8 train_loss=0.5987 val_loss=0.5047 val_dice=0.7179
[Epoch 2] step 1/250 | train_total_loss=0.3600
[Epoch 2] step 100/250 | train_total_loss=0.4053
[Epoch 2] step 200/250 | train_total_loss=0.3779
[Epoch 2] time_sec=156.5 train_loss=0.3899 val_loss=0.4203 val_dice=0.7629
[Epoch 3] step 1/250 | train_total_loss=0.4701
[Epoch 3] step 100/250 | train_total_loss=0.3423
[Epoch 3] step 200/250 | train_total_loss=0.3643
[Epoch 3] time_sec=156.5 train_loss=0.3527 val_loss=0.4252 val_dice=0.7588
[Epoch 4] step 1/250 | train_total_loss=0.4143
[Epoch 4] step 100/250 | train_total_loss=0.3232
[Epoch 4] step 200/250 | train_total_loss=0.3324
[Epoch 4] time_sec=156.4 train_loss=0.3320 val_loss=0.3928 val_dice=0.7757
[Epoch 5] step 1/250 | train_total_loss=0.2333
[Epoch 5] step 100/250 | train_total_loss=0.2923
[Epoch 5] step 200/250 | train_total_loss=0.3109
[Epoch 5] time_sec=156.3 train_loss=0.2989 val_loss=0.3832 val_dice=0.7815
[Epoch 6] step 1/250 | train_total_loss=0.2180
[Epoch 6] step 100/250 | train_total_loss=0.2500
[Epoch 6] step 200/250 | train_total_loss=0.2714
[Epoch 6] time_sec=156.2 train_loss=0.2571 val_loss=0.4111 val_dice=0.7700
[Epoch 7] step 1/250 | train_total_loss=0.2338
[Epoch 7] step 100/250 | train_total_loss=0.2204
[Epoch 7] step 200/250 | train_total_loss=0.2131
[Epoch 7] time_sec=156.3 train_loss=0.2117 val_loss=0.3887 val_dice=0.7835
[Epoch 8] step 1/250 | train_total_loss=0.1326
[Epoch 8] step 100/250 | train_total_loss=0.1962
[Epoch 8] step 200/250 | train_total_loss=0.1836
[Epoch 8] time_sec=156.8 train_loss=0.1871 val_loss=0.3963 val_dice=0.7796
[Epoch 9] step 1/250 | train_total_loss=0.1567
[Epoch 9] step 100/250 | train_total_loss=0.1630
[Epoch 9] step 200/250 | train_total_loss=0.1625
[Epoch 9] time_sec=156.1 train_loss=0.1629 val_loss=0.3834 val_dice=0.7871
[Epoch 10] step 1/250 | train_total_loss=0.1523
[Epoch 10] step 100/250 | train_total_loss=0.1390
[Epoch 10] step 200/250 | train_total_loss=0.1514
[Epoch 10] time_sec=156.2 train_loss=0.1474 val_loss=0.4430 val_dice=0.7588
[Epoch 11] step 1/250 | train_total_loss=0.1670
[Epoch 11] step 100/250 | train_total_loss=0.1333
[Epoch 11] step 200/250 | train_total_loss=0.1239
[Epoch 11] time_sec=156.3 train_loss=0.1289 val_loss=0.4039 val_dice=0.7765
[Epoch 12] step 1/250 | train_total_loss=0.1042
[Epoch 12] step 100/250 | train_total_loss=0.1161
[Epoch 12] step 200/250 | train_total_loss=0.1150
[Epoch 12] time_sec=156.1 train_loss=0.1172 val_loss=0.4041 val_dice=0.7781
[Epoch 13] step 1/250 | train_total_loss=0.1477
[Epoch 13] step 100/250 | train_total_loss=0.1109
[Epoch 13] step 200/250 | train_total_loss=0.1038
[Epoch 13] time_sec=156.6 train_loss=0.1075 val_loss=0.3973 val_dice=0.7830
[Epoch 14] step 1/250 | train_total_loss=0.0761
[Epoch 14] step 100/250 | train_total_loss=0.1083
[Epoch 14] step 200/250 | train_total_loss=0.1062
[Epoch 14] time_sec=156.9 train_loss=0.1047 val_loss=0.3945 val_dice=0.7877
[Epoch 15] step 1/250 | train_total_loss=0.1016
[Epoch 15] step 100/250 | train_total_loss=0.0940
[Epoch 15] step 200/250 | train_total_loss=0.0912
[Epoch 15] time_sec=156.5 train_loss=0.0948 val_loss=0.4513 val_dice=0.7504
[Epoch 16] step 1/250 | train_total_loss=0.1754
[Epoch 16] step 100/250 | train_total_loss=0.1017
[Epoch 16] step 200/250 | train_total_loss=0.0898
[Epoch 16] time_sec=156.0 train_loss=0.0947 val_loss=0.4048 val_dice=0.7812
[Epoch 17] step 1/250 | train_total_loss=0.0587
[Epoch 17] step 100/250 | train_total_loss=0.0908
[Epoch 17] step 200/250 | train_total_loss=0.0854
[Epoch 17] time_sec=156.1 train_loss=0.0884 val_loss=0.4070 val_dice=0.7815
[Epoch 18] step 1/250 | train_total_loss=0.0712
[Epoch 18] step 100/250 | train_total_loss=0.0878
[Epoch 18] step 200/250 | train_total_loss=0.0798
[Epoch 18] time_sec=156.1 train_loss=0.0815 val_loss=0.4131 val_dice=0.7789
[Epoch 19] step 1/250 | train_total_loss=0.0888
[Epoch 19] step 100/250 | train_total_loss=0.0790
[Epoch 19] step 200/250 | train_total_loss=0.0842
[Epoch 19] time_sec=156.1 train_loss=0.0811 val_loss=0.4156 val_dice=0.7803
[Epoch 20] step 1/250 | train_total_loss=0.0796
[Epoch 20] step 100/250 | train_total_loss=0.0823
[Epoch 20] step 200/250 | train_total_loss=0.0737
[Epoch 20] time_sec=157.0 train_loss=0.0778 val_loss=0.4281 val_dice=0.7749
[Epoch 21] step 1/250 | train_total_loss=0.1146
[Epoch 21] step 100/250 | train_total_loss=0.0765
[Epoch 21] step 200/250 | train_total_loss=0.0731
[Epoch 21] time_sec=156.7 train_loss=0.0742 val_loss=0.4100 val_dice=0.7820
[Epoch 22] step 1/250 | train_total_loss=0.1140
[Epoch 22] step 100/250 | train_total_loss=0.0722
[Epoch 22] step 200/250 | train_total_loss=0.0718
[Epoch 22] time_sec=156.7 train_loss=0.0725 val_loss=0.4317 val_dice=0.7694
[Epoch 23] step 1/250 | train_total_loss=0.0954
[Epoch 23] step 100/250 | train_total_loss=0.0752
[Epoch 23] step 200/250 | train_total_loss=0.0733
[Epoch 23] time_sec=157.1 train_loss=0.0732 val_loss=0.4116 val_dice=0.7815
[Epoch 24] step 1/250 | train_total_loss=0.0757
[Epoch 24] step 100/250 | train_total_loss=0.0751
[Epoch 24] step 200/250 | train_total_loss=0.0711
[Epoch 24] time_sec=156.7 train_loss=0.0719 val_loss=0.4326 val_dice=0.7703
[Epoch 25] step 1/250 | train_total_loss=0.0473
[Epoch 25] step 100/250 | train_total_loss=0.0625
[Epoch 25] step 200/250 | train_total_loss=0.0652
[Epoch 25] time_sec=157.1 train_loss=0.0630 val_loss=0.4268 val_dice=0.7750
[Epoch 26] step 1/250 | train_total_loss=0.0657
[Epoch 26] step 100/250 | train_total_loss=0.0658
[Epoch 26] step 200/250 | train_total_loss=0.0582
[Epoch 26] time_sec=157.6 train_loss=0.0615 val_loss=0.4290 val_dice=0.7727
[Epoch 27] step 1/250 | train_total_loss=0.0970
[Epoch 27] step 100/250 | train_total_loss=0.0647
[Epoch 27] step 200/250 | train_total_loss=0.0598
[Epoch 27] time_sec=157.0 train_loss=0.0610 val_loss=0.4247 val_dice=0.7785
[Epoch 28] step 1/250 | train_total_loss=0.0760
[Epoch 28] step 100/250 | train_total_loss=0.0631
[Epoch 28] step 200/250 | train_total_loss=0.0628
[Epoch 28] time_sec=156.8 train_loss=0.0631 val_loss=0.4214 val_dice=0.7783
[Epoch 29] step 1/250 | train_total_loss=0.0741
[Epoch 29] step 100/250 | train_total_loss=0.0581
[Epoch 29] step 200/250 | train_total_loss=0.0663
[Epoch 29] time_sec=156.8 train_loss=0.0616 val_loss=0.4273 val_dice=0.7751
[Epoch 30] step 1/250 | train_total_loss=0.0695
[Epoch 30] step 100/250 | train_total_loss=0.0599
[Epoch 30] step 200/250 | train_total_loss=0.0595
[Epoch 30] time_sec=157.4 train_loss=0.0601 val_loss=0.4288 val_dice=0.7765
[Epoch 31] step 1/250 | train_total_loss=0.0687
[Epoch 31] step 100/250 | train_total_loss=0.0591
[Epoch 31] step 200/250 | train_total_loss=0.0557
[Epoch 31] time_sec=156.8 train_loss=0.0574 val_loss=0.4370 val_dice=0.7713
[Epoch 32] step 1/250 | train_total_loss=0.0370
[Epoch 32] step 100/250 | train_total_loss=0.0575
[Epoch 32] step 200/250 | train_total_loss=0.0544
[Epoch 32] time_sec=156.4 train_loss=0.0557 val_loss=0.4334 val_dice=0.7734
[Epoch 33] step 1/250 | train_total_loss=0.0665
[Epoch 33] step 100/250 | train_total_loss=0.0548
[Epoch 33] step 200/250 | train_total_loss=0.0542
[Epoch 33] time_sec=156.7 train_loss=0.0533 val_loss=0.4327 val_dice=0.7750
[Epoch 34] step 1/250 | train_total_loss=0.0582
[Epoch 34] step 100/250 | train_total_loss=0.0540
[Epoch 34] step 200/250 | train_total_loss=0.0462
[Epoch 34] time_sec=156.6 train_loss=0.0500 val_loss=0.4478 val_dice=0.7683
[Epoch 35] step 1/250 | train_total_loss=0.0356
[Epoch 35] step 100/250 | train_total_loss=0.0516
[Epoch 35] step 200/250 | train_total_loss=0.0509
[Epoch 35] time_sec=156.9 train_loss=0.0503 val_loss=0.4519 val_dice=0.7659
[Epoch 36] step 1/250 | train_total_loss=0.0598
[Epoch 36] step 100/250 | train_total_loss=0.0521
[Epoch 36] step 200/250 | train_total_loss=0.0472
[Epoch 36] time_sec=157.1 train_loss=0.0492 val_loss=0.4413 val_dice=0.7710
[Epoch 37] step 1/250 | train_total_loss=0.0444
[Epoch 37] step 100/250 | train_total_loss=0.0504
[Epoch 37] step 200/250 | train_total_loss=0.0473
[Epoch 37] time_sec=157.2 train_loss=0.0482 val_loss=0.4582 val_dice=0.7634
[Epoch 38] step 1/250 | train_total_loss=0.0369
[Epoch 38] step 100/250 | train_total_loss=0.0473
[Epoch 38] step 200/250 | train_total_loss=0.0450
[Epoch 38] time_sec=157.0 train_loss=0.0457 val_loss=0.4642 val_dice=0.7590
[Epoch 39] step 1/250 | train_total_loss=0.0372
[Epoch 39] step 100/250 | train_total_loss=0.0455
[Epoch 39] step 200/250 | train_total_loss=0.0423
[Epoch 39] time_sec=157.0 train_loss=0.0439 val_loss=0.4502 val_dice=0.7680
[Epoch 40] step 1/250 | train_total_loss=0.0444
[Epoch 40] step 100/250 | train_total_loss=0.0445
[Epoch 40] step 200/250 | train_total_loss=0.0478
[Epoch 40] time_sec=156.9 train_loss=0.0451 val_loss=0.4563 val_dice=0.7671
[Epoch 41] step 1/250 | train_total_loss=0.0880
[Epoch 41] step 100/250 | train_total_loss=0.0457
[Epoch 41] step 200/250 | train_total_loss=0.0410
[Epoch 41] time_sec=156.8 train_loss=0.0430 val_loss=0.4480 val_dice=0.7701
[Epoch 42] step 1/250 | train_total_loss=0.0331
[Epoch 42] step 100/250 | train_total_loss=0.0417
[Epoch 42] step 200/250 | train_total_loss=0.0387
[Epoch 42] time_sec=156.9 train_loss=0.0407 val_loss=0.4529 val_dice=0.7669
[Epoch 43] step 1/250 | train_total_loss=0.0438
[Epoch 43] step 100/250 | train_total_loss=0.0402
[Epoch 43] step 200/250 | train_total_loss=0.0441
[Epoch 43] time_sec=156.9 train_loss=0.0415 val_loss=0.4488 val_dice=0.7697
[Epoch 44] step 1/250 | train_total_loss=0.0581
[Epoch 44] step 100/250 | train_total_loss=0.0401
[Epoch 44] step 200/250 | train_total_loss=0.0393
[Epoch 44] time_sec=156.7 train_loss=0.0397 val_loss=0.4493 val_dice=0.7704
[Epoch 45] step 1/250 | train_total_loss=0.0411
[Epoch 45] step 100/250 | train_total_loss=0.0387
[Epoch 45] step 200/250 | train_total_loss=0.0382
[Epoch 45] time_sec=156.4 train_loss=0.0377 val_loss=0.4546 val_dice=0.7704
[Epoch 46] step 1/250 | train_total_loss=0.0220
[Epoch 46] step 100/250 | train_total_loss=0.0370
[Epoch 46] step 200/250 | train_total_loss=0.0347
[Epoch 46] time_sec=157.0 train_loss=0.0360 val_loss=0.4709 val_dice=0.7596
[Epoch 47] step 1/250 | train_total_loss=0.0359
[Epoch 47] step 100/250 | train_total_loss=0.0361
[Epoch 47] step 200/250 | train_total_loss=0.0368
[Epoch 47] time_sec=156.3 train_loss=0.0356 val_loss=0.4583 val_dice=0.7696
[Epoch 48] step 1/250 | train_total_loss=0.0357
[Epoch 48] step 100/250 | train_total_loss=0.0349
[Epoch 48] step 200/250 | train_total_loss=0.0355
[Epoch 48] time_sec=156.5 train_loss=0.0349 val_loss=0.4666 val_dice=0.7641
[Epoch 49] step 1/250 | train_total_loss=0.0352
[Epoch 49] step 100/250 | train_total_loss=0.0345
[Epoch 49] step 200/250 | train_total_loss=0.0323
[Epoch 49] time_sec=156.6 train_loss=0.0333 val_loss=0.4758 val_dice=0.7592
[Epoch 50] step 1/250 | train_total_loss=0.0509
[Epoch 50] step 100/250 | train_total_loss=0.0355
[Epoch 50] step 200/250 | train_total_loss=0.0335
[Epoch 50] time_sec=156.3 train_loss=0.0344 val_loss=0.4647 val_dice=0.7646
[Epoch 51] step 1/250 | train_total_loss=0.0466
[Epoch 51] step 100/250 | train_total_loss=0.0337
[Epoch 51] step 200/250 | train_total_loss=0.0318
[Epoch 51] time_sec=156.6 train_loss=0.0326 val_loss=0.4705 val_dice=0.7641
[Epoch 52] step 1/250 | train_total_loss=0.0272
[Epoch 52] step 100/250 | train_total_loss=0.0328
[Epoch 52] step 200/250 | train_total_loss=0.0284
[Epoch 52] time_sec=157.3 train_loss=0.0303 val_loss=0.4639 val_dice=0.7681
[Epoch 53] step 1/250 | train_total_loss=0.0408
[Epoch 53] step 100/250 | train_total_loss=0.0289
[Epoch 53] step 200/250 | train_total_loss=0.0274
[Epoch 53] time_sec=156.7 train_loss=0.0282 val_loss=0.4694 val_dice=0.7648
[Epoch 54] step 1/250 | train_total_loss=0.0343
[Epoch 54] step 100/250 | train_total_loss=0.0283
[Epoch 54] step 200/250 | train_total_loss=0.0280
[Epoch 54] time_sec=156.8 train_loss=0.0278 val_loss=0.4646 val_dice=0.7703
[Epoch 55] step 1/250 | train_total_loss=0.0192
[Epoch 55] step 100/250 | train_total_loss=0.0267
[Epoch 55] step 200/250 | train_total_loss=0.0278
[Epoch 55] time_sec=156.5 train_loss=0.0271 val_loss=0.4622 val_dice=0.7688
[Epoch 56] step 1/250 | train_total_loss=0.0247
[Epoch 56] step 100/250 | train_total_loss=0.0261
[Epoch 56] step 200/250 | train_total_loss=0.0266
[Epoch 56] time_sec=157.1 train_loss=0.0259 val_loss=0.4744 val_dice=0.7673
[Epoch 57] step 1/250 | train_total_loss=0.0313
[Epoch 57] step 100/250 | train_total_loss=0.0233
[Epoch 57] step 200/250 | train_total_loss=0.0222
[Epoch 57] time_sec=157.0 train_loss=0.0233 val_loss=0.4750 val_dice=0.7667
[Epoch 58] step 1/250 | train_total_loss=0.0228
[Epoch 58] step 100/250 | train_total_loss=0.0243
[Epoch 58] step 200/250 | train_total_loss=0.0225
[Epoch 58] time_sec=157.2 train_loss=0.0229 val_loss=0.4780 val_dice=0.7678
[Epoch 59] step 1/250 | train_total_loss=0.0269
[Epoch 59] step 100/250 | train_total_loss=0.0212
[Epoch 59] step 200/250 | train_total_loss=0.0214
[Epoch 59] time_sec=157.9 train_loss=0.0218 val_loss=0.4720 val_dice=0.7687
[Epoch 60] step 1/250 | train_total_loss=0.0132
[Epoch 60] step 100/250 | train_total_loss=0.0209
[Epoch 60] step 200/250 | train_total_loss=0.0208
[Epoch 60] time_sec=157.1 train_loss=0.0206 val_loss=0.4740 val_dice=0.7688
[Epoch 61] step 1/250 | train_total_loss=0.0171
[Epoch 61] step 100/250 | train_total_loss=0.0205
[Epoch 61] step 200/250 | train_total_loss=0.0192
[Epoch 61] time_sec=157.0 train_loss=0.0195 val_loss=0.4809 val_dice=0.7668
[Epoch 62] step 1/250 | train_total_loss=0.0156
[Epoch 62] step 100/250 | train_total_loss=0.0202
[Epoch 62] step 200/250 | train_total_loss=0.0177
[Epoch 62] time_sec=157.3 train_loss=0.0188 val_loss=0.5021 val_dice=0.7584
[Epoch 63] step 1/250 | train_total_loss=0.0157
[Epoch 63] step 100/250 | train_total_loss=0.0188
[Epoch 63] step 200/250 | train_total_loss=0.0196
[Epoch 63] time_sec=157.6 train_loss=0.0191 val_loss=0.4792 val_dice=0.7689
[Epoch 64] step 1/250 | train_total_loss=0.0204
[Epoch 64] step 100/250 | train_total_loss=0.0187
[Epoch 64] step 200/250 | train_total_loss=0.0173
[Epoch 64] time_sec=157.4 train_loss=0.0179 val_loss=0.4972 val_dice=0.7588
[Epoch 65] step 1/250 | train_total_loss=0.0110
[Epoch 65] step 100/250 | train_total_loss=0.0164
[Epoch 65] step 200/250 | train_total_loss=0.0160
[Epoch 65] time_sec=157.4 train_loss=0.0161 val_loss=0.4882 val_dice=0.7670
[Epoch 66] step 1/250 | train_total_loss=0.0160
[Epoch 66] step 100/250 | train_total_loss=0.0159
[Epoch 66] step 200/250 | train_total_loss=0.0154
[Epoch 66] time_sec=157.3 train_loss=0.0155 val_loss=0.4974 val_dice=0.7636
[Epoch 67] step 1/250 | train_total_loss=0.0157
[Epoch 67] step 100/250 | train_total_loss=0.0145
[Epoch 67] step 200/250 | train_total_loss=0.0145
[Epoch 67] time_sec=157.1 train_loss=0.0146 val_loss=0.4845 val_dice=0.7691
[Epoch 68] step 1/250 | train_total_loss=0.0158
[Epoch 68] step 100/250 | train_total_loss=0.0151
[Epoch 68] step 200/250 | train_total_loss=0.0142
[Epoch 68] time_sec=157.6 train_loss=0.0145 val_loss=0.4911 val_dice=0.7690
[Epoch 69] step 1/250 | train_total_loss=0.0146
[Epoch 69] step 100/250 | train_total_loss=0.0142
[Epoch 69] step 200/250 | train_total_loss=0.0128
[Epoch 69] time_sec=156.9 train_loss=0.0137 val_loss=0.5072 val_dice=0.7613
[Epoch 70] step 1/250 | train_total_loss=0.0178
[Epoch 70] step 100/250 | train_total_loss=0.0143
[Epoch 70] step 200/250 | train_total_loss=0.0130
[Epoch 70] time_sec=157.3 train_loss=0.0136 val_loss=0.5001 val_dice=0.7649
[Epoch 71] step 1/250 | train_total_loss=0.0138
[Epoch 71] step 100/250 | train_total_loss=0.0126
[Epoch 71] step 200/250 | train_total_loss=0.0120
[Epoch 71] time_sec=157.6 train_loss=0.0122 val_loss=0.5019 val_dice=0.7648
[Epoch 72] step 1/250 | train_total_loss=0.0104
[Epoch 72] step 100/250 | train_total_loss=0.0114
[Epoch 72] step 200/250 | train_total_loss=0.0112
[Epoch 72] time_sec=158.2 train_loss=0.0112 val_loss=0.5037 val_dice=0.7675
[Epoch 73] step 1/250 | train_total_loss=0.0069
[Epoch 73] step 100/250 | train_total_loss=0.0114
[Epoch 73] step 200/250 | train_total_loss=0.0101
[Epoch 73] time_sec=157.3 train_loss=0.0107 val_loss=0.5000 val_dice=0.7683
[Epoch 74] step 1/250 | train_total_loss=0.0114
[Epoch 74] step 100/250 | train_total_loss=0.0105
[Epoch 74] step 200/250 | train_total_loss=0.0098
[Epoch 74] time_sec=157.3 train_loss=0.0101 val_loss=0.5082 val_dice=0.7654
[Epoch 75] step 1/250 | train_total_loss=0.0123
[Epoch 75] step 100/250 | train_total_loss=0.0093
[Epoch 75] step 200/250 | train_total_loss=0.0091
[Epoch 75] time_sec=157.6 train_loss=0.0093 val_loss=0.4978 val_dice=0.7698
[Epoch 76] step 1/250 | train_total_loss=0.0091
[Epoch 76] step 100/250 | train_total_loss=0.0093
[Epoch 76] step 200/250 | train_total_loss=0.0091
[Epoch 76] time_sec=156.7 train_loss=0.0090 val_loss=0.5173 val_dice=0.7635
[Epoch 77] step 1/250 | train_total_loss=0.0091
[Epoch 77] step 100/250 | train_total_loss=0.0091
[Epoch 77] step 200/250 | train_total_loss=0.0080
[Epoch 77] time_sec=156.8 train_loss=0.0084 val_loss=0.5102 val_dice=0.7675
[Epoch 78] step 1/250 | train_total_loss=0.0085
[Epoch 78] step 100/250 | train_total_loss=0.0088
[Epoch 78] step 200/250 | train_total_loss=0.0075
[Epoch 78] time_sec=157.0 train_loss=0.0079 val_loss=0.5170 val_dice=0.7640
[Epoch 79] step 1/250 | train_total_loss=0.0067
[Epoch 79] step 100/250 | train_total_loss=0.0075
[Epoch 79] step 200/250 | train_total_loss=0.0073
[Epoch 79] time_sec=157.2 train_loss=0.0074 val_loss=0.5095 val_dice=0.7690
[Epoch 80] step 1/250 | train_total_loss=0.0068
[Epoch 80] step 100/250 | train_total_loss=0.0070
[Epoch 80] step 200/250 | train_total_loss=0.0063
[Epoch 80] time_sec=156.9 train_loss=0.0066 val_loss=0.5202 val_dice=0.7649
[Epoch 81] step 1/250 | train_total_loss=0.0036
[Epoch 81] step 100/250 | train_total_loss=0.0063
[Epoch 81] step 200/250 | train_total_loss=0.0061
[Epoch 81] time_sec=157.2 train_loss=0.0061 val_loss=0.5212 val_dice=0.7648
[Epoch 82] step 1/250 | train_total_loss=0.0069
[Epoch 82] step 100/250 | train_total_loss=0.0061
[Epoch 82] step 200/250 | train_total_loss=0.0051
[Epoch 82] time_sec=157.1 train_loss=0.0056 val_loss=0.5301 val_dice=0.7614
[Epoch 83] step 1/250 | train_total_loss=0.0042
[Epoch 83] step 100/250 | train_total_loss=0.0053
[Epoch 83] step 200/250 | train_total_loss=0.0050
[Epoch 83] time_sec=157.2 train_loss=0.0052 val_loss=0.5316 val_dice=0.7626
[Epoch 84] step 1/250 | train_total_loss=0.0022
[Epoch 84] step 100/250 | train_total_loss=0.0046
[Epoch 84] step 200/250 | train_total_loss=0.0049
[Epoch 84] time_sec=156.6 train_loss=0.0049 val_loss=0.5345 val_dice=0.7617
[Epoch 85] step 1/250 | train_total_loss=0.0061
[Epoch 85] step 100/250 | train_total_loss=0.0047
[Epoch 85] step 200/250 | train_total_loss=0.0045
[Epoch 85] time_sec=156.7 train_loss=0.0046 val_loss=0.5341 val_dice=0.7632
[Epoch 86] step 1/250 | train_total_loss=0.0078
[Epoch 86] step 100/250 | train_total_loss=0.0041
[Epoch 86] step 200/250 | train_total_loss=0.0046
[Epoch 86] time_sec=157.6 train_loss=0.0043 val_loss=0.5284 val_dice=0.7675
[Epoch 87] step 1/250 | train_total_loss=0.0040
[Epoch 87] step 100/250 | train_total_loss=0.0038
[Epoch 87] step 200/250 | train_total_loss=0.0038
[Epoch 87] time_sec=157.1 train_loss=0.0037 val_loss=0.5420 val_dice=0.7627
[Epoch 88] step 1/250 | train_total_loss=0.0026
[Epoch 88] step 100/250 | train_total_loss=0.0033
[Epoch 88] step 200/250 | train_total_loss=0.0035
[Epoch 88] time_sec=157.0 train_loss=0.0034 val_loss=0.5447 val_dice=0.7603
[Epoch 89] step 1/250 | train_total_loss=0.0031
[Epoch 89] step 100/250 | train_total_loss=0.0032
[Epoch 89] step 200/250 | train_total_loss=0.0033
[Epoch 89] time_sec=156.8 train_loss=0.0033 val_loss=0.5489 val_dice=0.7587
[Epoch 90] step 1/250 | train_total_loss=0.0023
[Epoch 90] step 100/250 | train_total_loss=0.0033
[Epoch 90] step 200/250 | train_total_loss=0.0029
[Epoch 90] time_sec=156.4 train_loss=0.0031 val_loss=0.5447 val_dice=0.7622
[Epoch 91] step 1/250 | train_total_loss=0.0050
[Epoch 91] step 100/250 | train_total_loss=0.0027
[Epoch 91] step 200/250 | train_total_loss=0.0025
[Epoch 91] time_sec=156.8 train_loss=0.0026 val_loss=0.5504 val_dice=0.7596
[Epoch 92] step 1/250 | train_total_loss=0.0025
[Epoch 92] step 100/250 | train_total_loss=0.0023
[Epoch 92] step 200/250 | train_total_loss=0.0022
[Epoch 92] time_sec=157.8 train_loss=0.0022 val_loss=0.5471 val_dice=0.7639
[Epoch 93] step 1/250 | train_total_loss=0.0017
[Epoch 93] step 100/250 | train_total_loss=0.0019
[Epoch 93] step 200/250 | train_total_loss=0.0020
[Epoch 93] time_sec=157.5 train_loss=0.0020 val_loss=0.5525 val_dice=0.7618
[Epoch 94] step 1/250 | train_total_loss=0.0008
[Epoch 94] step 100/250 | train_total_loss=0.0019
[Epoch 94] step 200/250 | train_total_loss=0.0018
[Epoch 94] time_sec=157.5 train_loss=0.0019 val_loss=0.5455 val_dice=0.7648
[Epoch 95] step 1/250 | train_total_loss=0.0013
[Epoch 95] step 100/250 | train_total_loss=0.0017
[Epoch 95] step 200/250 | train_total_loss=0.0019
[Epoch 95] time_sec=156.7 train_loss=0.0018 val_loss=0.5571 val_dice=0.7601
[Epoch 96] step 1/250 | train_total_loss=0.0020
[Epoch 96] step 100/250 | train_total_loss=0.0015
[Epoch 96] step 200/250 | train_total_loss=0.0016
[Epoch 96] time_sec=157.1 train_loss=0.0016 val_loss=0.5664 val_dice=0.7566
[Epoch 97] step 1/250 | train_total_loss=0.0018
[Epoch 97] step 100/250 | train_total_loss=0.0017
[Epoch 97] step 200/250 | train_total_loss=0.0012
[Epoch 97] time_sec=157.8 train_loss=0.0015 val_loss=0.5599 val_dice=0.7606
[Epoch 98] step 1/250 | train_total_loss=0.0007
[Epoch 98] step 100/250 | train_total_loss=0.0014
[Epoch 98] step 200/250 | train_total_loss=0.0014
[Epoch 98] time_sec=157.1 train_loss=0.0014 val_loss=0.5579 val_dice=0.7619
[Epoch 99] step 1/250 | train_total_loss=0.0006
[Epoch 99] step 100/250 | train_total_loss=0.0010
[Epoch 99] step 200/250 | train_total_loss=0.0011
[Epoch 99] time_sec=157.5 train_loss=0.0011 val_loss=0.5703 val_dice=0.7581
[Epoch 100] step 1/250 | train_total_loss=0.0003
[Epoch 100] step 100/250 | train_total_loss=0.0010
[Epoch 100] step 200/250 | train_total_loss=0.0011
[Epoch 100] time_sec=156.7 train_loss=0.0010 val_loss=0.5694 val_dice=0.7580
[Epoch 101] step 1/250 | train_total_loss=0.0087
[Epoch 101] step 100/250 | train_total_loss=0.0008
[Epoch 101] step 200/250 | train_total_loss=0.0009
[Epoch 101] time_sec=156.8 train_loss=0.0009 val_loss=0.5654 val_dice=0.7607
[Epoch 102] step 1/250 | train_total_loss=0.0006
[Epoch 102] step 100/250 | train_total_loss=0.0009
[Epoch 102] step 200/250 | train_total_loss=0.0010
[Epoch 102] time_sec=157.5 train_loss=0.0009 val_loss=0.5618 val_dice=0.7625
[Epoch 103] step 1/250 | train_total_loss=0.0009
[Epoch 103] step 100/250 | train_total_loss=0.0013
[Epoch 103] step 200/250 | train_total_loss=0.0008
[Epoch 103] time_sec=156.8 train_loss=0.0010 val_loss=0.5698 val_dice=0.7601
[Epoch 104] step 1/250 | train_total_loss=0.0011
[Epoch 104] step 100/250 | train_total_loss=0.0008
[Epoch 104] step 200/250 | train_total_loss=0.0009
[Epoch 104] time_sec=157.2 train_loss=0.0008 val_loss=0.5649 val_dice=0.7629
[Epoch 105] step 1/250 | train_total_loss=0.0002
[Epoch 105] step 100/250 | train_total_loss=0.0008
[Epoch 105] step 200/250 | train_total_loss=0.0007
[Epoch 105] time_sec=157.1 train_loss=0.0007 val_loss=0.5734 val_dice=0.7593
[Epoch 106] step 1/250 | train_total_loss=0.0007
[Epoch 106] step 100/250 | train_total_loss=0.0006
[Epoch 106] step 200/250 | train_total_loss=0.0006
[Epoch 106] time_sec=157.3 train_loss=0.0006 val_loss=0.5686 val_dice=0.7600
[Epoch 107] step 1/250 | train_total_loss=0.0032
[Epoch 107] step 100/250 | train_total_loss=0.0005
[Epoch 107] step 200/250 | train_total_loss=0.0004
[Epoch 107] time_sec=157.5 train_loss=0.0006 val_loss=0.5765 val_dice=0.7587
[Epoch 108] step 1/250 | train_total_loss=0.0009
[Epoch 108] step 100/250 | train_total_loss=0.0005
[Epoch 108] step 200/250 | train_total_loss=0.0004
[Epoch 108] time_sec=157.7 train_loss=0.0005 val_loss=0.5795 val_dice=0.7574
[Epoch 109] step 1/250 | train_total_loss=0.0012
[Epoch 109] step 100/250 | train_total_loss=0.0004
[Epoch 109] step 200/250 | train_total_loss=0.0004
[Epoch 109] time_sec=157.7 train_loss=0.0004 val_loss=0.5696 val_dice=0.7641
[Epoch 110] step 1/250 | train_total_loss=0.0000
[Epoch 110] step 100/250 | train_total_loss=0.0003
[Epoch 110] step 200/250 | train_total_loss=0.0002
[Epoch 110] time_sec=158.7 train_loss=0.0003 val_loss=0.5701 val_dice=0.7643
[Epoch 111] step 1/250 | train_total_loss=0.0003
[Epoch 111] step 100/250 | train_total_loss=0.0002
[Epoch 111] step 200/250 | train_total_loss=0.0002
[Epoch 111] time_sec=158.3 train_loss=0.0002 val_loss=0.5786 val_dice=0.7600
[Epoch 112] step 1/250 | train_total_loss=0.0000
[Epoch 112] step 100/250 | train_total_loss=0.0001
[Epoch 112] step 200/250 | train_total_loss=0.0002
[Epoch 112] time_sec=158.1 train_loss=0.0002 val_loss=0.5749 val_dice=0.7630
[Epoch 113] step 1/250 | train_total_loss=0.0000
[Epoch 113] step 100/250 | train_total_loss=0.0001
[Epoch 113] step 200/250 | train_total_loss=0.0001
[Epoch 113] time_sec=157.6 train_loss=0.0002 val_loss=0.5803 val_dice=0.7604
[Epoch 114] step 1/250 | train_total_loss=0.0000
[Epoch 114] step 100/250 | train_total_loss=0.0002
[Epoch 114] step 200/250 | train_total_loss=0.0001
[Epoch 114] time_sec=157.7 train_loss=0.0002 val_loss=0.5811 val_dice=0.7599
[Epoch 115] step 1/250 | train_total_loss=0.0003
[Epoch 115] step 100/250 | train_total_loss=0.0002
[Epoch 115] step 200/250 | train_total_loss=0.0001
[Epoch 115] time_sec=157.5 train_loss=0.0002 val_loss=0.5786 val_dice=0.7630
[Epoch 116] step 1/250 | train_total_loss=0.0001
[Epoch 116] step 100/250 | train_total_loss=0.0002
[Epoch 116] step 200/250 | train_total_loss=0.0002
[Epoch 116] time_sec=157.2 train_loss=0.0002 val_loss=0.5853 val_dice=0.7581
[Epoch 117] step 1/250 | train_total_loss=0.0003
[Epoch 117] step 100/250 | train_total_loss=0.0003
[Epoch 117] step 200/250 | train_total_loss=0.0003
[Epoch 117] time_sec=157.2 train_loss=0.0003 val_loss=0.5813 val_dice=0.7601
[Epoch 118] step 1/250 | train_total_loss=0.0000
[Epoch 118] step 100/250 | train_total_loss=0.0004
[Epoch 118] step 200/250 | train_total_loss=0.0003
[Epoch 118] time_sec=159.9 train_loss=0.0003 val_loss=0.5837 val_dice=0.7596
[Epoch 119] step 1/250 | train_total_loss=0.0004
[Epoch 119] step 100/250 | train_total_loss=0.0003
[Epoch 119] step 200/250 | train_total_loss=0.0004
[Epoch 119] time_sec=159.5 train_loss=0.0003 val_loss=0.5870 val_dice=0.7577
[Epoch 120] step 1/250 | train_total_loss=0.0003
[Epoch 120] step 100/250 | train_total_loss=0.0001
[Epoch 120] step 200/250 | train_total_loss=0.0003
[Epoch 120] time_sec=159.0 train_loss=0.0002 val_loss=0.5840 val_dice=0.7584
[Epoch 121] step 1/250 | train_total_loss=0.0002
[Epoch 121] step 100/250 | train_total_loss=0.0002
[Epoch 121] step 200/250 | train_total_loss=0.0001
[Epoch 121] time_sec=159.7 train_loss=0.0002 val_loss=0.5837 val_dice=0.7602
[Epoch 122] step 1/250 | train_total_loss=0.0000
[Epoch 122] step 100/250 | train_total_loss=0.0001
[Epoch 122] step 200/250 | train_total_loss=0.0001
[Epoch 122] time_sec=158.4 train_loss=0.0001 val_loss=0.5898 val_dice=0.7574
[Epoch 123] step 1/250 | train_total_loss=0.0001
[Epoch 123] step 100/250 | train_total_loss=0.0001
[Epoch 123] step 200/250 | train_total_loss=0.0001
[Epoch 123] time_sec=158.1 train_loss=0.0001 val_loss=0.5836 val_dice=0.7603
[Epoch 124] step 1/250 | train_total_loss=0.0000
[Epoch 124] step 100/250 | train_total_loss=0.0001
[Epoch 124] step 200/250 | train_total_loss=0.0000
[Epoch 124] time_sec=157.7 train_loss=0.0001 val_loss=0.5891 val_dice=0.7581
[Epoch 125] step 1/250 | train_total_loss=0.0000
[Epoch 125] step 100/250 | train_total_loss=0.0000
[Epoch 125] step 200/250 | train_total_loss=0.0000
[Epoch 125] time_sec=157.5 train_loss=0.0000 val_loss=0.5880 val_dice=0.7605
[Epoch 126] step 1/250 | train_total_loss=0.0000
[Epoch 126] step 100/250 | train_total_loss=0.0000
[Epoch 126] step 200/250 | train_total_loss=0.0000
[Epoch 126] time_sec=157.9 train_loss=0.0000 val_loss=0.5899 val_dice=0.7598
[Epoch 127] step 1/250 | train_total_loss=0.0000
[Epoch 127] step 100/250 | train_total_loss=0.0000
[Epoch 127] step 200/250 | train_total_loss=0.0000
[Epoch 127] time_sec=157.7 train_loss=0.0000 val_loss=0.5907 val_dice=0.7597
[Epoch 128] step 1/250 | train_total_loss=0.0000
[Epoch 128] step 100/250 | train_total_loss=0.0000
[Epoch 128] step 200/250 | train_total_loss=0.0000
[Epoch 128] time_sec=157.2 train_loss=0.0000 val_loss=0.5918 val_dice=0.7597
[Epoch 129] step 1/250 | train_total_loss=0.0000
[Epoch 129] step 100/250 | train_total_loss=0.0000
[Epoch 129] step 200/250 | train_total_loss=0.0000
[Epoch 129] time_sec=157.0 train_loss=0.0000 val_loss=0.5914 val_dice=0.7599
[Epoch 130] step 1/250 | train_total_loss=0.0000
[Epoch 130] step 100/250 | train_total_loss=0.0000
[Epoch 130] step 200/250 | train_total_loss=0.0000
[Epoch 130] time_sec=157.7 train_loss=0.0000 val_loss=0.5924 val_dice=0.7600
[Epoch 131] step 1/250 | train_total_loss=0.0000
[Epoch 131] step 100/250 | train_total_loss=0.0000
[Epoch 131] step 200/250 | train_total_loss=0.0000
[Epoch 131] time_sec=157.6 train_loss=0.0000 val_loss=0.5939 val_dice=0.7596
[Epoch 132] step 1/250 | train_total_loss=0.0000
[Epoch 132] step 100/250 | train_total_loss=0.0000
[Epoch 132] step 200/250 | train_total_loss=0.0000
[Epoch 132] time_sec=157.1 train_loss=0.0000 val_loss=0.5937 val_dice=0.7600
[Epoch 133] step 1/250 | train_total_loss=0.0000
[Epoch 133] step 100/250 | train_total_loss=0.0000
[Epoch 133] step 200/250 | train_total_loss=0.0000
[Epoch 133] time_sec=157.4 train_loss=0.0000 val_loss=0.5950 val_dice=0.7591
[Epoch 134] step 1/250 | train_total_loss=0.0000
[Epoch 134] step 100/250 | train_total_loss=0.0000
[Epoch 134] step 200/250 | train_total_loss=0.0000
[Epoch 134] time_sec=157.7 train_loss=0.0000 val_loss=0.5939 val_dice=0.7595
[Epoch 135] step 1/250 | train_total_loss=0.0000
[Epoch 135] step 100/250 | train_total_loss=0.0000
[Epoch 135] step 200/250 | train_total_loss=0.0000
[Epoch 135] time_sec=157.3 train_loss=0.0000 val_loss=0.5949 val_dice=0.7596
[Epoch 136] step 1/250 | train_total_loss=0.0000
[Epoch 136] step 100/250 | train_total_loss=0.0000
[Epoch 136] step 200/250 | train_total_loss=0.0000
[Epoch 136] time_sec=157.4 train_loss=0.0000 val_loss=0.5914 val_dice=0.7613
[Epoch 137] step 1/250 | train_total_loss=0.0000
[Epoch 137] step 100/250 | train_total_loss=0.0000
[Epoch 137] step 200/250 | train_total_loss=0.0000
[Epoch 137] time_sec=157.4 train_loss=0.0000 val_loss=0.5959 val_dice=0.7596
[Epoch 138] step 1/250 | train_total_loss=0.0000
[Epoch 138] step 100/250 | train_total_loss=0.0000
[Epoch 138] step 200/250 | train_total_loss=0.0000
[Epoch 138] time_sec=157.4 train_loss=0.0000 val_loss=0.5954 val_dice=0.7596
[Epoch 139] step 1/250 | train_total_loss=0.0000
[Epoch 139] step 100/250 | train_total_loss=0.0000
[Epoch 139] step 200/250 | train_total_loss=0.0000
[Epoch 139] time_sec=157.8 train_loss=0.0000 val_loss=0.5961 val_dice=0.7597
[Epoch 140] step 1/250 | train_total_loss=0.0000
[Epoch 140] step 100/250 | train_total_loss=0.0000
[Epoch 140] step 200/250 | train_total_loss=0.0000
[Epoch 140] time_sec=157.8 train_loss=0.0000 val_loss=0.5962 val_dice=0.7600
[Epoch 141] step 1/250 | train_total_loss=0.0000
[Epoch 141] step 100/250 | train_total_loss=0.0000
[Epoch 141] step 200/250 | train_total_loss=0.0000
[Epoch 141] time_sec=158.0 train_loss=0.0000 val_loss=0.5984 val_dice=0.7592
[Epoch 142] step 1/250 | train_total_loss=0.0000
[Epoch 142] step 100/250 | train_total_loss=0.0000
[Epoch 142] step 200/250 | train_total_loss=0.0000
[Epoch 142] time_sec=157.6 train_loss=0.0000 val_loss=0.5970 val_dice=0.7600
[Epoch 143] step 1/250 | train_total_loss=0.0000
[Epoch 143] step 100/250 | train_total_loss=0.0000
[Epoch 143] step 200/250 | train_total_loss=0.0000
[Epoch 143] time_sec=157.6 train_loss=0.0000 val_loss=0.5977 val_dice=0.7597
[Epoch 144] step 1/250 | train_total_loss=0.0000
[Epoch 144] step 100/250 | train_total_loss=0.0000
[Epoch 144] step 200/250 | train_total_loss=0.0000
[Epoch 144] time_sec=157.7 train_loss=0.0000 val_loss=0.5981 val_dice=0.7596
[Epoch 145] step 1/250 | train_total_loss=0.0000
[Epoch 145] step 100/250 | train_total_loss=0.0000
[Epoch 145] step 200/250 | train_total_loss=0.0000
[Epoch 145] time_sec=157.1 train_loss=0.0000 val_loss=0.5982 val_dice=0.7596
[Epoch 146] step 1/250 | train_total_loss=0.0000
[Epoch 146] step 100/250 | train_total_loss=0.0000
[Epoch 146] step 200/250 | train_total_loss=0.0000
[Epoch 146] time_sec=157.4 train_loss=0.0000 val_loss=0.5993 val_dice=0.7592
[Epoch 147] step 1/250 | train_total_loss=0.0000
[Epoch 147] step 100/250 | train_total_loss=0.0000
[Epoch 147] step 200/250 | train_total_loss=0.0000
[Epoch 147] time_sec=157.2 train_loss=0.0000 val_loss=0.5999 val_dice=0.7587
[Epoch 148] step 1/250 | train_total_loss=0.0000
[Epoch 148] step 100/250 | train_total_loss=0.0000
[Epoch 148] step 200/250 | train_total_loss=0.0000
[Epoch 148] time_sec=158.0 train_loss=0.0000 val_loss=0.5991 val_dice=0.7595
[Epoch 149] step 1/250 | train_total_loss=0.0000
[Epoch 149] step 100/250 | train_total_loss=0.0000
[Epoch 149] step 200/250 | train_total_loss=0.0000
[Epoch 149] time_sec=157.6 train_loss=0.0000 val_loss=0.5997 val_dice=0.7593
[Epoch 150] step 1/250 | train_total_loss=0.0000
[Epoch 150] step 100/250 | train_total_loss=0.0000
[Epoch 150] step 200/250 | train_total_loss=0.0000
[Epoch 150] time_sec=157.7 train_loss=0.0000 val_loss=0.5992 val_dice=0.7597
Loaded best checkpoint for validation panels.
Saved center validation panel -> runs_3d/full_frame_resize_test_2806298/val_panels/final_01_idx197_center.png
Saved context validation panel -> runs_3d/full_frame_resize_test_2806298/val_panels/final_01_idx197_context.png
Saved center validation panel -> runs_3d/full_frame_resize_test_2806298/val_panels/final_02_idx215_center.png
Saved context validation panel -> runs_3d/full_frame_resize_test_2806298/val_panels/final_02_idx215_context.png
Saved center validation panel -> runs_3d/full_frame_resize_test_2806298/val_panels/final_03_idx20_center.png
Saved context validation panel -> runs_3d/full_frame_resize_test_2806298/val_panels/final_03_idx20_context.png
Training completed.
job finished: Mon Mar 30 06:08:54 PM EDT 2026
