job started: Mon Mar 30 11:32:52 AM EDT 2026
job id: 2806293
hostname: kn036
pwd before cd: /home/pirie03/projects/aip-medilab/pirie03/NeedleMicroSeg/scripts/slurm
pwd after cd: /home/pirie03/projects/aip-medilab/pirie03/NeedleMicroSeg
activating venv: Mon Mar 30 11:32:52 AM EDT 2026
venv activated: Mon Mar 30 11:32:52 AM EDT 2026
Run dir: runs_3d/full_frame_resize_test_2806293
Device: cuda
GPU: NVIDIA L40S
Train config: /home/pirie03/projects/aip-medilab/pirie03/NeedleMicroSeg/configs/train_3d/temporal_window_resized.yaml
Split ID: kfold_cv_fold-0
Extractor: temporal_window
Train samples: 1345 | Val samples: 354
[Epoch 1] step 1/250 | train_total_loss=1.9930
[Epoch 1] step 50/250 | train_total_loss=1.3015
[Epoch 1] step 100/250 | train_total_loss=0.6076
[Epoch 1] step 150/250 | train_total_loss=0.4932
[Epoch 1] step 200/250 | train_total_loss=0.4539
[Epoch 1] step 250/250 | train_total_loss=0.4253
[Epoch 1] time_sec=333.8 train_loss=0.6591 val_loss=0.4522 val_dice=0.7678
[Epoch 2] step 1/250 | train_total_loss=0.4405
[Epoch 2] step 50/250 | train_total_loss=0.3796
[Epoch 2] step 100/250 | train_total_loss=0.3994
[Epoch 2] step 150/250 | train_total_loss=0.3949
[Epoch 2] step 200/250 | train_total_loss=0.3705
[Epoch 2] step 250/250 | train_total_loss=0.3452
[Epoch 2] time_sec=262.2 train_loss=0.3781 val_loss=0.4258 val_dice=0.7716
[Epoch 3] step 1/250 | train_total_loss=0.3288
[Epoch 3] step 50/250 | train_total_loss=0.3361
[Epoch 3] step 100/250 | train_total_loss=0.3448
[Epoch 3] step 150/250 | train_total_loss=0.3148
[Epoch 3] step 200/250 | train_total_loss=0.2910
[Epoch 3] step 250/250 | train_total_loss=0.2736
[Epoch 3] time_sec=255.6 train_loss=0.3120 val_loss=0.4296 val_dice=0.7643
[Epoch 4] step 1/250 | train_total_loss=0.2706
[Epoch 4] step 50/250 | train_total_loss=0.2610
[Epoch 4] step 100/250 | train_total_loss=0.2625
[Epoch 4] step 150/250 | train_total_loss=0.2364
[Epoch 4] step 200/250 | train_total_loss=0.2375
[Epoch 4] step 250/250 | train_total_loss=0.2148
[Epoch 4] time_sec=243.6 train_loss=0.2425 val_loss=0.4072 val_dice=0.7785
[Epoch 5] step 1/250 | train_total_loss=0.1461
[Epoch 5] step 50/250 | train_total_loss=0.1885
[Epoch 5] step 100/250 | train_total_loss=0.2028
[Epoch 5] step 150/250 | train_total_loss=0.2047
[Epoch 5] step 200/250 | train_total_loss=0.1641
[Epoch 5] step 250/250 | train_total_loss=0.1666
[Epoch 5] time_sec=238.4 train_loss=0.1852 val_loss=0.4021 val_dice=0.7822
[Epoch 6] step 1/250 | train_total_loss=0.1564
[Epoch 6] step 50/250 | train_total_loss=0.1618
[Epoch 6] step 100/250 | train_total_loss=0.1532
[Epoch 6] step 150/250 | train_total_loss=0.1730
[Epoch 6] step 200/250 | train_total_loss=0.1545
[Epoch 6] step 250/250 | train_total_loss=0.1412
[Epoch 6] time_sec=232.4 train_loss=0.1567 val_loss=0.4074 val_dice=0.7794
[Epoch 7] step 1/250 | train_total_loss=0.1283
[Epoch 7] step 50/250 | train_total_loss=0.1302
[Epoch 7] step 100/250 | train_total_loss=0.1314
[Epoch 7] step 150/250 | train_total_loss=0.1233
[Epoch 7] step 200/250 | train_total_loss=0.1170
[Epoch 7] step 250/250 | train_total_loss=0.1118
[Epoch 7] time_sec=230.1 train_loss=0.1227 val_loss=0.4012 val_dice=0.7843
[Epoch 8] step 1/250 | train_total_loss=0.0975
[Epoch 8] step 50/250 | train_total_loss=0.1071
[Epoch 8] step 100/250 | train_total_loss=0.1084
[Epoch 8] step 150/250 | train_total_loss=0.1134
[Epoch 8] step 200/250 | train_total_loss=0.0996
[Epoch 8] step 250/250 | train_total_loss=0.1069
[Epoch 8] time_sec=226.6 train_loss=0.1070 val_loss=0.4140 val_dice=0.7771
[Epoch 9] step 1/250 | train_total_loss=0.1081
[Epoch 9] step 50/250 | train_total_loss=0.1037
[Epoch 9] step 100/250 | train_total_loss=0.0926
[Epoch 9] step 150/250 | train_total_loss=0.1025
[Epoch 9] step 200/250 | train_total_loss=0.1084
[Epoch 9] step 250/250 | train_total_loss=0.0963
[Epoch 9] time_sec=223.4 train_loss=0.1007 val_loss=0.4117 val_dice=0.7806
[Epoch 10] step 1/250 | train_total_loss=0.0918
[Epoch 10] step 50/250 | train_total_loss=0.0894
[Epoch 10] step 100/250 | train_total_loss=0.0899
[Epoch 10] step 150/250 | train_total_loss=0.0872
[Epoch 10] step 200/250 | train_total_loss=0.0897
[Epoch 10] step 250/250 | train_total_loss=0.0832
[Epoch 10] time_sec=235.0 train_loss=0.0879 val_loss=0.4119 val_dice=0.7810
[Epoch 11] step 1/250 | train_total_loss=0.1496
[Epoch 11] step 50/250 | train_total_loss=0.0836
[Epoch 11] step 100/250 | train_total_loss=0.0803
[Epoch 11] step 150/250 | train_total_loss=0.0850
[Epoch 11] step 200/250 | train_total_loss=0.0830
[Epoch 11] step 250/250 | train_total_loss=0.0813
[Epoch 11] time_sec=228.5 train_loss=0.0829 val_loss=0.4165 val_dice=0.7779
[Epoch 12] step 1/250 | train_total_loss=0.0811
[Epoch 12] step 50/250 | train_total_loss=0.0866
[Epoch 12] step 100/250 | train_total_loss=0.0798
[Epoch 12] step 150/250 | train_total_loss=0.0797
[Epoch 12] step 200/250 | train_total_loss=0.0820
[Epoch 12] step 250/250 | train_total_loss=0.0773
[Epoch 12] time_sec=231.7 train_loss=0.0811 val_loss=0.4142 val_dice=0.7815
[Epoch 13] step 1/250 | train_total_loss=0.0638
[Epoch 13] step 50/250 | train_total_loss=0.0780
[Epoch 13] step 100/250 | train_total_loss=0.0723
[Epoch 13] step 150/250 | train_total_loss=0.0716
[Epoch 13] step 200/250 | train_total_loss=0.0728
[Epoch 13] step 250/250 | train_total_loss=0.0735
[Epoch 13] time_sec=212.9 train_loss=0.0736 val_loss=0.4184 val_dice=0.7806
[Epoch 14] step 1/250 | train_total_loss=0.0828
[Epoch 14] step 50/250 | train_total_loss=0.0779
[Epoch 14] step 100/250 | train_total_loss=0.0678
[Epoch 14] step 150/250 | train_total_loss=0.0786
[Epoch 14] step 200/250 | train_total_loss=0.0797
[Epoch 14] step 250/250 | train_total_loss=0.0778
[Epoch 14] time_sec=218.4 train_loss=0.0764 val_loss=0.4189 val_dice=0.7803
[Epoch 15] step 1/250 | train_total_loss=0.0502
[Epoch 15] step 50/250 | train_total_loss=0.0673
[Epoch 15] step 100/250 | train_total_loss=0.0761
[Epoch 15] step 150/250 | train_total_loss=0.0720
[Epoch 15] step 200/250 | train_total_loss=0.0705
[Epoch 15] step 250/250 | train_total_loss=0.0696
[Epoch 15] time_sec=218.3 train_loss=0.0710 val_loss=0.4273 val_dice=0.7766
[Epoch 16] step 1/250 | train_total_loss=0.0616
[Epoch 16] step 50/250 | train_total_loss=0.0740
[Epoch 16] step 100/250 | train_total_loss=0.0646
[Epoch 16] step 150/250 | train_total_loss=0.0682
[Epoch 16] step 200/250 | train_total_loss=0.0724
[Epoch 16] step 250/250 | train_total_loss=0.0658
[Epoch 16] time_sec=227.1 train_loss=0.0690 val_loss=0.4217 val_dice=0.7786
[Epoch 17] step 1/250 | train_total_loss=0.0574
[Epoch 17] step 50/250 | train_total_loss=0.0633
[Epoch 17] step 100/250 | train_total_loss=0.0638
[Epoch 17] step 150/250 | train_total_loss=0.0605
[Epoch 17] step 200/250 | train_total_loss=0.0704
[Epoch 17] step 250/250 | train_total_loss=0.0646
[Epoch 17] time_sec=278.4 train_loss=0.0645 val_loss=0.4250 val_dice=0.7790
[Epoch 18] step 1/250 | train_total_loss=0.0690
[Epoch 18] step 50/250 | train_total_loss=0.0603
[Epoch 18] step 100/250 | train_total_loss=0.0595
[Epoch 18] step 150/250 | train_total_loss=0.0622
[Epoch 18] step 200/250 | train_total_loss=0.0598
[Epoch 18] step 250/250 | train_total_loss=0.0589
[Epoch 18] time_sec=319.1 train_loss=0.0602 val_loss=0.4321 val_dice=0.7762
[Epoch 19] step 1/250 | train_total_loss=0.0621
[Epoch 19] step 50/250 | train_total_loss=0.0607
[Epoch 19] step 100/250 | train_total_loss=0.0568
[Epoch 19] step 150/250 | train_total_loss=0.0557
[Epoch 19] step 200/250 | train_total_loss=0.0572
[Epoch 19] step 250/250 | train_total_loss=0.0569
[Epoch 19] time_sec=344.4 train_loss=0.0575 val_loss=0.4242 val_dice=0.7812
[Epoch 20] step 1/250 | train_total_loss=0.0562
[Epoch 20] step 50/250 | train_total_loss=0.0608
[Epoch 20] step 100/250 | train_total_loss=0.0549
[Epoch 20] step 150/250 | train_total_loss=0.0576
[Epoch 20] step 200/250 | train_total_loss=0.0540
[Epoch 20] step 250/250 | train_total_loss=0.0544
[Epoch 20] time_sec=341.6 train_loss=0.0563 val_loss=0.4318 val_dice=0.7740
[Epoch 21] step 1/250 | train_total_loss=0.0427
[Epoch 21] step 50/250 | train_total_loss=0.0513
[Epoch 21] step 100/250 | train_total_loss=0.0543
[Epoch 21] step 150/250 | train_total_loss=0.0542
[Epoch 21] step 200/250 | train_total_loss=0.0543
[Epoch 21] step 250/250 | train_total_loss=0.0524
[Epoch 21] time_sec=341.5 train_loss=0.0533 val_loss=0.4214 val_dice=0.7824
[Epoch 22] step 1/250 | train_total_loss=0.0359
[Epoch 22] step 50/250 | train_total_loss=0.0499
[Epoch 22] step 100/250 | train_total_loss=0.0540
[Epoch 22] step 150/250 | train_total_loss=0.0471
[Epoch 22] step 200/250 | train_total_loss=0.0551
[Epoch 22] step 250/250 | train_total_loss=0.0505
[Epoch 22] time_sec=346.4 train_loss=0.0513 val_loss=0.4273 val_dice=0.7800
[Epoch 23] step 1/250 | train_total_loss=0.0445
[Epoch 23] step 50/250 | train_total_loss=0.0578
[Epoch 23] step 100/250 | train_total_loss=0.0593
[Epoch 23] step 150/250 | train_total_loss=0.0502
[Epoch 23] step 200/250 | train_total_loss=0.0516
[Epoch 23] step 250/250 | train_total_loss=0.0531
[Epoch 23] time_sec=369.6 train_loss=0.0543 val_loss=0.4354 val_dice=0.7783
[Epoch 24] step 1/250 | train_total_loss=0.0492
[Epoch 24] step 50/250 | train_total_loss=0.0561
[Epoch 24] step 100/250 | train_total_loss=0.0522
[Epoch 24] step 150/250 | train_total_loss=0.0497
[Epoch 24] step 200/250 | train_total_loss=0.0508
[Epoch 24] step 250/250 | train_total_loss=0.0497
[Epoch 24] time_sec=356.1 train_loss=0.0517 val_loss=0.4322 val_dice=0.7780
[Epoch 25] step 1/250 | train_total_loss=0.0490
[Epoch 25] step 50/250 | train_total_loss=0.0486
[Epoch 25] step 100/250 | train_total_loss=0.0485
[Epoch 25] step 150/250 | train_total_loss=0.0452
[Epoch 25] step 200/250 | train_total_loss=0.0476
[Epoch 25] step 250/250 | train_total_loss=0.0447
[Epoch 25] time_sec=326.7 train_loss=0.0469 val_loss=0.4327 val_dice=0.7808
[Epoch 26] step 1/250 | train_total_loss=0.0534
[Epoch 26] step 50/250 | train_total_loss=0.0439
[Epoch 26] step 100/250 | train_total_loss=0.0425
[Epoch 26] step 150/250 | train_total_loss=0.0443
[Epoch 26] step 200/250 | train_total_loss=0.0553
[Epoch 26] step 250/250 | train_total_loss=0.0450
[Epoch 26] time_sec=337.1 train_loss=0.0462 val_loss=0.4384 val_dice=0.7770
[Epoch 27] step 1/250 | train_total_loss=0.0399
[Epoch 27] step 50/250 | train_total_loss=0.0431
[Epoch 27] step 100/250 | train_total_loss=0.0455
[Epoch 27] step 150/250 | train_total_loss=0.0438
[Epoch 27] step 200/250 | train_total_loss=0.0434
[Epoch 27] step 250/250 | train_total_loss=0.0431
[Epoch 27] time_sec=341.8 train_loss=0.0438 val_loss=0.4488 val_dice=0.7725
[Epoch 28] step 1/250 | train_total_loss=0.0422
[Epoch 28] step 50/250 | train_total_loss=0.0439
[Epoch 28] step 100/250 | train_total_loss=0.0457
[Epoch 28] step 150/250 | train_total_loss=0.0418
[Epoch 28] step 200/250 | train_total_loss=0.0436
[Epoch 28] step 250/250 | train_total_loss=0.0408
[Epoch 28] time_sec=343.4 train_loss=0.0431 val_loss=0.4542 val_dice=0.7663
[Epoch 29] step 1/250 | train_total_loss=0.0360
[Epoch 29] step 50/250 | train_total_loss=0.0429
[Epoch 29] step 100/250 | train_total_loss=0.0382
[Epoch 29] step 150/250 | train_total_loss=0.0395
[Epoch 29] step 200/250 | train_total_loss=0.0439
[Epoch 29] step 250/250 | train_total_loss=0.0444
[Epoch 29] time_sec=289.5 train_loss=0.0417 val_loss=0.4357 val_dice=0.7787
[Epoch 30] step 1/250 | train_total_loss=0.0436
[Epoch 30] step 50/250 | train_total_loss=0.0425
[Epoch 30] step 100/250 | train_total_loss=0.0446
[Epoch 30] step 150/250 | train_total_loss=0.0396
[Epoch 30] step 200/250 | train_total_loss=0.0459
[Epoch 30] step 250/250 | train_total_loss=0.0404
[Epoch 30] time_sec=288.4 train_loss=0.0426 val_loss=0.4441 val_dice=0.7777
[Epoch 31] step 1/250 | train_total_loss=0.0381
[Epoch 31] step 50/250 | train_total_loss=0.0370
[Epoch 31] step 100/250 | train_total_loss=0.0387
[Epoch 31] step 150/250 | train_total_loss=0.0407
[Epoch 31] step 200/250 | train_total_loss=0.0393
[Epoch 31] step 250/250 | train_total_loss=0.0399
[Epoch 31] time_sec=347.3 train_loss=0.0391 val_loss=0.4424 val_dice=0.7778
[Epoch 32] step 1/250 | train_total_loss=0.0331
[Epoch 32] step 50/250 | train_total_loss=0.0392
[Epoch 32] step 100/250 | train_total_loss=0.0367
[Epoch 32] step 150/250 | train_total_loss=0.0389
[Epoch 32] step 200/250 | train_total_loss=0.0379
[Epoch 32] step 250/250 | train_total_loss=0.0389
[Epoch 32] time_sec=375.8 train_loss=0.0383 val_loss=0.4459 val_dice=0.7767
[Epoch 33] step 1/250 | train_total_loss=0.0284
[Epoch 33] step 50/250 | train_total_loss=0.0403
[Epoch 33] step 100/250 | train_total_loss=0.0423
[Epoch 33] step 150/250 | train_total_loss=0.0359
[Epoch 33] step 200/250 | train_total_loss=0.0388
[Epoch 33] step 250/250 | train_total_loss=0.0392
[Epoch 33] time_sec=385.2 train_loss=0.0393 val_loss=0.4489 val_dice=0.7757
[Epoch 34] step 1/250 | train_total_loss=0.0348
[Epoch 34] step 50/250 | train_total_loss=0.0385
[Epoch 34] step 100/250 | train_total_loss=0.0381
[Epoch 34] step 150/250 | train_total_loss=0.0352
[Epoch 34] step 200/250 | train_total_loss=0.0350
[Epoch 34] step 250/250 | train_total_loss=0.0346
[Epoch 34] time_sec=394.1 train_loss=0.0363 val_loss=0.4560 val_dice=0.7728
[Epoch 35] step 1/250 | train_total_loss=0.0312
[Epoch 35] step 50/250 | train_total_loss=0.0360
[Epoch 35] step 100/250 | train_total_loss=0.0322
[Epoch 35] step 150/250 | train_total_loss=0.0348
[Epoch 35] step 200/250 | train_total_loss=0.0334
[Epoch 35] step 250/250 | train_total_loss=0.0310
[Epoch 35] time_sec=392.9 train_loss=0.0335 val_loss=0.4507 val_dice=0.7755
[Epoch 36] step 1/250 | train_total_loss=0.0309
[Epoch 36] step 50/250 | train_total_loss=0.0328
[Epoch 36] step 100/250 | train_total_loss=0.0364
[Epoch 36] step 150/250 | train_total_loss=0.0325
[Epoch 36] step 200/250 | train_total_loss=0.0366
[Epoch 36] step 250/250 | train_total_loss=0.0355
[Epoch 36] time_sec=396.7 train_loss=0.0347 val_loss=0.4537 val_dice=0.7735
[Epoch 37] step 1/250 | train_total_loss=0.0354
[Epoch 37] step 50/250 | train_total_loss=0.0355
[Epoch 37] step 100/250 | train_total_loss=0.0359
[Epoch 37] step 150/250 | train_total_loss=0.0326
[Epoch 37] step 200/250 | train_total_loss=0.0328
[Epoch 37] step 250/250 | train_total_loss=0.0326
[Epoch 37] time_sec=373.2 train_loss=0.0339 val_loss=0.4506 val_dice=0.7766
[Epoch 38] step 1/250 | train_total_loss=0.0244
[Epoch 38] step 50/250 | train_total_loss=0.0333
[Epoch 38] step 100/250 | train_total_loss=0.0308
[Epoch 38] step 150/250 | train_total_loss=0.0295
[Epoch 38] step 200/250 | train_total_loss=0.0320
[Epoch 38] step 250/250 | train_total_loss=0.0332
[Epoch 38] time_sec=292.2 train_loss=0.0317 val_loss=0.4579 val_dice=0.7729
[Epoch 39] step 1/250 | train_total_loss=0.0473
[Epoch 39] step 50/250 | train_total_loss=0.0310
[Epoch 39] step 100/250 | train_total_loss=0.0304
[Epoch 39] step 150/250 | train_total_loss=0.0313
[Epoch 39] step 200/250 | train_total_loss=0.0315
[Epoch 39] step 250/250 | train_total_loss=0.0289
[Epoch 39] time_sec=349.7 train_loss=0.0307 val_loss=0.4596 val_dice=0.7737
[Epoch 40] step 1/250 | train_total_loss=0.0238
[Epoch 40] step 50/250 | train_total_loss=0.0318
[Epoch 40] step 100/250 | train_total_loss=0.0292
[Epoch 40] step 150/250 | train_total_loss=0.0287
[Epoch 40] step 200/250 | train_total_loss=0.0283
[Epoch 40] step 250/250 | train_total_loss=0.0289
[Epoch 40] time_sec=363.7 train_loss=0.0294 val_loss=0.4566 val_dice=0.7750
[Epoch 41] step 1/250 | train_total_loss=0.0266
[Epoch 41] step 50/250 | train_total_loss=0.0285
[Epoch 41] step 100/250 | train_total_loss=0.0271
[Epoch 41] step 150/250 | train_total_loss=0.0278
[Epoch 41] step 200/250 | train_total_loss=0.0299
[Epoch 41] step 250/250 | train_total_loss=0.0264
[Epoch 41] time_sec=358.2 train_loss=0.0279 val_loss=0.4556 val_dice=0.7771
[Epoch 42] step 1/250 | train_total_loss=0.0363
[Epoch 42] step 50/250 | train_total_loss=0.0256
[Epoch 42] step 100/250 | train_total_loss=0.0279
[Epoch 42] step 150/250 | train_total_loss=0.0315
[Epoch 42] step 200/250 | train_total_loss=0.0303
[Epoch 42] step 250/250 | train_total_loss=0.0286
[Epoch 42] time_sec=351.6 train_loss=0.0288 val_loss=0.4572 val_dice=0.7740
[Epoch 43] step 1/250 | train_total_loss=0.0257
[Epoch 43] step 50/250 | train_total_loss=0.0270
[Epoch 43] step 100/250 | train_total_loss=0.0266
[Epoch 43] step 150/250 | train_total_loss=0.0295
[Epoch 43] step 200/250 | train_total_loss=0.0257
[Epoch 43] step 250/250 | train_total_loss=0.0233
[Epoch 43] time_sec=364.6 train_loss=0.0264 val_loss=0.4602 val_dice=0.7761
[Epoch 44] step 1/250 | train_total_loss=0.0206
[Epoch 44] step 50/250 | train_total_loss=0.0244
[Epoch 44] step 100/250 | train_total_loss=0.0219
[Epoch 44] step 150/250 | train_total_loss=0.0224
[Epoch 44] step 200/250 | train_total_loss=0.0222
[Epoch 44] step 250/250 | train_total_loss=0.0219
[Epoch 44] time_sec=393.4 train_loss=0.0225 val_loss=0.4701 val_dice=0.7726
[Epoch 45] step 1/250 | train_total_loss=0.0267
[Epoch 45] step 50/250 | train_total_loss=0.0228
[Epoch 45] step 100/250 | train_total_loss=0.0205
[Epoch 45] step 150/250 | train_total_loss=0.0209
[Epoch 45] step 200/250 | train_total_loss=0.0233
[Epoch 45] step 250/250 | train_total_loss=0.0240
[Epoch 45] time_sec=408.5 train_loss=0.0223 val_loss=0.4632 val_dice=0.7735
[Epoch 46] step 1/250 | train_total_loss=0.0271
[Epoch 46] step 50/250 | train_total_loss=0.0227
[Epoch 46] step 100/250 | train_total_loss=0.0213
[Epoch 46] step 150/250 | train_total_loss=0.0226
[Epoch 46] step 200/250 | train_total_loss=0.0253
[Epoch 46] step 250/250 | train_total_loss=0.0236
[Epoch 46] time_sec=405.6 train_loss=0.0231 val_loss=0.4781 val_dice=0.7685
[Epoch 47] step 1/250 | train_total_loss=0.0221
[Epoch 47] step 50/250 | train_total_loss=0.0242
[Epoch 47] step 100/250 | train_total_loss=0.0208
[Epoch 47] step 150/250 | train_total_loss=0.0211
[Epoch 47] step 200/250 | train_total_loss=0.0219
[Epoch 47] step 250/250 | train_total_loss=0.0220
[Epoch 47] time_sec=386.8 train_loss=0.0220 val_loss=0.4679 val_dice=0.7727
[Epoch 48] step 1/250 | train_total_loss=0.0151
[Epoch 48] step 50/250 | train_total_loss=0.0226
[Epoch 48] step 100/250 | train_total_loss=0.0207
[Epoch 48] step 150/250 | train_total_loss=0.0211
[Epoch 48] step 200/250 | train_total_loss=0.0207
[Epoch 48] step 250/250 | train_total_loss=0.0207
[Epoch 48] time_sec=391.6 train_loss=0.0211 val_loss=0.4711 val_dice=0.7731
[Epoch 49] step 1/250 | train_total_loss=0.0226
[Epoch 49] step 50/250 | train_total_loss=0.0190
[Epoch 49] step 100/250 | train_total_loss=0.0196
[Epoch 49] step 150/250 | train_total_loss=0.0188
[Epoch 49] step 200/250 | train_total_loss=0.0204
[Epoch 49] step 250/250 | train_total_loss=0.0179
[Epoch 49] time_sec=401.2 train_loss=0.0191 val_loss=0.4795 val_dice=0.7718
[Epoch 50] step 1/250 | train_total_loss=0.0212
[Epoch 50] step 50/250 | train_total_loss=0.0172
[Epoch 50] step 100/250 | train_total_loss=0.0163
[Epoch 50] step 150/250 | train_total_loss=0.0177
[Epoch 50] step 200/250 | train_total_loss=0.0155
[Epoch 50] step 250/250 | train_total_loss=0.0157
[Epoch 50] time_sec=394.9 train_loss=0.0165 val_loss=0.4851 val_dice=0.7715
[Epoch 51] step 1/250 | train_total_loss=0.0188
[Epoch 51] step 50/250 | train_total_loss=0.0158
[Epoch 51] step 100/250 | train_total_loss=0.0149
[Epoch 51] step 150/250 | train_total_loss=0.0146
[Epoch 51] step 200/250 | train_total_loss=0.0148
[Epoch 51] step 250/250 | train_total_loss=0.0151
[Epoch 51] time_sec=412.4 train_loss=0.0151 val_loss=0.4867 val_dice=0.7696
[Epoch 52] step 1/250 | train_total_loss=0.0147
[Epoch 52] step 50/250 | train_total_loss=0.0151
[Epoch 52] step 100/250 | train_total_loss=0.0142
[Epoch 52] step 150/250 | train_total_loss=0.0158
[Epoch 52] step 200/250 | train_total_loss=0.0158
[Epoch 52] step 250/250 | train_total_loss=0.0173
[Epoch 52] time_sec=420.2 train_loss=0.0156 val_loss=0.4761 val_dice=0.7743
[Epoch 53] step 1/250 | train_total_loss=0.0184
[Epoch 53] step 50/250 | train_total_loss=0.0141
[Epoch 53] step 100/250 | train_total_loss=0.0147
[Epoch 53] step 150/250 | train_total_loss=0.0140
[Epoch 53] step 200/250 | train_total_loss=0.0147
[Epoch 53] step 250/250 | train_total_loss=0.0127
[Epoch 53] time_sec=418.9 train_loss=0.0141 val_loss=0.4845 val_dice=0.7758
[Epoch 54] step 1/250 | train_total_loss=0.0107
[Epoch 54] step 50/250 | train_total_loss=0.0130
[Epoch 54] step 100/250 | train_total_loss=0.0139
[Epoch 54] step 150/250 | train_total_loss=0.0128
[Epoch 54] step 200/250 | train_total_loss=0.0127
[Epoch 54] step 250/250 | train_total_loss=0.0138
[Epoch 54] time_sec=433.5 train_loss=0.0132 val_loss=0.4848 val_dice=0.7752
[Epoch 55] step 1/250 | train_total_loss=0.0107
[Epoch 55] step 50/250 | train_total_loss=0.0135
[Epoch 55] step 100/250 | train_total_loss=0.0129
[Epoch 55] step 150/250 | train_total_loss=0.0132
[Epoch 55] step 200/250 | train_total_loss=0.0150
[Epoch 55] step 250/250 | train_total_loss=0.0128
[Epoch 55] time_sec=424.0 train_loss=0.0135 val_loss=0.4977 val_dice=0.7696
[Epoch 56] step 1/250 | train_total_loss=0.0087
[Epoch 56] step 50/250 | train_total_loss=0.0114
[Epoch 56] step 100/250 | train_total_loss=0.0116
[Epoch 56] step 150/250 | train_total_loss=0.0119
[Epoch 56] step 200/250 | train_total_loss=0.0113
[Epoch 56] step 250/250 | train_total_loss=0.0101
[Epoch 56] time_sec=422.5 train_loss=0.0112 val_loss=0.4994 val_dice=0.7705
[Epoch 57] step 1/250 | train_total_loss=0.0056
[Epoch 57] step 50/250 | train_total_loss=0.0099
[Epoch 57] step 100/250 | train_total_loss=0.0098
[Epoch 57] step 150/250 | train_total_loss=0.0105
[Epoch 57] step 200/250 | train_total_loss=0.0105
[Epoch 57] step 250/250 | train_total_loss=0.0101
[Epoch 57] time_sec=426.0 train_loss=0.0101 val_loss=0.4997 val_dice=0.7724
[Epoch 58] step 1/250 | train_total_loss=0.0092
[Epoch 58] step 50/250 | train_total_loss=0.0111
[Epoch 58] step 100/250 | train_total_loss=0.0095
[Epoch 58] step 150/250 | train_total_loss=0.0099
[Epoch 58] step 200/250 | train_total_loss=0.0093
[Epoch 58] step 250/250 | train_total_loss=0.0106
[Epoch 58] time_sec=425.1 train_loss=0.0101 val_loss=0.5064 val_dice=0.7699
[Epoch 59] step 1/250 | train_total_loss=0.0075
[Epoch 59] step 50/250 | train_total_loss=0.0099
[Epoch 59] step 100/250 | train_total_loss=0.0094
[Epoch 59] step 150/250 | train_total_loss=0.0088
[Epoch 59] step 200/250 | train_total_loss=0.0101
[Epoch 59] step 250/250 | train_total_loss=0.0086
[Epoch 59] time_sec=413.1 train_loss=0.0094 val_loss=0.5085 val_dice=0.7691
[Epoch 60] step 1/250 | train_total_loss=0.0083
[Epoch 60] step 50/250 | train_total_loss=0.0079
[Epoch 60] step 100/250 | train_total_loss=0.0082
[Epoch 60] step 150/250 | train_total_loss=0.0082
[Epoch 60] step 200/250 | train_total_loss=0.0080
[Epoch 60] step 250/250 | train_total_loss=0.0078
[Epoch 60] time_sec=401.8 train_loss=0.0080 val_loss=0.5080 val_dice=0.7729
[Epoch 61] step 1/250 | train_total_loss=0.0079
[Epoch 61] step 50/250 | train_total_loss=0.0073
[Epoch 61] step 100/250 | train_total_loss=0.0082
[Epoch 61] step 150/250 | train_total_loss=0.0074
[Epoch 61] step 200/250 | train_total_loss=0.0075
[Epoch 61] step 250/250 | train_total_loss=0.0077
[Epoch 61] time_sec=404.6 train_loss=0.0076 val_loss=0.5243 val_dice=0.7623
[Epoch 62] step 1/250 | train_total_loss=0.0067
[Epoch 62] step 50/250 | train_total_loss=0.0077
[Epoch 62] step 100/250 | train_total_loss=0.0077
[Epoch 62] step 150/250 | train_total_loss=0.0077
[Epoch 62] step 200/250 | train_total_loss=0.0087
[Epoch 62] step 250/250 | train_total_loss=0.0086
[Epoch 62] time_sec=406.1 train_loss=0.0081 val_loss=0.5088 val_dice=0.7710
[Epoch 63] step 1/250 | train_total_loss=0.0076
[Epoch 63] step 50/250 | train_total_loss=0.0083
[Epoch 63] step 100/250 | train_total_loss=0.0090
[Epoch 63] step 150/250 | train_total_loss=0.0081
[Epoch 63] step 200/250 | train_total_loss=0.0077
[Epoch 63] step 250/250 | train_total_loss=0.0085
[Epoch 63] time_sec=375.5 train_loss=0.0084 val_loss=0.5169 val_dice=0.7705
[Epoch 64] step 1/250 | train_total_loss=0.0048
[Epoch 64] step 50/250 | train_total_loss=0.0077
[Epoch 64] step 100/250 | train_total_loss=0.0073
[Epoch 64] step 150/250 | train_total_loss=0.0061
[Epoch 64] step 200/250 | train_total_loss=0.0062
[Epoch 64] step 250/250 | train_total_loss=0.0053
[Epoch 64] time_sec=339.5 train_loss=0.0065 val_loss=0.5211 val_dice=0.7698
[Epoch 65] step 1/250 | train_total_loss=0.0039
[Epoch 65] step 50/250 | train_total_loss=0.0046
[Epoch 65] step 100/250 | train_total_loss=0.0048
[Epoch 65] step 150/250 | train_total_loss=0.0049
[Epoch 65] step 200/250 | train_total_loss=0.0044
[Epoch 65] step 250/250 | train_total_loss=0.0041
[Epoch 65] time_sec=341.5 train_loss=0.0046 val_loss=0.5236 val_dice=0.7705
[Epoch 66] step 1/250 | train_total_loss=0.0031
[Epoch 66] step 50/250 | train_total_loss=0.0034
[Epoch 66] step 100/250 | train_total_loss=0.0034
[Epoch 66] step 150/250 | train_total_loss=0.0039
[Epoch 66] step 200/250 | train_total_loss=0.0041
[Epoch 66] step 250/250 | train_total_loss=0.0033
[Epoch 66] time_sec=356.3 train_loss=0.0036 val_loss=0.5330 val_dice=0.7703
[Epoch 67] step 1/250 | train_total_loss=0.0032
[Epoch 67] step 50/250 | train_total_loss=0.0038
[Epoch 67] step 100/250 | train_total_loss=0.0037
[Epoch 67] step 150/250 | train_total_loss=0.0036
[Epoch 67] step 200/250 | train_total_loss=0.0034
[Epoch 67] step 250/250 | train_total_loss=0.0035
[Epoch 67] time_sec=369.3 train_loss=0.0036 val_loss=0.5375 val_dice=0.7687
[Epoch 68] step 1/250 | train_total_loss=0.0040
[Epoch 68] step 50/250 | train_total_loss=0.0040
[Epoch 68] step 100/250 | train_total_loss=0.0040
[Epoch 68] step 150/250 | train_total_loss=0.0044
[Epoch 68] step 200/250 | train_total_loss=0.0046
[Epoch 68] step 250/250 | train_total_loss=0.0045
[Epoch 68] time_sec=353.9 train_loss=0.0043 val_loss=0.5403 val_dice=0.7657
[Epoch 69] step 1/250 | train_total_loss=0.0070
[Epoch 69] step 50/250 | train_total_loss=0.0052
[Epoch 69] step 100/250 | train_total_loss=0.0049
[Epoch 69] step 150/250 | train_total_loss=0.0045
[Epoch 69] step 200/250 | train_total_loss=0.0059
[Epoch 69] step 250/250 | train_total_loss=0.0059
[Epoch 69] time_sec=363.9 train_loss=0.0053 val_loss=0.5366 val_dice=0.7675
[Epoch 70] step 1/250 | train_total_loss=0.0049
[Epoch 70] step 50/250 | train_total_loss=0.0055
[Epoch 70] step 100/250 | train_total_loss=0.0054
[Epoch 70] step 150/250 | train_total_loss=0.0053
[Epoch 70] step 200/250 | train_total_loss=0.0047
[Epoch 70] step 250/250 | train_total_loss=0.0045
[Epoch 70] time_sec=359.0 train_loss=0.0051 val_loss=0.5379 val_dice=0.7690
[Epoch 71] step 1/250 | train_total_loss=0.0021
[Epoch 71] step 50/250 | train_total_loss=0.0036
[Epoch 71] step 100/250 | train_total_loss=0.0036
[Epoch 71] step 150/250 | train_total_loss=0.0038
[Epoch 71] step 200/250 | train_total_loss=0.0032
[Epoch 71] step 250/250 | train_total_loss=0.0029
[Epoch 71] time_sec=383.0 train_loss=0.0034 val_loss=0.5381 val_dice=0.7704
[Epoch 72] step 1/250 | train_total_loss=0.0068
[Epoch 72] step 50/250 | train_total_loss=0.0028
[Epoch 72] step 100/250 | train_total_loss=0.0023
[Epoch 72] step 150/250 | train_total_loss=0.0023
[Epoch 72] step 200/250 | train_total_loss=0.0022
[Epoch 72] step 250/250 | train_total_loss=0.0018
[Epoch 72] time_sec=378.9 train_loss=0.0023 val_loss=0.5487 val_dice=0.7690
[Epoch 73] step 1/250 | train_total_loss=0.0017
[Epoch 73] step 50/250 | train_total_loss=0.0019
[Epoch 73] step 100/250 | train_total_loss=0.0016
[Epoch 73] step 150/250 | train_total_loss=0.0015
[Epoch 73] step 200/250 | train_total_loss=0.0015
[Epoch 73] step 250/250 | train_total_loss=0.0014
[Epoch 73] time_sec=361.7 train_loss=0.0016 val_loss=0.5500 val_dice=0.7707
[Epoch 74] step 1/250 | train_total_loss=0.0018
[Epoch 74] step 50/250 | train_total_loss=0.0013
[Epoch 74] step 100/250 | train_total_loss=0.0011
[Epoch 74] step 150/250 | train_total_loss=0.0013
[Epoch 74] step 200/250 | train_total_loss=0.0011
[Epoch 74] step 250/250 | train_total_loss=0.0011
[Epoch 74] time_sec=346.2 train_loss=0.0012 val_loss=0.5500 val_dice=0.7713
[Epoch 75] step 1/250 | train_total_loss=0.0007
[Epoch 75] step 50/250 | train_total_loss=0.0011
[Epoch 75] step 100/250 | train_total_loss=0.0010
[Epoch 75] step 150/250 | train_total_loss=0.0011
[Epoch 75] step 200/250 | train_total_loss=0.0012
[Epoch 75] step 250/250 | train_total_loss=0.0012
[Epoch 75] time_sec=368.4 train_loss=0.0011 val_loss=0.5577 val_dice=0.7689
[Epoch 76] step 1/250 | train_total_loss=0.0010
[Epoch 76] step 50/250 | train_total_loss=0.0015
[Epoch 76] step 100/250 | train_total_loss=0.0017
[Epoch 76] step 150/250 | train_total_loss=0.0017
[Epoch 76] step 200/250 | train_total_loss=0.0026
[Epoch 76] step 250/250 | train_total_loss=0.0025
[Epoch 76] time_sec=360.6 train_loss=0.0020 val_loss=0.5556 val_dice=0.7686
[Epoch 77] step 1/250 | train_total_loss=0.0033
[Epoch 77] step 50/250 | train_total_loss=0.0042
[Epoch 77] step 100/250 | train_total_loss=0.0040
[Epoch 77] step 150/250 | train_total_loss=0.0050
[Epoch 77] step 200/250 | train_total_loss=0.0080
[Epoch 77] step 250/250 | train_total_loss=0.0135
[Epoch 77] time_sec=310.3 train_loss=0.0069 val_loss=0.5247 val_dice=0.7638
[Epoch 78] step 1/250 | train_total_loss=0.0077
[Epoch 78] step 50/250 | train_total_loss=0.0109
[Epoch 78] step 100/250 | train_total_loss=0.0096
[Epoch 78] step 150/250 | train_total_loss=0.0096
[Epoch 78] step 200/250 | train_total_loss=0.0110
[Epoch 78] step 250/250 | train_total_loss=0.0126
[Epoch 78] time_sec=268.2 train_loss=0.0107 val_loss=0.5474 val_dice=0.7555
[Epoch 79] step 1/250 | train_total_loss=0.0033
[Epoch 79] step 50/250 | train_total_loss=0.0048
[Epoch 79] step 100/250 | train_total_loss=0.0049
[Epoch 79] step 150/250 | train_total_loss=0.0049
[Epoch 79] step 200/250 | train_total_loss=0.0047
[Epoch 79] step 250/250 | train_total_loss=0.0020
[Epoch 79] time_sec=301.8 train_loss=0.0043 val_loss=0.5528 val_dice=0.7597
[Epoch 80] step 1/250 | train_total_loss=0.0022
[Epoch 80] step 50/250 | train_total_loss=0.0018
[Epoch 80] step 100/250 | train_total_loss=0.0013
[Epoch 80] step 150/250 | train_total_loss=0.0012
[Epoch 80] step 200/250 | train_total_loss=0.0009
[Epoch 80] step 250/250 | train_total_loss=0.0005
[Epoch 80] time_sec=314.9 train_loss=0.0011 val_loss=0.5632 val_dice=0.7586
[Epoch 81] step 1/250 | train_total_loss=0.0002
[Epoch 81] step 50/250 | train_total_loss=0.0005
[Epoch 81] step 100/250 | train_total_loss=0.0005
[Epoch 81] step 150/250 | train_total_loss=0.0004
[Epoch 81] step 200/250 | train_total_loss=0.0004
[Epoch 81] step 250/250 | train_total_loss=0.0003
[Epoch 81] time_sec=325.0 train_loss=0.0004 val_loss=0.5669 val_dice=0.7596
[Epoch 82] step 1/250 | train_total_loss=0.0002
[Epoch 82] step 50/250 | train_total_loss=0.0002
[Epoch 82] step 100/250 | train_total_loss=0.0003
[Epoch 82] step 150/250 | train_total_loss=0.0002
[Epoch 82] step 200/250 | train_total_loss=0.0002
[Epoch 82] step 250/250 | train_total_loss=0.0002
[Epoch 82] time_sec=325.0 train_loss=0.0002 val_loss=0.5694 val_dice=0.7594
[Epoch 83] step 1/250 | train_total_loss=0.0003
[Epoch 83] step 50/250 | train_total_loss=0.0002
[Epoch 83] step 100/250 | train_total_loss=0.0002
[Epoch 83] step 150/250 | train_total_loss=0.0002
[Epoch 83] step 200/250 | train_total_loss=0.0002
[Epoch 83] step 250/250 | train_total_loss=0.0002
[Epoch 83] time_sec=333.4 train_loss=0.0002 val_loss=0.5701 val_dice=0.7598
[Epoch 84] step 1/250 | train_total_loss=0.0001
[Epoch 84] step 50/250 | train_total_loss=0.0002
[Epoch 84] step 100/250 | train_total_loss=0.0003
[Epoch 84] step 150/250 | train_total_loss=0.0002
[Epoch 84] step 200/250 | train_total_loss=0.0002
[Epoch 84] step 250/250 | train_total_loss=0.0002
[Epoch 84] time_sec=339.6 train_loss=0.0002 val_loss=0.5716 val_dice=0.7601
[Epoch 85] step 1/250 | train_total_loss=0.0001
[Epoch 85] step 50/250 | train_total_loss=0.0002
[Epoch 85] step 100/250 | train_total_loss=0.0002
[Epoch 85] step 150/250 | train_total_loss=0.0002
