job started: Tue Mar 17 12:48:34 PM EDT 2026
job id: 2415703
hostname: kn106
pwd before cd: /home/pirie03/projects/aip-medilab/pirie03/NeedleMicroSeg/scripts/slurm
pwd after cd: /home/pirie03/projects/aip-medilab/pirie03/NeedleMicroSeg
activating venv: Tue Mar 17 12:48:34 PM EDT 2026
venv activated: Tue Mar 17 12:48:34 PM EDT 2026
Run dir: runs_2d/full_frame_resize_test_2415703
Device: cuda
GPU: NVIDIA L40S
Train config: /home/pirie03/projects/aip-medilab/pirie03/NeedleMicroSeg/configs/full_frame_resize_test.yaml
Split ID: kfold_cv_fold-0
Extractor: full_frame_resize
Train samples: 1345 | Val samples: 354
[Epoch 1] step 1/250 | train_total_loss=1.9884
[Epoch 1] step 50/250 | train_total_loss=1.7292
[Epoch 1] step 100/250 | train_total_loss=1.5156
[Epoch 1] step 150/250 | train_total_loss=1.3964
[Epoch 1] step 200/250 | train_total_loss=1.3223
[Epoch 1] step 250/250 | train_total_loss=1.2572
[Epoch 1] time_sec=14.7 train_loss=1.4452 val_loss=1.2386 val_dice=0.3588
[Epoch 2] step 1/250 | train_total_loss=1.2659
[Epoch 2] step 50/250 | train_total_loss=1.2083
[Epoch 2] step 100/250 | train_total_loss=1.1587
[Epoch 2] step 150/250 | train_total_loss=1.1146
[Epoch 2] step 200/250 | train_total_loss=1.0702
[Epoch 2] step 250/250 | train_total_loss=1.0350
[Epoch 2] time_sec=11.8 train_loss=1.1176 val_loss=1.0252 val_dice=0.6566
[Epoch 3] step 1/250 | train_total_loss=1.0160
[Epoch 3] step 50/250 | train_total_loss=0.9931
[Epoch 3] step 100/250 | train_total_loss=0.9576
[Epoch 3] step 150/250 | train_total_loss=0.9242
[Epoch 3] step 200/250 | train_total_loss=0.8912
[Epoch 3] step 250/250 | train_total_loss=0.8592
[Epoch 3] time_sec=12.3 train_loss=0.9252 val_loss=0.8619 val_dice=0.6976
[Epoch 4] step 1/250 | train_total_loss=0.8342
[Epoch 4] step 50/250 | train_total_loss=0.8199
[Epoch 4] step 100/250 | train_total_loss=0.7879
[Epoch 4] step 150/250 | train_total_loss=0.7685
[Epoch 4] step 200/250 | train_total_loss=0.7208
[Epoch 4] step 250/250 | train_total_loss=0.6848
[Epoch 4] time_sec=12.1 train_loss=0.7564 val_loss=0.7170 val_dice=0.7125
[Epoch 5] step 1/250 | train_total_loss=0.6618
[Epoch 5] step 50/250 | train_total_loss=0.6530
[Epoch 5] step 100/250 | train_total_loss=0.6227
[Epoch 5] step 150/250 | train_total_loss=0.6029
[Epoch 5] step 200/250 | train_total_loss=0.5620
[Epoch 5] step 250/250 | train_total_loss=0.5338
[Epoch 5] time_sec=11.8 train_loss=0.5949 val_loss=0.5911 val_dice=0.7186
[Epoch 6] step 1/250 | train_total_loss=0.5001
[Epoch 6] step 50/250 | train_total_loss=0.4913
[Epoch 6] step 100/250 | train_total_loss=0.4830
[Epoch 6] step 150/250 | train_total_loss=0.4681
[Epoch 6] step 200/250 | train_total_loss=0.4259
[Epoch 6] step 250/250 | train_total_loss=0.4037
[Epoch 6] time_sec=12.4 train_loss=0.4544 val_loss=0.5001 val_dice=0.7257
[Epoch 7] step 1/250 | train_total_loss=0.4012
[Epoch 7] step 50/250 | train_total_loss=0.3807
[Epoch 7] step 100/250 | train_total_loss=0.3725
[Epoch 7] step 150/250 | train_total_loss=0.3628
[Epoch 7] step 200/250 | train_total_loss=0.3417
[Epoch 7] step 250/250 | train_total_loss=0.3149
[Epoch 7] time_sec=12.1 train_loss=0.3546 val_loss=0.4517 val_dice=0.7230
[Epoch 8] step 1/250 | train_total_loss=0.2829
[Epoch 8] step 50/250 | train_total_loss=0.2999
[Epoch 8] step 100/250 | train_total_loss=0.2873
[Epoch 8] step 150/250 | train_total_loss=0.2878
[Epoch 8] step 200/250 | train_total_loss=0.2587
[Epoch 8] step 250/250 | train_total_loss=0.2546
[Epoch 8] time_sec=12.1 train_loss=0.2776 val_loss=0.4429 val_dice=0.7079
[Epoch 9] step 1/250 | train_total_loss=0.3037
[Epoch 9] step 50/250 | train_total_loss=0.2452
[Epoch 9] step 100/250 | train_total_loss=0.2331
[Epoch 9] step 150/250 | train_total_loss=0.2241
[Epoch 9] step 200/250 | train_total_loss=0.2132
[Epoch 9] step 250/250 | train_total_loss=0.1999
[Epoch 9] time_sec=12.0 train_loss=0.2233 val_loss=0.4252 val_dice=0.7074
[Epoch 10] step 1/250 | train_total_loss=0.1835
[Epoch 10] step 50/250 | train_total_loss=0.1872
[Epoch 10] step 100/250 | train_total_loss=0.1837
[Epoch 10] step 150/250 | train_total_loss=0.1844
[Epoch 10] step 200/250 | train_total_loss=0.1740
[Epoch 10] step 250/250 | train_total_loss=0.1584
[Epoch 10] time_sec=12.5 train_loss=0.1775 val_loss=0.4244 val_dice=0.7014
[Epoch 11] step 1/250 | train_total_loss=0.1514
[Epoch 11] step 50/250 | train_total_loss=0.1485
[Epoch 11] step 100/250 | train_total_loss=0.1462
[Epoch 11] step 150/250 | train_total_loss=0.1438
[Epoch 11] step 200/250 | train_total_loss=0.1361
[Epoch 11] step 250/250 | train_total_loss=0.1281
[Epoch 11] time_sec=12.5 train_loss=0.1406 val_loss=0.4194 val_dice=0.7017
[Epoch 12] step 1/250 | train_total_loss=0.1293
[Epoch 12] step 50/250 | train_total_loss=0.1194
[Epoch 12] step 100/250 | train_total_loss=0.1224
[Epoch 12] step 150/250 | train_total_loss=0.1175
[Epoch 12] step 200/250 | train_total_loss=0.1096
[Epoch 12] step 250/250 | train_total_loss=0.1063
[Epoch 12] time_sec=12.4 train_loss=0.1151 val_loss=0.4124 val_dice=0.7056
[Epoch 13] step 1/250 | train_total_loss=0.0897
[Epoch 13] step 50/250 | train_total_loss=0.0992
[Epoch 13] step 100/250 | train_total_loss=0.0965
[Epoch 13] step 150/250 | train_total_loss=0.1020
[Epoch 13] step 200/250 | train_total_loss=0.0966
[Epoch 13] step 250/250 | train_total_loss=0.0925
[Epoch 13] time_sec=12.6 train_loss=0.0973 val_loss=0.4184 val_dice=0.7031
[Epoch 14] step 1/250 | train_total_loss=0.0728
[Epoch 14] step 50/250 | train_total_loss=0.0903
[Epoch 14] step 100/250 | train_total_loss=0.0872
[Epoch 14] step 150/250 | train_total_loss=0.0848
[Epoch 14] step 200/250 | train_total_loss=0.0840
[Epoch 14] step 250/250 | train_total_loss=0.0802
[Epoch 14] time_sec=12.6 train_loss=0.0852 val_loss=0.4115 val_dice=0.7094
[Epoch 15] step 1/250 | train_total_loss=0.0721
[Epoch 15] step 50/250 | train_total_loss=0.0767
[Epoch 15] step 100/250 | train_total_loss=0.0795
[Epoch 15] step 150/250 | train_total_loss=0.0776
[Epoch 15] step 200/250 | train_total_loss=0.0749
[Epoch 15] step 250/250 | train_total_loss=0.0750
[Epoch 15] time_sec=12.0 train_loss=0.0767 val_loss=0.4152 val_dice=0.7069
[Epoch 16] step 1/250 | train_total_loss=0.0784
[Epoch 16] step 50/250 | train_total_loss=0.0704
[Epoch 16] step 100/250 | train_total_loss=0.0723
[Epoch 16] step 150/250 | train_total_loss=0.0735
[Epoch 16] step 200/250 | train_total_loss=0.0685
[Epoch 16] step 250/250 | train_total_loss=0.0662
[Epoch 16] time_sec=12.4 train_loss=0.0702 val_loss=0.4113 val_dice=0.7123
[Epoch 17] step 1/250 | train_total_loss=0.0585
[Epoch 17] step 50/250 | train_total_loss=0.0638
[Epoch 17] step 100/250 | train_total_loss=0.0629
[Epoch 17] step 150/250 | train_total_loss=0.0619
[Epoch 17] step 200/250 | train_total_loss=0.0607
[Epoch 17] step 250/250 | train_total_loss=0.0586
[Epoch 17] time_sec=12.3 train_loss=0.0616 val_loss=0.4122 val_dice=0.7125
[Epoch 18] step 1/250 | train_total_loss=0.0556
[Epoch 18] step 50/250 | train_total_loss=0.0572
[Epoch 18] step 100/250 | train_total_loss=0.0562
[Epoch 18] step 150/250 | train_total_loss=0.0558
[Epoch 18] step 200/250 | train_total_loss=0.0542
[Epoch 18] step 250/250 | train_total_loss=0.0531
[Epoch 18] time_sec=12.3 train_loss=0.0553 val_loss=0.4149 val_dice=0.7134
[Epoch 19] step 1/250 | train_total_loss=0.0500
[Epoch 19] step 50/250 | train_total_loss=0.0541
[Epoch 19] step 100/250 | train_total_loss=0.0539
[Epoch 19] step 150/250 | train_total_loss=0.0552
[Epoch 19] step 200/250 | train_total_loss=0.0545
[Epoch 19] step 250/250 | train_total_loss=0.0535
[Epoch 19] time_sec=12.0 train_loss=0.0542 val_loss=0.4209 val_dice=0.7101
[Epoch 20] step 1/250 | train_total_loss=0.0480
[Epoch 20] step 50/250 | train_total_loss=0.0520
[Epoch 20] step 100/250 | train_total_loss=0.0513
[Epoch 20] step 150/250 | train_total_loss=0.0544
[Epoch 20] step 200/250 | train_total_loss=0.0498
[Epoch 20] step 250/250 | train_total_loss=0.0473
[Epoch 20] time_sec=12.1 train_loss=0.0509 val_loss=0.4243 val_dice=0.7097
[Epoch 21] step 1/250 | train_total_loss=0.0387
[Epoch 21] step 50/250 | train_total_loss=0.0471
[Epoch 21] step 100/250 | train_total_loss=0.0470
[Epoch 21] step 150/250 | train_total_loss=0.0461
[Epoch 21] step 200/250 | train_total_loss=0.0447
[Epoch 21] step 250/250 | train_total_loss=0.0429
[Epoch 21] time_sec=12.1 train_loss=0.0455 val_loss=0.4262 val_dice=0.7104
[Epoch 22] step 1/250 | train_total_loss=0.0455
[Epoch 22] step 50/250 | train_total_loss=0.0458
[Epoch 22] step 100/250 | train_total_loss=0.0436
[Epoch 22] step 150/250 | train_total_loss=0.0425
[Epoch 22] step 200/250 | train_total_loss=0.0437
[Epoch 22] step 250/250 | train_total_loss=0.0461
[Epoch 22] time_sec=12.7 train_loss=0.0443 val_loss=0.4195 val_dice=0.7147
[Epoch 23] step 1/250 | train_total_loss=0.0400
[Epoch 23] step 50/250 | train_total_loss=0.0438
[Epoch 23] step 100/250 | train_total_loss=0.0430
[Epoch 23] step 150/250 | train_total_loss=0.0426
[Epoch 23] step 200/250 | train_total_loss=0.0429
[Epoch 23] step 250/250 | train_total_loss=0.0412
[Epoch 23] time_sec=12.1 train_loss=0.0427 val_loss=0.4259 val_dice=0.7128
[Epoch 24] step 1/250 | train_total_loss=0.0384
[Epoch 24] step 50/250 | train_total_loss=0.0440
[Epoch 24] step 100/250 | train_total_loss=0.0411
[Epoch 24] step 150/250 | train_total_loss=0.0405
[Epoch 24] step 200/250 | train_total_loss=0.0407
[Epoch 24] step 250/250 | train_total_loss=0.0406
[Epoch 24] time_sec=11.6 train_loss=0.0413 val_loss=0.4258 val_dice=0.7142
[Epoch 25] step 1/250 | train_total_loss=0.0398
[Epoch 25] step 50/250 | train_total_loss=0.0384
[Epoch 25] step 100/250 | train_total_loss=0.0381
[Epoch 25] step 150/250 | train_total_loss=0.0375
[Epoch 25] step 200/250 | train_total_loss=0.0371
[Epoch 25] step 250/250 | train_total_loss=0.0362
[Epoch 25] time_sec=11.5 train_loss=0.0375 val_loss=0.4348 val_dice=0.7102
[Epoch 26] step 1/250 | train_total_loss=0.0297
[Epoch 26] step 50/250 | train_total_loss=0.0355
[Epoch 26] step 100/250 | train_total_loss=0.0357
[Epoch 26] step 150/250 | train_total_loss=0.0361
[Epoch 26] step 200/250 | train_total_loss=0.0361
[Epoch 26] step 250/250 | train_total_loss=0.0353
[Epoch 26] time_sec=11.5 train_loss=0.0357 val_loss=0.4331 val_dice=0.7130
[Epoch 27] step 1/250 | train_total_loss=0.0339
[Epoch 27] step 50/250 | train_total_loss=0.0361
[Epoch 27] step 100/250 | train_total_loss=0.0346
[Epoch 27] step 150/250 | train_total_loss=0.0336
[Epoch 27] step 200/250 | train_total_loss=0.0337
[Epoch 27] step 250/250 | train_total_loss=0.0340
[Epoch 27] time_sec=11.3 train_loss=0.0344 val_loss=0.4385 val_dice=0.7122
[Epoch 28] step 1/250 | train_total_loss=0.0337
[Epoch 28] step 50/250 | train_total_loss=0.0347
[Epoch 28] step 100/250 | train_total_loss=0.0336
[Epoch 28] step 150/250 | train_total_loss=0.0330
[Epoch 28] step 200/250 | train_total_loss=0.0358
[Epoch 28] step 250/250 | train_total_loss=0.0351
[Epoch 28] time_sec=11.9 train_loss=0.0344 val_loss=0.4399 val_dice=0.7121
[Epoch 29] step 1/250 | train_total_loss=0.0309
[Epoch 29] step 50/250 | train_total_loss=0.0324
[Epoch 29] step 100/250 | train_total_loss=0.0314
[Epoch 29] step 150/250 | train_total_loss=0.0311
[Epoch 29] step 200/250 | train_total_loss=0.0315
[Epoch 29] step 250/250 | train_total_loss=0.0314
[Epoch 29] time_sec=11.4 train_loss=0.0315 val_loss=0.4398 val_dice=0.7145
[Epoch 30] step 1/250 | train_total_loss=0.0326
[Epoch 30] step 50/250 | train_total_loss=0.0328
[Epoch 30] step 100/250 | train_total_loss=0.0304
[Epoch 30] step 150/250 | train_total_loss=0.0302
[Epoch 30] step 200/250 | train_total_loss=0.0305
[Epoch 30] step 250/250 | train_total_loss=0.0320
[Epoch 30] time_sec=12.0 train_loss=0.0312 val_loss=0.4433 val_dice=0.7134
[Epoch 31] step 1/250 | train_total_loss=0.0278
[Epoch 31] step 50/250 | train_total_loss=0.0315
[Epoch 31] step 100/250 | train_total_loss=0.0302
[Epoch 31] step 150/250 | train_total_loss=0.0298
[Epoch 31] step 200/250 | train_total_loss=0.0286
[Epoch 31] step 250/250 | train_total_loss=0.0308
[Epoch 31] time_sec=11.7 train_loss=0.0302 val_loss=0.4416 val_dice=0.7151
[Epoch 32] step 1/250 | train_total_loss=0.0295
[Epoch 32] step 50/250 | train_total_loss=0.0306
[Epoch 32] step 100/250 | train_total_loss=0.0321
[Epoch 32] step 150/250 | train_total_loss=0.0309
[Epoch 32] step 200/250 | train_total_loss=0.0290
[Epoch 32] step 250/250 | train_total_loss=0.0293
[Epoch 32] time_sec=11.8 train_loss=0.0304 val_loss=0.4450 val_dice=0.7134
[Epoch 33] step 1/250 | train_total_loss=0.0301
[Epoch 33] step 50/250 | train_total_loss=0.0289
[Epoch 33] step 100/250 | train_total_loss=0.0278
[Epoch 33] step 150/250 | train_total_loss=0.0292
[Epoch 33] step 200/250 | train_total_loss=0.0282
[Epoch 33] step 250/250 | train_total_loss=0.0258
[Epoch 33] time_sec=11.8 train_loss=0.0280 val_loss=0.4472 val_dice=0.7151
[Epoch 34] step 1/250 | train_total_loss=0.0312
[Epoch 34] step 50/250 | train_total_loss=0.0275
[Epoch 34] step 100/250 | train_total_loss=0.0261
[Epoch 34] step 150/250 | train_total_loss=0.0260
[Epoch 34] step 200/250 | train_total_loss=0.0275
[Epoch 34] step 250/250 | train_total_loss=0.0252
[Epoch 34] time_sec=12.1 train_loss=0.0265 val_loss=0.4463 val_dice=0.7173
[Epoch 35] step 1/250 | train_total_loss=0.0219
[Epoch 35] step 50/250 | train_total_loss=0.0267
[Epoch 35] step 100/250 | train_total_loss=0.0252
[Epoch 35] step 150/250 | train_total_loss=0.0248
[Epoch 35] step 200/250 | train_total_loss=0.0253
[Epoch 35] step 250/250 | train_total_loss=0.0262
[Epoch 35] time_sec=12.0 train_loss=0.0256 val_loss=0.4518 val_dice=0.7159
[Epoch 36] step 1/250 | train_total_loss=0.0253
[Epoch 36] step 50/250 | train_total_loss=0.0259
[Epoch 36] step 100/250 | train_total_loss=0.0251
[Epoch 36] step 150/250 | train_total_loss=0.0254
[Epoch 36] step 200/250 | train_total_loss=0.0249
[Epoch 36] step 250/250 | train_total_loss=0.0257
[Epoch 36] time_sec=11.9 train_loss=0.0254 val_loss=0.4557 val_dice=0.7140
[Epoch 37] step 1/250 | train_total_loss=0.0261
[Epoch 37] step 50/250 | train_total_loss=0.0243
[Epoch 37] step 100/250 | train_total_loss=0.0228
[Epoch 37] step 150/250 | train_total_loss=0.0241
[Epoch 37] step 200/250 | train_total_loss=0.0234
[Epoch 37] step 250/250 | train_total_loss=0.0232
[Epoch 37] time_sec=11.8 train_loss=0.0236 val_loss=0.4539 val_dice=0.7167
[Epoch 38] step 1/250 | train_total_loss=0.0228
[Epoch 38] step 50/250 | train_total_loss=0.0233
[Epoch 38] step 100/250 | train_total_loss=0.0227
[Epoch 38] step 150/250 | train_total_loss=0.0232
[Epoch 38] step 200/250 | train_total_loss=0.0239
[Epoch 38] step 250/250 | train_total_loss=0.0234
[Epoch 38] time_sec=11.7 train_loss=0.0233 val_loss=0.4612 val_dice=0.7125
[Epoch 39] step 1/250 | train_total_loss=0.0216
[Epoch 39] step 50/250 | train_total_loss=0.0237
[Epoch 39] step 100/250 | train_total_loss=0.0238
[Epoch 39] step 150/250 | train_total_loss=0.0229
[Epoch 39] step 200/250 | train_total_loss=0.0239
[Epoch 39] step 250/250 | train_total_loss=0.0255
[Epoch 39] time_sec=11.8 train_loss=0.0239 val_loss=0.4642 val_dice=0.7129
[Epoch 40] step 1/250 | train_total_loss=0.0237
[Epoch 40] step 50/250 | train_total_loss=0.0235
[Epoch 40] step 100/250 | train_total_loss=0.0237
[Epoch 40] step 150/250 | train_total_loss=0.0230
[Epoch 40] step 200/250 | train_total_loss=0.0235
[Epoch 40] step 250/250 | train_total_loss=0.0234
[Epoch 40] time_sec=11.7 train_loss=0.0234 val_loss=0.4586 val_dice=0.7166
[Epoch 41] step 1/250 | train_total_loss=0.0326
[Epoch 41] step 50/250 | train_total_loss=0.0224
[Epoch 41] step 100/250 | train_total_loss=0.0226
[Epoch 41] step 150/250 | train_total_loss=0.0204
[Epoch 41] step 200/250 | train_total_loss=0.0206
[Epoch 41] step 250/250 | train_total_loss=0.0203
[Epoch 41] time_sec=11.3 train_loss=0.0213 val_loss=0.4622 val_dice=0.7177
[Epoch 42] step 1/250 | train_total_loss=0.0182
[Epoch 42] step 50/250 | train_total_loss=0.0202
[Epoch 42] step 100/250 | train_total_loss=0.0194
[Epoch 42] step 150/250 | train_total_loss=0.0199
[Epoch 42] step 200/250 | train_total_loss=0.0212
[Epoch 42] step 250/250 | train_total_loss=0.0208
[Epoch 42] time_sec=11.3 train_loss=0.0203 val_loss=0.4704 val_dice=0.7122
[Epoch 43] step 1/250 | train_total_loss=0.0213
[Epoch 43] step 50/250 | train_total_loss=0.0196
[Epoch 43] step 100/250 | train_total_loss=0.0194
[Epoch 43] step 150/250 | train_total_loss=0.0198
[Epoch 43] step 200/250 | train_total_loss=0.0215
[Epoch 43] step 250/250 | train_total_loss=0.0203
[Epoch 43] time_sec=11.6 train_loss=0.0201 val_loss=0.4640 val_dice=0.7175
[Epoch 44] step 1/250 | train_total_loss=0.0191
[Epoch 44] step 50/250 | train_total_loss=0.0195
[Epoch 44] step 100/250 | train_total_loss=0.0203
[Epoch 44] step 150/250 | train_total_loss=0.0194
[Epoch 44] step 200/250 | train_total_loss=0.0202
[Epoch 44] step 250/250 | train_total_loss=0.0198
[Epoch 44] time_sec=11.5 train_loss=0.0198 val_loss=0.4724 val_dice=0.7142
[Epoch 45] step 1/250 | train_total_loss=0.0183
[Epoch 45] step 50/250 | train_total_loss=0.0208
[Epoch 45] step 100/250 | train_total_loss=0.0195
[Epoch 45] step 150/250 | train_total_loss=0.0190
[Epoch 45] step 200/250 | train_total_loss=0.0200
[Epoch 45] step 250/250 | train_total_loss=0.0202
[Epoch 45] time_sec=11.5 train_loss=0.0199 val_loss=0.4746 val_dice=0.7126
[Epoch 46] step 1/250 | train_total_loss=0.0212
[Epoch 46] step 50/250 | train_total_loss=0.0202
[Epoch 46] step 100/250 | train_total_loss=0.0193
[Epoch 46] step 150/250 | train_total_loss=0.0182
[Epoch 46] step 200/250 | train_total_loss=0.0187
[Epoch 46] step 250/250 | train_total_loss=0.0183
[Epoch 46] time_sec=11.4 train_loss=0.0189 val_loss=0.4709 val_dice=0.7159
[Epoch 47] step 1/250 | train_total_loss=0.0190
[Epoch 47] step 50/250 | train_total_loss=0.0181
[Epoch 47] step 100/250 | train_total_loss=0.0170
[Epoch 47] step 150/250 | train_total_loss=0.0180
[Epoch 47] step 200/250 | train_total_loss=0.0173
[Epoch 47] step 250/250 | train_total_loss=0.0178
[Epoch 47] time_sec=11.3 train_loss=0.0176 val_loss=0.4766 val_dice=0.7151
[Epoch 48] step 1/250 | train_total_loss=0.0163
[Epoch 48] step 50/250 | train_total_loss=0.0173
[Epoch 48] step 100/250 | train_total_loss=0.0169
[Epoch 48] step 150/250 | train_total_loss=0.0164
[Epoch 48] step 200/250 | train_total_loss=0.0166
[Epoch 48] step 250/250 | train_total_loss=0.0168
[Epoch 48] time_sec=11.1 train_loss=0.0168 val_loss=0.4793 val_dice=0.7132
[Epoch 49] step 1/250 | train_total_loss=0.0189
[Epoch 49] step 50/250 | train_total_loss=0.0166
[Epoch 49] step 100/250 | train_total_loss=0.0162
[Epoch 49] step 150/250 | train_total_loss=0.0160
[Epoch 49] step 200/250 | train_total_loss=0.0167
[Epoch 49] step 250/250 | train_total_loss=0.0174
[Epoch 49] time_sec=11.3 train_loss=0.0166 val_loss=0.4852 val_dice=0.7088
[Epoch 50] step 1/250 | train_total_loss=0.0178
[Epoch 50] step 50/250 | train_total_loss=0.0181
[Epoch 50] step 100/250 | train_total_loss=0.0163
[Epoch 50] step 150/250 | train_total_loss=0.0170
[Epoch 50] step 200/250 | train_total_loss=0.0172
[Epoch 50] step 250/250 | train_total_loss=0.0176
[Epoch 50] time_sec=11.3 train_loss=0.0172 val_loss=0.4784 val_dice=0.7151
[Epoch 51] step 1/250 | train_total_loss=0.0160
[Epoch 51] step 50/250 | train_total_loss=0.0170
[Epoch 51] step 100/250 | train_total_loss=0.0164
[Epoch 51] step 150/250 | train_total_loss=0.0170
[Epoch 51] step 200/250 | train_total_loss=0.0164
[Epoch 51] step 250/250 | train_total_loss=0.0167
[Epoch 51] time_sec=11.4 train_loss=0.0167 val_loss=0.4856 val_dice=0.7109
[Epoch 52] step 1/250 | train_total_loss=0.0182
[Epoch 52] step 50/250 | train_total_loss=0.0157
[Epoch 52] step 100/250 | train_total_loss=0.0152
[Epoch 52] step 150/250 | train_total_loss=0.0154
[Epoch 52] step 200/250 | train_total_loss=0.0156
[Epoch 52] step 250/250 | train_total_loss=0.0153
[Epoch 52] time_sec=11.5 train_loss=0.0155 val_loss=0.4850 val_dice=0.7124
[Epoch 53] step 1/250 | train_total_loss=0.0149
[Epoch 53] step 50/250 | train_total_loss=0.0150
[Epoch 53] step 100/250 | train_total_loss=0.0141
[Epoch 53] step 150/250 | train_total_loss=0.0147
[Epoch 53] step 200/250 | train_total_loss=0.0147
[Epoch 53] step 250/250 | train_total_loss=0.0145
[Epoch 53] time_sec=11.3 train_loss=0.0146 val_loss=0.4868 val_dice=0.7132
[Epoch 54] step 1/250 | train_total_loss=0.0131
[Epoch 54] step 50/250 | train_total_loss=0.0148
[Epoch 54] step 100/250 | train_total_loss=0.0154
[Epoch 54] step 150/250 | train_total_loss=0.0140
[Epoch 54] step 200/250 | train_total_loss=0.0141
[Epoch 54] step 250/250 | train_total_loss=0.0154
[Epoch 54] time_sec=11.6 train_loss=0.0148 val_loss=0.4876 val_dice=0.7150
[Epoch 55] step 1/250 | train_total_loss=0.0200
[Epoch 55] step 50/250 | train_total_loss=0.0151
[Epoch 55] step 100/250 | train_total_loss=0.0142
[Epoch 55] step 150/250 | train_total_loss=0.0146
[Epoch 55] step 200/250 | train_total_loss=0.0148
[Epoch 55] step 250/250 | train_total_loss=0.0141
[Epoch 55] time_sec=11.9 train_loss=0.0146 val_loss=0.4877 val_dice=0.7142
[Epoch 56] step 1/250 | train_total_loss=0.0136
[Epoch 56] step 50/250 | train_total_loss=0.0137
[Epoch 56] step 100/250 | train_total_loss=0.0146
[Epoch 56] step 150/250 | train_total_loss=0.0133
[Epoch 56] step 200/250 | train_total_loss=0.0141
[Epoch 56] step 250/250 | train_total_loss=0.0138
[Epoch 56] time_sec=11.6 train_loss=0.0139 val_loss=0.4914 val_dice=0.7130
[Epoch 57] step 1/250 | train_total_loss=0.0143
[Epoch 57] step 50/250 | train_total_loss=0.0131
[Epoch 57] step 100/250 | train_total_loss=0.0134
[Epoch 57] step 150/250 | train_total_loss=0.0132
[Epoch 57] step 200/250 | train_total_loss=0.0130
[Epoch 57] step 250/250 | train_total_loss=0.0129
[Epoch 57] time_sec=11.4 train_loss=0.0131 val_loss=0.4925 val_dice=0.7131
[Epoch 58] step 1/250 | train_total_loss=0.0120
[Epoch 58] step 50/250 | train_total_loss=0.0124
[Epoch 58] step 100/250 | train_total_loss=0.0128
[Epoch 58] step 150/250 | train_total_loss=0.0125
[Epoch 58] step 200/250 | train_total_loss=0.0130
[Epoch 58] step 250/250 | train_total_loss=0.0132
[Epoch 58] time_sec=11.6 train_loss=0.0128 val_loss=0.4947 val_dice=0.7122
[Epoch 59] step 1/250 | train_total_loss=0.0164
[Epoch 59] step 50/250 | train_total_loss=0.0137
[Epoch 59] step 100/250 | train_total_loss=0.0136
[Epoch 59] step 150/250 | train_total_loss=0.0125
[Epoch 59] step 200/250 | train_total_loss=0.0132
[Epoch 59] step 250/250 | train_total_loss=0.0132
[Epoch 59] time_sec=11.5 train_loss=0.0132 val_loss=0.4934 val_dice=0.7141
[Epoch 60] step 1/250 | train_total_loss=0.0119
[Epoch 60] step 50/250 | train_total_loss=0.0136
[Epoch 60] step 100/250 | train_total_loss=0.0132
[Epoch 60] step 150/250 | train_total_loss=0.0127
[Epoch 60] step 200/250 | train_total_loss=0.0130
[Epoch 60] step 250/250 | train_total_loss=0.0128
[Epoch 60] time_sec=11.9 train_loss=0.0131 val_loss=0.4967 val_dice=0.7108
[Epoch 61] step 1/250 | train_total_loss=0.0137
[Epoch 61] step 50/250 | train_total_loss=0.0125
[Epoch 61] step 100/250 | train_total_loss=0.0124
[Epoch 61] step 150/250 | train_total_loss=0.0118
[Epoch 61] step 200/250 | train_total_loss=0.0120
[Epoch 61] step 250/250 | train_total_loss=0.0121
[Epoch 61] time_sec=11.6 train_loss=0.0122 val_loss=0.5012 val_dice=0.7097
[Epoch 62] step 1/250 | train_total_loss=0.0135
[Epoch 62] step 50/250 | train_total_loss=0.0118
[Epoch 62] step 100/250 | train_total_loss=0.0120
[Epoch 62] step 150/250 | train_total_loss=0.0110
[Epoch 62] step 200/250 | train_total_loss=0.0113
[Epoch 62] step 250/250 | train_total_loss=0.0110
[Epoch 62] time_sec=11.6 train_loss=0.0114 val_loss=0.5032 val_dice=0.7095
[Epoch 63] step 1/250 | train_total_loss=0.0092
[Epoch 63] step 50/250 | train_total_loss=0.0107
[Epoch 63] step 100/250 | train_total_loss=0.0110
[Epoch 63] step 150/250 | train_total_loss=0.0102
[Epoch 63] step 200/250 | train_total_loss=0.0105
[Epoch 63] step 250/250 | train_total_loss=0.0111
[Epoch 63] time_sec=11.8 train_loss=0.0107 val_loss=0.5020 val_dice=0.7132
[Epoch 64] step 1/250 | train_total_loss=0.0136
[Epoch 64] step 50/250 | train_total_loss=0.0120
[Epoch 64] step 100/250 | train_total_loss=0.0111
[Epoch 64] step 150/250 | train_total_loss=0.0106
[Epoch 64] step 200/250 | train_total_loss=0.0103
[Epoch 64] step 250/250 | train_total_loss=0.0116
[Epoch 64] time_sec=11.4 train_loss=0.0111 val_loss=0.4994 val_dice=0.7127
[Epoch 65] step 1/250 | train_total_loss=0.0095
[Epoch 65] step 50/250 | train_total_loss=0.0104
[Epoch 65] step 100/250 | train_total_loss=0.0102
[Epoch 65] step 150/250 | train_total_loss=0.0101
[Epoch 65] step 200/250 | train_total_loss=0.0105
[Epoch 65] step 250/250 | train_total_loss=0.0103
[Epoch 65] time_sec=11.7 train_loss=0.0103 val_loss=0.5081 val_dice=0.7080
[Epoch 66] step 1/250 | train_total_loss=0.0107
[Epoch 66] step 50/250 | train_total_loss=0.0098
[Epoch 66] step 100/250 | train_total_loss=0.0097
[Epoch 66] step 150/250 | train_total_loss=0.0100
[Epoch 66] step 200/250 | train_total_loss=0.0101
[Epoch 66] step 250/250 | train_total_loss=0.0098
[Epoch 66] time_sec=11.6 train_loss=0.0099 val_loss=0.5071 val_dice=0.7092
[Epoch 67] step 1/250 | train_total_loss=0.0099
[Epoch 67] step 50/250 | train_total_loss=0.0099
[Epoch 67] step 100/250 | train_total_loss=0.0099
[Epoch 67] step 150/250 | train_total_loss=0.0098
[Epoch 67] step 200/250 | train_total_loss=0.0096
[Epoch 67] step 250/250 | train_total_loss=0.0096
[Epoch 67] time_sec=11.5 train_loss=0.0098 val_loss=0.5070 val_dice=0.7101
[Epoch 68] step 1/250 | train_total_loss=0.0127
[Epoch 68] step 50/250 | train_total_loss=0.0099
[Epoch 68] step 100/250 | train_total_loss=0.0096
[Epoch 68] step 150/250 | train_total_loss=0.0091
[Epoch 68] step 200/250 | train_total_loss=0.0092
[Epoch 68] step 250/250 | train_total_loss=0.0096
[Epoch 68] time_sec=11.6 train_loss=0.0095 val_loss=0.5087 val_dice=0.7094
[Epoch 69] step 1/250 | train_total_loss=0.0108
[Epoch 69] step 50/250 | train_total_loss=0.0096
[Epoch 69] step 100/250 | train_total_loss=0.0098
[Epoch 69] step 150/250 | train_total_loss=0.0092
[Epoch 69] step 200/250 | train_total_loss=0.0090
[Epoch 69] step 250/250 | train_total_loss=0.0088
[Epoch 69] time_sec=12.0 train_loss=0.0093 val_loss=0.5081 val_dice=0.7102
[Epoch 70] step 1/250 | train_total_loss=0.0079
[Epoch 70] step 50/250 | train_total_loss=0.0087
[Epoch 70] step 100/250 | train_total_loss=0.0087
[Epoch 70] step 150/250 | train_total_loss=0.0084
[Epoch 70] step 200/250 | train_total_loss=0.0090
[Epoch 70] step 250/250 | train_total_loss=0.0089
[Epoch 70] time_sec=11.5 train_loss=0.0087 val_loss=0.5105 val_dice=0.7092
[Epoch 71] step 1/250 | train_total_loss=0.0119
[Epoch 71] step 50/250 | train_total_loss=0.0089
[Epoch 71] step 100/250 | train_total_loss=0.0089
[Epoch 71] step 150/250 | train_total_loss=0.0084
[Epoch 71] step 200/250 | train_total_loss=0.0083
[Epoch 71] step 250/250 | train_total_loss=0.0087
[Epoch 71] time_sec=11.7 train_loss=0.0086 val_loss=0.5119 val_dice=0.7110
[Epoch 72] step 1/250 | train_total_loss=0.0073
[Epoch 72] step 50/250 | train_total_loss=0.0084
[Epoch 72] step 100/250 | train_total_loss=0.0084
[Epoch 72] step 150/250 | train_total_loss=0.0083
[Epoch 72] step 200/250 | train_total_loss=0.0079
[Epoch 72] step 250/250 | train_total_loss=0.0083
[Epoch 72] time_sec=11.5 train_loss=0.0082 val_loss=0.5108 val_dice=0.7114
[Epoch 73] step 1/250 | train_total_loss=0.0070
[Epoch 73] step 50/250 | train_total_loss=0.0084
[Epoch 73] step 100/250 | train_total_loss=0.0077
[Epoch 73] step 150/250 | train_total_loss=0.0077
[Epoch 73] step 200/250 | train_total_loss=0.0079
[Epoch 73] step 250/250 | train_total_loss=0.0085
[Epoch 73] time_sec=12.1 train_loss=0.0080 val_loss=0.5106 val_dice=0.7096
[Epoch 74] step 1/250 | train_total_loss=0.0071
[Epoch 74] step 50/250 | train_total_loss=0.0086
[Epoch 74] step 100/250 | train_total_loss=0.0084
[Epoch 74] step 150/250 | train_total_loss=0.0082
[Epoch 74] step 200/250 | train_total_loss=0.0082
[Epoch 74] step 250/250 | train_total_loss=0.0083
[Epoch 74] time_sec=11.2 train_loss=0.0084 val_loss=0.5147 val_dice=0.7099
[Epoch 75] step 1/250 | train_total_loss=0.0065
[Epoch 75] step 50/250 | train_total_loss=0.0082
[Epoch 75] step 100/250 | train_total_loss=0.0078
[Epoch 75] step 150/250 | train_total_loss=0.0074
[Epoch 75] step 200/250 | train_total_loss=0.0081
[Epoch 75] step 250/250 | train_total_loss=0.0075
[Epoch 75] time_sec=11.9 train_loss=0.0078 val_loss=0.5151 val_dice=0.7100
[Epoch 76] step 1/250 | train_total_loss=0.0062
[Epoch 76] step 50/250 | train_total_loss=0.0072
[Epoch 76] step 100/250 | train_total_loss=0.0072
[Epoch 76] step 150/250 | train_total_loss=0.0077
[Epoch 76] step 200/250 | train_total_loss=0.0069
[Epoch 76] step 250/250 | train_total_loss=0.0072
[Epoch 76] time_sec=11.6 train_loss=0.0072 val_loss=0.5154 val_dice=0.7101
[Epoch 77] step 1/250 | train_total_loss=0.0070
[Epoch 77] step 50/250 | train_total_loss=0.0074
[Epoch 77] step 100/250 | train_total_loss=0.0072
[Epoch 77] step 150/250 | train_total_loss=0.0068
[Epoch 77] step 200/250 | train_total_loss=0.0072
[Epoch 77] step 250/250 | train_total_loss=0.0068
[Epoch 77] time_sec=11.6 train_loss=0.0071 val_loss=0.5179 val_dice=0.7087
[Epoch 78] step 1/250 | train_total_loss=0.0074
[Epoch 78] step 50/250 | train_total_loss=0.0074
[Epoch 78] step 100/250 | train_total_loss=0.0071
[Epoch 78] step 150/250 | train_total_loss=0.0066
[Epoch 78] step 200/250 | train_total_loss=0.0080
[Epoch 78] step 250/250 | train_total_loss=0.0082
[Epoch 78] time_sec=11.8 train_loss=0.0074 val_loss=0.5207 val_dice=0.7090
[Epoch 79] step 1/250 | train_total_loss=0.0090
[Epoch 79] step 50/250 | train_total_loss=0.0090
[Epoch 79] step 100/250 | train_total_loss=0.0072
[Epoch 79] step 150/250 | train_total_loss=0.0100
[Epoch 79] step 200/250 | train_total_loss=0.0138
[Epoch 79] step 250/250 | train_total_loss=0.0100
[Epoch 79] time_sec=11.4 train_loss=0.0100 val_loss=0.5175 val_dice=0.7098
[Epoch 80] step 1/250 | train_total_loss=0.0079
[Epoch 80] step 50/250 | train_total_loss=0.0086
[Epoch 80] step 100/250 | train_total_loss=0.0084
[Epoch 80] step 150/250 | train_total_loss=0.0081
[Epoch 80] step 200/250 | train_total_loss=0.0069
[Epoch 80] step 250/250 | train_total_loss=0.0061
[Epoch 80] time_sec=11.5 train_loss=0.0076 val_loss=0.5165 val_dice=0.7091
[Epoch 81] step 1/250 | train_total_loss=0.0061
[Epoch 81] step 50/250 | train_total_loss=0.0057
[Epoch 81] step 100/250 | train_total_loss=0.0054
[Epoch 81] step 150/250 | train_total_loss=0.0054
[Epoch 81] step 200/250 | train_total_loss=0.0054
[Epoch 81] step 250/250 | train_total_loss=0.0050
[Epoch 81] time_sec=11.7 train_loss=0.0054 val_loss=0.5208 val_dice=0.7092
[Epoch 82] step 1/250 | train_total_loss=0.0064
[Epoch 82] step 50/250 | train_total_loss=0.0049
[Epoch 82] step 100/250 | train_total_loss=0.0047
[Epoch 82] step 150/250 | train_total_loss=0.0048
[Epoch 82] step 200/250 | train_total_loss=0.0048
[Epoch 82] step 250/250 | train_total_loss=0.0045
[Epoch 82] time_sec=11.8 train_loss=0.0048 val_loss=0.5223 val_dice=0.7086
[Epoch 83] step 1/250 | train_total_loss=0.0034
[Epoch 83] step 50/250 | train_total_loss=0.0046
[Epoch 83] step 100/250 | train_total_loss=0.0045
[Epoch 83] step 150/250 | train_total_loss=0.0045
[Epoch 83] step 200/250 | train_total_loss=0.0044
[Epoch 83] step 250/250 | train_total_loss=0.0047
[Epoch 83] time_sec=11.3 train_loss=0.0045 val_loss=0.5238 val_dice=0.7072
[Epoch 84] step 1/250 | train_total_loss=0.0057
[Epoch 84] step 50/250 | train_total_loss=0.0049
[Epoch 84] step 100/250 | train_total_loss=0.0048
[Epoch 84] step 150/250 | train_total_loss=0.0049
[Epoch 84] step 200/250 | train_total_loss=0.0053
[Epoch 84] step 250/250 | train_total_loss=0.0056
[Epoch 84] time_sec=11.7 train_loss=0.0051 val_loss=0.5244 val_dice=0.7077
[Epoch 85] step 1/250 | train_total_loss=0.0042
[Epoch 85] step 50/250 | train_total_loss=0.0054
[Epoch 85] step 100/250 | train_total_loss=0.0060
[Epoch 85] step 150/250 | train_total_loss=0.0058
[Epoch 85] step 200/250 | train_total_loss=0.0069
[Epoch 85] step 250/250 | train_total_loss=0.0067
[Epoch 85] time_sec=11.5 train_loss=0.0061 val_loss=0.5232 val_dice=0.7092
[Epoch 86] step 1/250 | train_total_loss=0.0120
[Epoch 86] step 50/250 | train_total_loss=0.0074
[Epoch 86] step 100/250 | train_total_loss=0.0062
[Epoch 86] step 150/250 | train_total_loss=0.0066
[Epoch 86] step 200/250 | train_total_loss=0.0069
[Epoch 86] step 250/250 | train_total_loss=0.0069
[Epoch 86] time_sec=11.8 train_loss=0.0068 val_loss=0.5221 val_dice=0.7094
[Epoch 87] step 1/250 | train_total_loss=0.0095
[Epoch 87] step 50/250 | train_total_loss=0.0063
[Epoch 87] step 100/250 | train_total_loss=0.0062
[Epoch 87] step 150/250 | train_total_loss=0.0061
[Epoch 87] step 200/250 | train_total_loss=0.0060
[Epoch 87] step 250/250 | train_total_loss=0.0056
[Epoch 87] time_sec=11.9 train_loss=0.0061 val_loss=0.5253 val_dice=0.7077
[Epoch 88] step 1/250 | train_total_loss=0.0040
[Epoch 88] step 50/250 | train_total_loss=0.0051
[Epoch 88] step 100/250 | train_total_loss=0.0049
[Epoch 88] step 150/250 | train_total_loss=0.0047
[Epoch 88] step 200/250 | train_total_loss=0.0046
[Epoch 88] step 250/250 | train_total_loss=0.0044
[Epoch 88] time_sec=12.0 train_loss=0.0047 val_loss=0.5286 val_dice=0.7081
[Epoch 89] step 1/250 | train_total_loss=0.0034
[Epoch 89] step 50/250 | train_total_loss=0.0041
[Epoch 89] step 100/250 | train_total_loss=0.0040
[Epoch 89] step 150/250 | train_total_loss=0.0041
[Epoch 89] step 200/250 | train_total_loss=0.0040
[Epoch 89] step 250/250 | train_total_loss=0.0041
[Epoch 89] time_sec=11.4 train_loss=0.0041 val_loss=0.5271 val_dice=0.7089
[Epoch 90] step 1/250 | train_total_loss=0.0042
[Epoch 90] step 50/250 | train_total_loss=0.0039
[Epoch 90] step 100/250 | train_total_loss=0.0039
[Epoch 90] step 150/250 | train_total_loss=0.0039
[Epoch 90] step 200/250 | train_total_loss=0.0038
[Epoch 90] step 250/250 | train_total_loss=0.0038
[Epoch 90] time_sec=11.7 train_loss=0.0038 val_loss=0.5246 val_dice=0.7100
[Epoch 91] step 1/250 | train_total_loss=0.0044
[Epoch 91] step 50/250 | train_total_loss=0.0041
[Epoch 91] step 100/250 | train_total_loss=0.0041
[Epoch 91] step 150/250 | train_total_loss=0.0039
[Epoch 91] step 200/250 | train_total_loss=0.0039
[Epoch 91] step 250/250 | train_total_loss=0.0043
[Epoch 91] time_sec=12.0 train_loss=0.0040 val_loss=0.5291 val_dice=0.7083
[Epoch 92] step 1/250 | train_total_loss=0.0053
[Epoch 92] step 50/250 | train_total_loss=0.0048
[Epoch 92] step 100/250 | train_total_loss=0.0047
[Epoch 92] step 150/250 | train_total_loss=0.0047
[Epoch 92] step 200/250 | train_total_loss=0.0048
[Epoch 92] step 250/250 | train_total_loss=0.0050
[Epoch 92] time_sec=11.4 train_loss=0.0048 val_loss=0.5265 val_dice=0.7095
[Epoch 93] step 1/250 | train_total_loss=0.0069
[Epoch 93] step 50/250 | train_total_loss=0.0057
[Epoch 93] step 100/250 | train_total_loss=0.0054
[Epoch 93] step 150/250 | train_total_loss=0.0054
[Epoch 93] step 200/250 | train_total_loss=0.0061
[Epoch 93] step 250/250 | train_total_loss=0.0064
[Epoch 93] time_sec=11.6 train_loss=0.0058 val_loss=0.5301 val_dice=0.7065
[Epoch 94] step 1/250 | train_total_loss=0.0065
[Epoch 94] step 50/250 | train_total_loss=0.0064
[Epoch 94] step 100/250 | train_total_loss=0.0059
[Epoch 94] step 150/250 | train_total_loss=0.0059
[Epoch 94] step 200/250 | train_total_loss=0.0061
[Epoch 94] step 250/250 | train_total_loss=0.0057
[Epoch 94] time_sec=11.5 train_loss=0.0060 val_loss=0.5315 val_dice=0.7055
[Epoch 95] step 1/250 | train_total_loss=0.0043
[Epoch 95] step 50/250 | train_total_loss=0.0054
[Epoch 95] step 100/250 | train_total_loss=0.0047
[Epoch 95] step 150/250 | train_total_loss=0.0049
[Epoch 95] step 200/250 | train_total_loss=0.0046
[Epoch 95] step 250/250 | train_total_loss=0.0043
[Epoch 95] time_sec=11.9 train_loss=0.0048 val_loss=0.5309 val_dice=0.7064
[Epoch 96] step 1/250 | train_total_loss=0.0027
[Epoch 96] step 50/250 | train_total_loss=0.0039
[Epoch 96] step 100/250 | train_total_loss=0.0047
[Epoch 96] step 150/250 | train_total_loss=0.0041
[Epoch 96] step 200/250 | train_total_loss=0.0038
[Epoch 96] step 250/250 | train_total_loss=0.0061
[Epoch 96] time_sec=11.9 train_loss=0.0045 val_loss=0.5330 val_dice=0.7027
[Epoch 97] step 1/250 | train_total_loss=0.0050
[Epoch 97] step 50/250 | train_total_loss=0.0079
[Epoch 97] step 100/250 | train_total_loss=0.0046
[Epoch 97] step 150/250 | train_total_loss=0.0038
[Epoch 97] step 200/250 | train_total_loss=0.0038
[Epoch 97] step 250/250 | train_total_loss=0.0037
[Epoch 97] time_sec=11.4 train_loss=0.0047 val_loss=0.5295 val_dice=0.7083
[Epoch 98] step 1/250 | train_total_loss=0.0046
[Epoch 98] step 50/250 | train_total_loss=0.0034
[Epoch 98] step 100/250 | train_total_loss=0.0034
[Epoch 98] step 150/250 | train_total_loss=0.0033
[Epoch 98] step 200/250 | train_total_loss=0.0033
[Epoch 98] step 250/250 | train_total_loss=0.0030
[Epoch 98] time_sec=11.8 train_loss=0.0033 val_loss=0.5327 val_dice=0.7067
[Epoch 99] step 1/250 | train_total_loss=0.0020
[Epoch 99] step 50/250 | train_total_loss=0.0026
[Epoch 99] step 100/250 | train_total_loss=0.0025
[Epoch 99] step 150/250 | train_total_loss=0.0023
[Epoch 99] step 200/250 | train_total_loss=0.0025
[Epoch 99] step 250/250 | train_total_loss=0.0021
[Epoch 99] time_sec=11.8 train_loss=0.0024 val_loss=0.5330 val_dice=0.7084
[Epoch 100] step 1/250 | train_total_loss=0.0019
[Epoch 100] step 50/250 | train_total_loss=0.0023
[Epoch 100] step 100/250 | train_total_loss=0.0020
[Epoch 100] step 150/250 | train_total_loss=0.0021
[Epoch 100] step 200/250 | train_total_loss=0.0021
[Epoch 100] step 250/250 | train_total_loss=0.0022
[Epoch 100] time_sec=11.5 train_loss=0.0021 val_loss=0.5359 val_dice=0.7066
Loaded best checkpoint for validation panels.
Saved validation panel -> runs_2d/full_frame_resize_test_2415703/val_panels/final_01_idx197.png
Saved validation panel -> runs_2d/full_frame_resize_test_2415703/val_panels/final_02_idx215.png
Saved validation panel -> runs_2d/full_frame_resize_test_2415703/val_panels/final_03_idx20.png
Training completed.
job finished: Tue Mar 17 01:08:56 PM EDT 2026
